INFO:main:Create first AssemblyPathSVA object just for sample selection
INFO:main:Construct factor graph for: COG0016
INFO:main:Construct factor graph for: COG0048
INFO:main:Construct factor graph for: COG0049
INFO:main:Construct factor graph for: COG0051
INFO:main:Construct factor graph for: COG0052
INFO:main:Construct factor graph for: COG0060
INFO:main:Construct factor graph for: COG0072
INFO:main:Construct factor graph for: COG0080
INFO:main:Construct factor graph for: COG0081
INFO:main:Construct factor graph for: COG0087
INFO:main:Construct factor graph for: COG0088
INFO:main:Construct factor graph for: COG0089
INFO:main:Construct factor graph for: COG0090
INFO:main:Construct factor graph for: COG0091
INFO:main:Construct factor graph for: COG0092
INFO:main:Construct factor graph for: COG0093
INFO:main:Construct factor graph for: COG0094
INFO:main:Construct factor graph for: COG0096
INFO:main:Construct factor graph for: COG0097
INFO:main:Construct factor graph for: COG0100
INFO:main:Construct factor graph for: COG0102
INFO:main:Construct factor graph for: COG0103
INFO:main:Construct factor graph for: COG0130
INFO:main:Construct factor graph for: COG0184
INFO:main:Construct factor graph for: COG0185
INFO:main:Construct factor graph for: COG0186
INFO:main:Construct factor graph for: COG0197
INFO:main:Construct factor graph for: COG0200
INFO:main:Construct factor graph for: COG0201
INFO:main:Construct factor graph for: COG0244
INFO:main:Construct factor graph for: COG0256
INFO:main:Construct factor graph for: COG0532
INFO:main:Construct factor graph for: COG0541
INFO:main:Construct factor graph for: COG0552
INFO:main:Using bias type: unitig
INFO:main:Using 156 of 167 non-degenerate unitigs
INFO:main:Read length used 150
INFO:main:Kmer coverage conversion factor 2.027
INFO:main:Total sum of sample coverages: 31.668
INFO:main:Set minimum intensity/cov for strain: 0.020,3.000
INFO:main:Coverage < 100.000 no noise
INFO:main:Applying noise: False
INFO:main:Automatically set precision
INFO:main:Xrange 576.640 > 100.000 used log-scaled precision
INFO:main:Precision type: log
INFO:main:Selecting 6 samples:
INFO:main:Samples selected: [0 2 3 4 5 6]
INFO:main:Create second AssemblyPathSVA object for gene filtering
INFO:main:Construct factor graph for: COG0016
INFO:main:Construct factor graph for: COG0048
INFO:main:Construct factor graph for: COG0049
INFO:main:Construct factor graph for: COG0051
INFO:main:Construct factor graph for: COG0052
INFO:main:Construct factor graph for: COG0060
INFO:main:Construct factor graph for: COG0072
INFO:main:Construct factor graph for: COG0080
INFO:main:Construct factor graph for: COG0081
INFO:main:Construct factor graph for: COG0087
INFO:main:Construct factor graph for: COG0088
INFO:main:Construct factor graph for: COG0089
INFO:main:Construct factor graph for: COG0090
INFO:main:Construct factor graph for: COG0091
INFO:main:Construct factor graph for: COG0092
INFO:main:Construct factor graph for: COG0093
INFO:main:Construct factor graph for: COG0094
INFO:main:Construct factor graph for: COG0096
INFO:main:Construct factor graph for: COG0097
INFO:main:Construct factor graph for: COG0100
INFO:main:Construct factor graph for: COG0102
INFO:main:Construct factor graph for: COG0103
INFO:main:Construct factor graph for: COG0130
INFO:main:Construct factor graph for: COG0184
INFO:main:Construct factor graph for: COG0185
INFO:main:Construct factor graph for: COG0186
INFO:main:Construct factor graph for: COG0197
INFO:main:Construct factor graph for: COG0200
INFO:main:Construct factor graph for: COG0201
INFO:main:Construct factor graph for: COG0244
INFO:main:Construct factor graph for: COG0256
INFO:main:Construct factor graph for: COG0532
INFO:main:Construct factor graph for: COG0541
INFO:main:Construct factor graph for: COG0552
INFO:main:Using bias type: unitig
INFO:main:Using 156 of 167 non-degenerate unitigs
INFO:main:Read length used 150
INFO:main:Kmer coverage conversion factor 2.027
INFO:main:Total sum of sample coverages: 31.384
INFO:main:Set minimum intensity/cov for strain: 0.020,3.000
INFO:main:Coverage < 100.000 no noise
INFO:main:Applying noise: False
INFO:main:Automatically set precision
INFO:main:Xrange 576.640 > 100.000 used log-scaled precision
INFO:main:Precision type: log
INFO:main:Perform NMF VB initialisation
INFO:main:Round: 0 of NMF
INFO:main:Iteration 1. ELBO: -2448.0413878339114. MSE: 5.472527090693154. R^2: -7405.902890532715. Rp: -0.09570600098343224.
INFO:main:Iteration 11. ELBO: 2021.053351898206. MSE: 0.00018285174057319084. R^2: 0.7525155995858286. Rp: 0.8818711997543088.
INFO:main:Iteration 21. ELBO: 2057.342502035773. MSE: 0.0001560631289390558. R^2: 0.7887731898467661. Rp: 0.8989396226956271.
INFO:main:Iteration 31. ELBO: 2085.273935502983. MSE: 0.00014693394164512938. R^2: 0.8011292737244675. Rp: 0.9039563620540554.
INFO:main:Iteration 41. ELBO: 2102.14900625354. MSE: 0.00014242129151723458. R^2: 0.8072370116529121. Rp: 0.9067071489871027.
INFO:main:Iteration 51. ELBO: 2109.4728258626265. MSE: 0.00014055028313949048. R^2: 0.8097693659257474. Rp: 0.9075732917131575.
INFO:main:Iteration 61. ELBO: 2112.24972735381. MSE: 0.0001396171687113616. R^2: 0.8110323085919718. Rp: 0.9076939026079633.
INFO:main:Iteration 71. ELBO: 2113.3448249664875. MSE: 0.00013926641041066157. R^2: 0.8115070495349179. Rp: 0.9075528296190895.
INFO:main:Iteration 81. ELBO: 2113.819094152762. MSE: 0.0001391254534403173. R^2: 0.8116978306080458. Rp: 0.9074085470514419.
INFO:main:Iteration 91. ELBO: 2114.0464259380824. MSE: 0.0001390276805451605. R^2: 0.8118301633179166. Rp: 0.9073286191092184.
INFO:main:Iteration 101. ELBO: 2114.1661947007087. MSE: 0.0001389238489618585. R^2: 0.8119706962822569. Rp: 0.9073121456611835.
INFO:main:Iteration 111. ELBO: 2114.234855749873. MSE: 0.00013880696984856468. R^2: 0.812128888690947. Rp: 0.9073418776263394.
INFO:main:Iteration 121. ELBO: 2114.2772084909425. MSE: 0.00013868234993621583. R^2: 0.8122975580412668. Rp: 0.9074003417407381.
INFO:main:Iteration 131. ELBO: 2114.3049743714255. MSE: 0.00013855711531756665. R^2: 0.8124670593783082. Rp: 0.9074738756311868.
INFO:main:Iteration 141. ELBO: 2114.3240774115825. MSE: 0.00013843699081052686. R^2: 0.8126296443310497. Rp: 0.9075529270201591.
INFO:main:Iteration 151. ELBO: 2114.337707885834. MSE: 0.0001383256799080361. R^2: 0.8127803003317863. Rp: 0.9076313302912448.
INFO:main:Iteration 161. ELBO: 2114.347692927764. MSE: 0.0001382251117312692. R^2: 0.8129164163723002. Rp: 0.9077054292008496.
INFO:main:Iteration 171. ELBO: 2114.3551428355363. MSE: 0.00013813590586597626. R^2: 0.8130371538616796. Rp: 0.9077733095199467.
INFO:main:Iteration 181. ELBO: 2114.3607704398487. MSE: 0.0001380578188568219. R^2: 0.8131428423094904. Rp: 0.9078342022372121.
INFO:main:Iteration 191. ELBO: 2114.3650560300116. MSE: 0.00013799009900670182. R^2: 0.8132344991154392. Rp: 0.9078880492790171.
INFO:main:Iteration 201. ELBO: 2114.3683363702594. MSE: 0.00013793174068323387. R^2: 0.813313485373089. Rp: 0.9079352027082539.
INFO:main:Iteration 211. ELBO: 2114.37085501644. MSE: 0.0001378816528453923. R^2: 0.813381277774066. Rp: 0.9079762253291691.
INFO:main:Iteration 221. ELBO: 2114.3727921780855. MSE: 0.00013783876240053183. R^2: 0.8134393287173959. Rp: 0.9080117643305993.
INFO:main:Iteration 231. ELBO: 2114.3742833491065. MSE: 0.00013780207166807517. R^2: 0.8134889885341103. Rp: 0.9080424753373515.
INFO:main:Iteration 241. ELBO: 2114.3754315094034. MSE: 0.00013777068544998258. R^2: 0.8135314688481701. Rp: 0.9080689799474443.
INFO:main:Iteration 251. ELBO: 2114.3763154745307. MSE: 0.00013774381914431912. R^2: 0.8135678315949924. Rp: 0.9080918446873394.
INFO:main:Iteration 261. ELBO: 2114.376995823737. MSE: 0.00013772079583995885. R^2: 0.8135989929536827. Rp: 0.9081115731037245.
INFO:main:Iteration 271. ELBO: 2114.3775192325147. MSE: 0.0001377010376303176. R^2: 0.8136257351036398. Rp: 0.9081286054983242.
INFO:main:Iteration 281. ELBO: 2114.3779217065858. MSE: 0.00013768405443691288. R^2: 0.813648721351535. Rp: 0.908143322778967.
INFO:main:Iteration 291. ELBO: 2114.378231031867. MSE: 0.0001376694322996199. R^2: 0.8136685119801031. Rp: 0.908156052240396.
INFO:main:Iteration 301. ELBO: 2114.378468648838. MSE: 0.00013765682221391333. R^2: 0.8136855793566043. Rp: 0.9081670739745259.
INFO:main:Iteration 311. ELBO: 2114.378651094817. MSE: 0.0001376459300435567. R^2: 0.8137003215856992. Rp: 0.9081766271794439.
INFO:main:Iteration 321. ELBO: 2114.3787911179816. MSE: 0.0001376365077041831. R^2: 0.8137130744422105. Rp: 0.9081849159915888.
INFO:main:Iteration 331. ELBO: 2114.378898539167. MSE: 0.00013762834562439072. R^2: 0.8137241215748066. Rp: 0.9081921146797864.
INFO:main:Iteration 341. ELBO: 2114.378980918938. MSE: 0.00013762126639217315. R^2: 0.8137337031053694. Rp: 0.9081983721630621.
INFO:main:Iteration 351. ELBO: 2114.379044073924. MSE: 0.00013761511945103097. R^2: 0.8137420228076494. Rp: 0.9082038158809067.
INFO:main:Iteration 361. ELBO: 2114.379092476228. MSE: 0.00013760977669829833. R^2: 0.8137492540648004. Rp: 0.9082085550766513.
INFO:main:Iteration 371. ELBO: 2114.37912956222. MSE: 0.00013760512884388425. R^2: 0.813755544797715. Rp: 0.9082126835665363.
INFO:main:Iteration 381. ELBO: 2114.3791579709687. MSE: 0.00013760108240140867. R^2: 0.8137610215374317. Rp: 0.9082162820676178.
INFO:main:Iteration 391. ELBO: 2114.3791797282506. MSE: 0.00013759755720084093. R^2: 0.8137657927917064. Rp: 0.9082194201525055.
INFO:main:Iteration 401. ELBO: 2114.379196388319. MSE: 0.00013759448432885396. R^2: 0.8137699518326805. Rp: 0.9082221578912116.
INFO:main:Iteration 411. ELBO: 2114.3792091433056. MSE: 0.00013759180441888917. R^2: 0.8137735790112282. Rp: 0.9082245472320163.
INFO:main:Iteration 421. ELBO: 2114.379218907143. MSE: 0.00013758946622722276. R^2: 0.8137767436842074. Rp: 0.9082266331652616.
INFO:main:Iteration 431. ELBO: 2114.379226380352. MSE: 0.00013758742544281753. R^2: 0.8137795058252915. Rp: 0.9082284547066674.
INFO:main:Iteration 441. ELBO: 2114.379232099705. MSE: 0.000137585643688782. R^2: 0.8137819173764628. Rp: 0.9082300457305243.
INFO:main:Iteration 451. ELBO: 2114.379236476387. MSE: 0.00013758408768134849. R^2: 0.8137840233863127. Rp: 0.9082314356777449.
INFO:main:Iteration 461. ELBO: 2114.3792398253013. MSE: 0.00013758272851879767. R^2: 0.8137858629724599. Rp: 0.9082326501593595.
INFO:main:Iteration 471. ELBO: 2114.379242387619. MSE: 0.00013758154107794158. R^2: 0.8137874701383933. Rp: 0.9082337114723456.
INFO:main:Iteration 481. ELBO: 2114.3792443479783. MSE: 0.00013758050350015064. R^2: 0.8137888744691186. Rp: 0.9082346390417351.
INFO:main:Iteration 491. ELBO: 2114.379245847691. MSE: 0.0001375795967522205. R^2: 0.8137901017255128. Rp: 0.9082354498004869.
INFO:main:Iteration 501. ELBO: 2114.379246994956. MSE: 0.0001375788042499879. R^2: 0.8137911743537484. Rp: 0.9082361585166259.
INFO:main:Iteration 511. ELBO: 2114.379247872566. MSE: 0.00013757811153490004. R^2: 0.8137921119230471. Rp: 0.908236778075567.
INFO:main:Iteration 521. ELBO: 2114.379248543867. MSE: 0.00013757750599546412. R^2: 0.8137929315026899. Rp: 0.9082373197242111.
INFO:main:Iteration 531. ELBO: 2114.3792490573487. MSE: 0.00013757697662667397. R^2: 0.8137936479876259. Rp: 0.9082377932823257.
INFO:main:Iteration 541. ELBO: 2114.3792494500944. MSE: 0.00013757651382209402. R^2: 0.8137942743798802. Rp: 0.908238207325885.
INFO:main:Iteration 551. ELBO: 2114.379249750505. MSE: 0.0001375761091935539. R^2: 0.8137948220325922. Rp: 0.9082385693462418.
INFO:main:Iteration 561. ELBO: 2114.3792499802535. MSE: 0.00013757575541491782. R^2: 0.8137953008614695. Rp: 0.9082388858885245.
INFO:main:Iteration 571. ELBO: 2114.3792501559774. MSE: 0.0001375754460862343. R^2: 0.8137957195286559. Rp: 0.9082391626720308.
INFO:main:Iteration 581. ELBO: 2114.3792502903707. MSE: 0.0001375751756156684. R^2: 0.8137960856025342. Rp: 0.9082394046950792.
INFO:main:Iteration 591. ELBO: 2114.379250393152. MSE: 0.00013757493911679692. R^2: 0.8137964056967331. Rp: 0.90823961632637.
INFO:main:Iteration 601. ELBO: 2114.3792504717626. MSE: 0.00013757473231902883. R^2: 0.8137966855913706. Rp: 0.9082398013846347.
INFO:main:Iteration 611. ELBO: 2114.379250531887. MSE: 0.00013757455148966362. R^2: 0.813796930338546. Rp: 0.908239963208128.
INFO:main:Iteration 621. ELBO: 2114.379250577872. MSE: 0.00013757439336583267. R^2: 0.8137971443544552. Rp: 0.9082401047152588.
INFO:main:Iteration 631. ELBO: 2114.379250613027. MSE: 0.00013757425509516874. R^2: 0.8137973314996924. Rp: 0.9082402284575293.
INFO:main:Iteration 641. ELBO: 2114.3792506399177. MSE: 0.00013757413418404366. R^2: 0.8137974951493092. Rp: 0.9082403366657583.
INFO:main:Iteration 651. ELBO: 2114.379250660489. MSE: 0.00013757402845227318. R^2: 0.8137976382541205. Rp: 0.9082404312904504.
INFO:main:Iteration 661. ELBO: 2114.379250676205. MSE: 0.00013757393599372368. R^2: 0.8137977633940213. Rp: 0.9082405140370774.
INFO:main:Iteration 671. ELBO: 2114.3792506882382. MSE: 0.00013757385514174828. R^2: 0.8137978728247688. Rp: 0.9082405863968883.
INFO:main:Iteration 681. ELBO: 2114.3792506974305. MSE: 0.00013757378443906846. R^2: 0.8137979685187462. Rp: 0.9082406496738473.
INFO:main:Iteration 691. ELBO: 2114.3792507044677. MSE: 0.00013757372261147643. R^2: 0.8137980522005559. Rp: 0.9082407050081741.
INFO:main:Iteration 701. ELBO: 2114.379250709854. MSE: 0.00013757366854477297. R^2: 0.8137981253782333. Rp: 0.9082407533969165.
INFO:main:Iteration 711. ELBO: 2114.379250713963. MSE: 0.00013757362126467655. R^2: 0.8137981893704396. Rp: 0.9082407957119385.
INFO:main:Iteration 721. ELBO: 2114.3792507171142. MSE: 0.00013757357991924117. R^2: 0.8137982453302585. Rp: 0.9082408327156474.
INFO:main:Iteration 731. ELBO: 2114.3792507195135. MSE: 0.00013757354376349695. R^2: 0.8137982942659845. Rp: 0.9082408650747344.
INFO:main:Iteration 741. ELBO: 2114.3792507213448. MSE: 0.00013757351214600626. R^2: 0.8137983370593191. Rp: 0.9082408933722004.
INFO:main:Iteration 751. ELBO: 2114.3792507227563. MSE: 0.00013757348449709378. R^2: 0.8137983744813011. Rp: 0.9082409181178589.
INFO:main:Iteration 761. ELBO: 2114.3792507238254. MSE: 0.00013757346031861975. R^2: 0.8137984072061476. Rp: 0.9082409397575302.
INFO:main:Iteration 771. ELBO: 2114.3792507246603. MSE: 0.00013757343917496697. R^2: 0.8137984358234537. Rp: 0.9082409586810724.
INFO:main:Iteration 781. ELBO: 2114.3792507252883. MSE: 0.00013757342068520875. R^2: 0.8137984608487923. Rp: 0.9082409752294051.
INFO:main:Iteration 791. ELBO: 2114.3792507257667. MSE: 0.00013757340451621923. R^2: 0.8137984827330395. Rp: 0.9082409897006589.
INFO:main:Iteration 801. ELBO: 2114.3792507261423. MSE: 0.00013757339037671277. R^2: 0.8137985018704414. Rp: 0.9082410023555421.
INFO:main:Iteration 811. ELBO: 2114.3792507264125. MSE: 0.0001375733780119507. R^2: 0.8137985186057798. Rp: 0.9082410134220378.
INFO:main:Iteration 821. ELBO: 2114.3792507266344. MSE: 0.00013757336719915551. R^2: 0.8137985332405769. Rp: 0.9082410230995123.
INFO:main:Iteration 831. ELBO: 2114.3792507268004. MSE: 0.0001375733577435565. R^2: 0.8137985460384494. Rp: 0.9082410315623137.
INFO:main:Iteration 841. ELBO: 2114.3792507269304. MSE: 0.00013757334947477146. R^2: 0.8137985572300044. Rp: 0.9082410389628992.
INFO:main:Iteration 851. ELBO: 2114.3792507270264. MSE: 0.00013757334224386364. R^2: 0.8137985670168233. Rp: 0.9082410454345967.
INFO:main:Iteration 861. ELBO: 2114.3792507270896. MSE: 0.00013757333592054826. R^2: 0.8137985755752429. Rp: 0.9082410510939921.
INFO:main:Iteration 871. ELBO: 2114.3792507271546. MSE: 0.00013757333039090609. R^2: 0.8137985830594494. Rp: 0.9082410560430456.
INFO:main:Iteration 881. ELBO: 2114.3792507271974. MSE: 0.00013757332555531967. R^2: 0.813798589604272. Rp: 0.9082410603709146.
INFO:main:Iteration 891. ELBO: 2114.379250727224. MSE: 0.00013757332132668322. R^2: 0.8137985953276058. Rp: 0.9082410641555676.
INFO:main:Iteration 901. ELBO: 2114.379250727254. MSE: 0.00013757331762881427. R^2: 0.8137986003325617. Rp: 0.9082410674651886.
INFO:main:Iteration 911. ELBO: 2114.3792507272747. MSE: 0.00013757331439507548. R^2: 0.8137986047093311. Rp: 0.9082410703593992.
INFO:main:Iteration 921. ELBO: 2114.379250727285. MSE: 0.00013757331156722294. R^2: 0.8137986085367455. Rp: 0.9082410728903391.
INFO:main:Iteration 931. ELBO: 2114.3792507272924. MSE: 0.00013757330909431453. R^2: 0.8137986118837536. Rp: 0.9082410751036071.
INFO:main:Iteration 941. ELBO: 2114.3792507273. MSE: 0.00013757330693179586. R^2: 0.8137986148106584. Rp: 0.908241077039074.
INFO:main:Iteration 951. ELBO: 2114.379250727318. MSE: 0.00013757330504070048. R^2: 0.8137986173701998. Rp: 0.9082410787316088.
INFO:main:Iteration 961. ELBO: 2114.3792507273142. MSE: 0.0001375733033869807. R^2: 0.8137986196084603. Rp: 0.9082410802117055.
INFO:main:Iteration 971. ELBO: 2114.3792507273265. MSE: 0.00013757330194081894. R^2: 0.8137986215657974. Rp: 0.9082410815060237.
INFO:main:Iteration 981. ELBO: 2114.379250727323. MSE: 0.00013757330067617926. R^2: 0.8137986232774497. Rp: 0.9082410826378858.
INFO:main:Iteration 991. ELBO: 2114.37925072732. MSE: 0.0001375732995702669. R^2: 0.8137986247742692. Rp: 0.9082410836276806.
INFO:main:Graph normalise NMF
INFO:main:Performing 200 iterations of graph normalisation: 
INFO:main:Iter, dF, F
INFO:main:0, -17.589696, 1.236737
INFO:main:Performing 200 iterations of graph normalisation: 
INFO:main:Iter, dF, F
INFO:main:0, -6.453961, 0.185503
INFO:main:Performing 200 iterations of graph normalisation: 
INFO:main:Iter, dF, F
INFO:main:0, -4.019851, 0.048473
INFO:main:10, -0.674726, 0.006327
INFO:main:Performing 200 iterations of graph normalisation: 
INFO:main:Iter, dF, F
INFO:main:0, -4.019851, 0.048473
INFO:main:10, -0.674726, 0.006327
INFO:main:Performing 200 iterations of graph normalisation: 
INFO:main:Iter, dF, F
INFO:main:0, -4.019851, 0.048473
INFO:main:10, -0.674726, 0.006327
INFO:main:Performing 200 iterations of graph normalisation: 
INFO:main:Iter, dF, F
INFO:main:0, -4.019851, 0.048473
INFO:main:10, -0.674726, 0.006327
INFO:main:Performing 200 iterations of graph normalisation: 
INFO:main:Iter, dF, F
INFO:main:0, -4.019851, 0.048473
INFO:main:10, -0.674726, 0.006327
INFO:main:Performing 200 iterations of graph normalisation: 
INFO:main:Iter, dF, F
INFO:main:0, -4.019851, 0.048473
INFO:main:10, -0.674726, 0.006327
INFO:main:Error round 0 of NMF: 0.001187
INFO:main:0,0.0011867439382806971
INFO:main:Best error: 0.001187
INFO:main:Run 250 iter SVI
INFO:main:Iter, G, Div, DivF, total_elbo, diffElbo
INFO:main:0, 8, 7.173862, 0.000414, 876.548542, 1.000000
INFO:main:10, 8, 4.979375, 0.000200, 1090.556459, 40.885715
INFO:main:20, 8, 4.763589, 0.000197, 968.234469, 36.904246
INFO:main:30, 8, 4.718380, 0.000197, 420.341714, 64.449383
INFO:main:40, 8, 4.698818, 0.000197, -267.952319, 70.579573
INFO:main:New strain number 6
INFO:main:50, 6, 4.690006, 0.000197, -2213.191402, 1315.151412
INFO:main:New strain number 4
INFO:main:60, 4, 4.693881, 0.000197, -2709.958169, 275.263908
INFO:main:New strain number 2
INFO:main:70, 2, 4.720807, 0.000197, -2691.194946, 61.074465
INFO:main:80, 2, 4.719735, 0.000197, -2691.222052, 0.001606
INFO:main:Run 250 iter SVI with relaxed path
INFO:main:Iter, G, Div, DivF, total_elbo, diffElbo
INFO:main:0, 2, 4.719398, 0.000197, -2691.198351, 0.030931
INFO:main:10, 2, 4.719044, 0.000197, -2691.193929, 0.000249
INFO:main:20, 2, 4.718956, 0.000197, -2691.195844, 0.000143
INFO:main:30, 2, 4.718912, 0.000197, -2691.196813, 0.000063
INFO:main:40, 2, 4.718888, 0.000197, -2691.197350, 0.000051
INFO:main:50, 2, 4.718874, 0.000197, -2691.197631, 0.000023
INFO:main:Write output prior uncertainty filter to /mnt/gpfs/seb/Project/Tuto/EBI/strain_11_21/Results/bayespaths/Bin_1/Bin_1_PreUFilter
INFO:main:Run 250 iter SVI with uncertainty filtering
INFO:main:Iter, G, Div, DivF, total_elbo, diffElbo
INFO:main:0, 2, 4.718847, 0.000197, -2691.228262, 0.030628
INFO:main:10, 2, 4.718916, 0.000197, -2691.238108, 0.000186
INFO:main:20, 2, 4.718858, 0.000197, -2691.239300, 0.000067
INFO:main:30, 2, 4.718823, 0.000197, -2691.239842, 0.000040
INFO:main:40, 2, 4.718803, 0.000197, -2691.240080, 0.000016
INFO:main:50, 2, 4.718792, 0.000197, -2691.240204, 0.000016
INFO:main:Iter, G, Div, DivF, total_elbo, diffElbo
INFO:main:0, 2, 4.718815, 0.000197, -2691.211590, 0.028617
INFO:main:10, 2, 4.718732, 0.000197, -2691.201219, 0.000236
INFO:main:20, 2, 4.718779, 0.000197, -2691.199703, 0.000101
INFO:main:30, 2, 4.718810, 0.000197, -2691.198946, 0.000047
INFO:main:40, 2, 4.718828, 0.000197, -2691.198538, 0.000024
INFO:main:50, 2, 4.718838, 0.000197, -2691.198300, 0.000021
INFO:main:Write output after uncertainty filter to /mnt/gpfs/seb/Project/Tuto/EBI/strain_11_21/Results/bayespaths/Bin_1/Bin_1_PostUFilter
INFO:main:Write final output to bayespaths/Bin_1/Bin_1 ...
INFO:main:BayesPaths finished resolving 2 strains
