INFO:main:Create first AssemblyPathSVA object just for sample selection
INFO:main:Construct factor graph for: COG0016
INFO:main:Construct factor graph for: COG0048
INFO:main:Construct factor graph for: COG0049
INFO:main:Construct factor graph for: COG0051
INFO:main:Construct factor graph for: COG0052
INFO:main:Construct factor graph for: COG0060
INFO:main:Construct factor graph for: COG0072
INFO:main:Construct factor graph for: COG0080
INFO:main:Construct factor graph for: COG0081
INFO:main:Construct factor graph for: COG0087
INFO:main:Construct factor graph for: COG0088
INFO:main:Construct factor graph for: COG0089
INFO:main:Construct factor graph for: COG0090
INFO:main:Construct factor graph for: COG0091
INFO:main:Construct factor graph for: COG0092
INFO:main:Construct factor graph for: COG0093
INFO:main:Construct factor graph for: COG0094
INFO:main:Construct factor graph for: COG0096
INFO:main:Construct factor graph for: COG0097
INFO:main:Construct factor graph for: COG0100
INFO:main:Construct factor graph for: COG0102
INFO:main:Construct factor graph for: COG0103
INFO:main:Construct factor graph for: COG0130
INFO:main:Construct factor graph for: COG0184
INFO:main:Construct factor graph for: COG0185
INFO:main:Construct factor graph for: COG0186
INFO:main:Construct factor graph for: COG0197
INFO:main:Construct factor graph for: COG0198
INFO:main:Construct factor graph for: COG0200
INFO:main:Construct factor graph for: COG0201
INFO:main:Construct factor graph for: COG0244
INFO:main:Construct factor graph for: COG0256
INFO:main:Construct factor graph for: COG0504
INFO:main:Construct factor graph for: COG0532
INFO:main:Construct factor graph for: COG0541
INFO:main:Construct factor graph for: COG0552
INFO:main:Using bias type: unitig
INFO:main:Using 456 of 465 non-degenerate unitigs
INFO:main:Read length used 150
INFO:main:Kmer coverage conversion factor 2.027
INFO:main:Total sum of sample coverages: 231.901
INFO:main:Set minimum intensity/cov for strain: 0.031,4.638
INFO:main:Applying noise: True
INFO:main:Automatically set precision
INFO:main:Xrange 592.523 > 100.000 used log-scaled precision
INFO:main:Precision type: log
INFO:main:Selecting 10 samples:
INFO:main:Samples selected: [0 1 2 3 4 5 6 7 8 9]
INFO:main:Create second AssemblyPathSVA object for gene filtering
INFO:main:Construct factor graph for: COG0016
INFO:main:Construct factor graph for: COG0048
INFO:main:Construct factor graph for: COG0049
INFO:main:Construct factor graph for: COG0051
INFO:main:Construct factor graph for: COG0052
INFO:main:Construct factor graph for: COG0060
INFO:main:Construct factor graph for: COG0072
INFO:main:Construct factor graph for: COG0080
INFO:main:Construct factor graph for: COG0081
INFO:main:Construct factor graph for: COG0087
INFO:main:Construct factor graph for: COG0088
INFO:main:Construct factor graph for: COG0089
INFO:main:Construct factor graph for: COG0090
INFO:main:Construct factor graph for: COG0091
INFO:main:Construct factor graph for: COG0092
INFO:main:Construct factor graph for: COG0093
INFO:main:Construct factor graph for: COG0096
INFO:main:Construct factor graph for: COG0097
INFO:main:Construct factor graph for: COG0100
INFO:main:Construct factor graph for: COG0102
INFO:main:Construct factor graph for: COG0103
INFO:main:Construct factor graph for: COG0130
INFO:main:Construct factor graph for: COG0184
INFO:main:Construct factor graph for: COG0185
INFO:main:Construct factor graph for: COG0186
INFO:main:Construct factor graph for: COG0197
INFO:main:Construct factor graph for: COG0198
INFO:main:Construct factor graph for: COG0200
INFO:main:Construct factor graph for: COG0201
INFO:main:Construct factor graph for: COG0244
INFO:main:Construct factor graph for: COG0256
INFO:main:Construct factor graph for: COG0532
INFO:main:Construct factor graph for: COG0541
INFO:main:Construct factor graph for: COG0552
INFO:main:Using bias type: unitig
INFO:main:Using 406 of 415 non-degenerate unitigs
INFO:main:Read length used 150
INFO:main:Kmer coverage conversion factor 2.027
INFO:main:Total sum of sample coverages: 237.802
INFO:main:Set minimum intensity/cov for strain: 0.032,4.756
INFO:main:Applying noise: True
INFO:main:Automatically set precision
INFO:main:Xrange 592.523 > 100.000 used log-scaled precision
INFO:main:Precision type: log
INFO:main:Perform NMF VB initialisation
INFO:main:Round: 0 of NMF
INFO:main:Iteration 1. ELBO: -8343.156487918617. MSE: 1.8226056001165736. R^2: -244.99957048743997. Rp: -0.0012711137239109294.
INFO:main:Iteration 11. ELBO: 6258.417188536182. MSE: 0.0009608528234475433. R^2: 0.870312380333616. Rp: 0.9348688584159583.
INFO:main:Iteration 21. ELBO: 6665.877328426082. MSE: 0.0006978718603738246. R^2: 0.9058072805788311. Rp: 0.9530480576309002.
INFO:main:Iteration 31. ELBO: 6814.4283076985685. MSE: 0.0006999367549157631. R^2: 0.9055285789385057. Rp: 0.9526163462973001.
INFO:main:Iteration 41. ELBO: 6915.50893267402. MSE: 0.0007367191009872599. R^2: 0.9005640153848056. Rp: 0.9497906375313963.
INFO:main:Iteration 51. ELBO: 7013.061241332231. MSE: 0.0007708113618289592. R^2: 0.895962536313597. Rp: 0.9472384137668578.
INFO:main:Iteration 61. ELBO: 7042.167519642238. MSE: 0.0007858539226668263. R^2: 0.8939322213047384. Rp: 0.9461286136928617.
INFO:main:Iteration 71. ELBO: 7053.446256338742. MSE: 0.0007858689914562306. R^2: 0.893930187449624. Rp: 0.9460901582766552.
INFO:main:Iteration 81. ELBO: 7061.023800766074. MSE: 0.0007875241201826338. R^2: 0.8937067924618272. Rp: 0.945937809691692.
INFO:main:Iteration 91. ELBO: 7066.489628276611. MSE: 0.0007907655686465519. R^2: 0.8932692897295684. Rp: 0.9456778393336813.
INFO:main:Iteration 101. ELBO: 7070.506269575823. MSE: 0.0007954786474537351. R^2: 0.8926331590372418. Rp: 0.9453151519646044.
INFO:main:Iteration 111. ELBO: 7073.802268805961. MSE: 0.0008033537752844225. R^2: 0.8915702422637178. Rp: 0.9447219981952043.
INFO:main:Iteration 121. ELBO: 7078.511572258567. MSE: 0.0008187539368568242. R^2: 0.8894916613946555. Rp: 0.9435699518225175.
INFO:main:Iteration 131. ELBO: 7084.522717015732. MSE: 0.0008242613495289423. R^2: 0.8887483183742284. Rp: 0.9431520137924294.
INFO:main:Iteration 141. ELBO: 7086.495156465331. MSE: 0.0008226872380388304. R^2: 0.8889607783548419. Rp: 0.943255476440897.
INFO:main:Iteration 151. ELBO: 7087.581408628006. MSE: 0.0008221755630828813. R^2: 0.8890298398234254. Rp: 0.9432843420042508.
INFO:main:Iteration 161. ELBO: 7088.238070068213. MSE: 0.0008221275005196238. R^2: 0.8890363268933199. Rp: 0.9432814512302997.
INFO:main:Iteration 171. ELBO: 7088.664021069777. MSE: 0.000822237951328226. R^2: 0.8890214191966276. Rp: 0.9432684395384849.
INFO:main:Iteration 181. ELBO: 7088.959099726182. MSE: 0.0008223799761904589. R^2: 0.8890022499067354. Rp: 0.943254168064813.
INFO:main:Iteration 191. ELBO: 7089.177353342451. MSE: 0.0008225065525259094. R^2: 0.8889851657256308. Rp: 0.9432417845222353.
INFO:main:Iteration 201. ELBO: 7089.348845519824. MSE: 0.0008226040288130459. R^2: 0.888972009217845. Rp: 0.9432320865030277.
INFO:main:Iteration 211. ELBO: 7089.490697137746. MSE: 0.0008226719287279478. R^2: 0.8889628446734691. Rp: 0.9432249683026771.
INFO:main:Iteration 221. ELBO: 7089.612898496698. MSE: 0.0008227143935996469. R^2: 0.8889571131316599. Rp: 0.9432200270762522.
INFO:main:Iteration 231. ELBO: 7089.72144378713. MSE: 0.0008227366270135617. R^2: 0.8889541122573769. Rp: 0.9432168100936319.
INFO:main:Iteration 241. ELBO: 7089.817224358139. MSE: 0.0008227462798039086. R^2: 0.8889528094070623. Rp: 0.9432147880623549.
INFO:main:Iteration 251. ELBO: 7089.889403704595. MSE: 0.0008227488757045733. R^2: 0.8889524590347995. Rp: 0.9432137578008524.
INFO:main:Iteration 261. ELBO: 7089.956624451004. MSE: 0.0008227483761607636. R^2: 0.8889525264589107. Rp: 0.9432130560626172.
INFO:main:Iteration 271. ELBO: 7090.022569020202. MSE: 0.0008227430286215377. R^2: 0.8889532482235933. Rp: 0.9432127499737037.
INFO:main:Iteration 281. ELBO: -inf. MSE: 0.0008227332494543062. R^2: 0.8889545681311688. Rp: 0.9432128023388154.
INFO:main:Iteration 291. ELBO: -inf. MSE: 0.0008227199947538687. R^2: 0.8889563571362143. Rp: 0.9432131385975376.
INFO:main:Iteration 301. ELBO: -inf. MSE: 0.0008227041951912106. R^2: 0.8889584896247942. Rp: 0.9432136871137958.
INFO:main:Iteration 311. ELBO: -inf. MSE: 0.0008226866228736323. R^2: 0.88896086138453. Rp: 0.9432143886274451.
INFO:main:Iteration 321. ELBO: -inf. MSE: 0.0008226678756681228. R^2: 0.8889633917204968. Rp: 0.9432151971925089.
INFO:main:Iteration 331. ELBO: -inf. MSE: 0.000822648400782243. R^2: 0.8889660202724783. Rp: 0.9432160783048703.
INFO:main:Iteration 341. ELBO: -inf. MSE: 0.0008226285261026572. R^2: 0.888968702785163. Rp: 0.9432170065040765.
INFO:main:Iteration 351. ELBO: -inf. MSE: 0.0008226084887288089. R^2: 0.888971407256915. Rp: 0.9432179632093409.
INFO:main:Iteration 361. ELBO: -inf. MSE: 0.0008225884580815903. R^2: 0.8889741108207645. Rp: 0.9432189349730493.
INFO:main:Iteration 371. ELBO: -inf. MSE: 0.0008225685537003669. R^2: 0.8889767973423199. Rp: 0.943219912137685.
INFO:main:Iteration 381. ELBO: -inf. MSE: 0.0008225488586166713. R^2: 0.8889794556147018. Rp: 0.943220887827086.
INFO:main:Iteration 391. ELBO: -inf. MSE: 0.0008225294292753128. R^2: 0.888982078019477. Rp: 0.943221857198084.
INFO:main:Iteration 401. ELBO: -inf. MSE: 0.0008225103028418984. R^2: 0.8889846595403527. Rp: 0.9432228168890285.
INFO:main:Iteration 411. ELBO: -inf. MSE: 0.0008224915025626767. R^2: 0.8889871970397509. Rp: 0.9432237646149491.
INFO:main:Iteration 421. ELBO: -inf. MSE: 0.0008224730416851091. R^2: 0.8889896887296438. Rp: 0.9432246988710562.
INFO:main:Iteration 431. ELBO: -inf. MSE: 0.0008224549263198949. R^2: 0.8889921337852618. Rp: 0.9432256187159225.
INFO:main:Iteration 441. ELBO: -inf. MSE: 0.000822437157526538. R^2: 0.8889945320636022. Rp: 0.9432265236131205.
INFO:main:Iteration 451. ELBO: -inf. MSE: 0.0008224197328303805. R^2: 0.888996883898673. Rp: 0.9432274133156852.
INFO:main:Iteration 461. ELBO: -inf. MSE: 0.0008224026473237572. R^2: 0.8889991899528685. Rp: 0.9432282877819147.
INFO:main:Iteration 471. ELBO: -inf. MSE: 0.0008223858944632464. R^2: 0.8890014511093632. Rp: 0.9432291471141012.
INFO:main:Iteration 481. ELBO: -inf. MSE: 0.0008223694666449853. R^2: 0.8890036683944611. Rp: 0.9432299915140141.
INFO:main:Iteration 491. ELBO: -inf. MSE: 0.0008223533556180389. R^2: 0.8890058429218018. Rp: 0.9432308212506408.
INFO:main:Iteration 501. ELBO: -inf. MSE: 0.0008223375527797383. R^2: 0.8890079758524996. Rp: 0.9432316366368663.
INFO:main:Iteration 511. ELBO: -inf. MSE: 0.0008223220493850499. R^2: 0.8890100683668836. Rp: 0.943232438012688.
INFO:main:Iteration 521. ELBO: -inf. MSE: 0.0008223068366934646. R^2: 0.889012121644672. Rp: 0.9432332257331949.
INFO:main:Iteration 531. ELBO: -inf. MSE: 0.0008222919060705379. R^2: 0.889014136851268. Rp: 0.9432340001600165.
INFO:main:Iteration 541. ELBO: -inf. MSE: 0.0008222772490566105. R^2: 0.889016115128483. Rp: 0.9432347616553017.
INFO:main:Iteration 551. ELBO: -inf. MSE: 0.0008222628574118527. R^2: 0.8890180575884583. Rp: 0.9432355105775326.
INFO:main:Iteration 561. ELBO: -inf. MSE: 0.0008222487231442961. R^2: 0.8890199653098808. Rp: 0.9432362472786694.
INFO:main:Iteration 571. ELBO: -inf. MSE: 0.0008222348385257302. R^2: 0.8890218393358376. Rp: 0.943236972102258.
INFO:main:Iteration 581. ELBO: -inf. MSE: 0.0008222211960989863. R^2: 0.889023680672833. Rp: 0.9432376853822327.
INFO:main:Iteration 591. ELBO: -inf. MSE: 0.0008222077886792037. R^2: 0.8890254902906173. Rp: 0.9432383874422103.
INFO:main:Iteration 601. ELBO: -inf. MSE: 0.0008221946093509088. R^2: 0.8890272691225817. Rp: 0.9432390785951426.
INFO:main:Iteration 611. ELBO: -inf. MSE: 0.0008221816514622992. R^2: 0.8890290180665288. Rp: 0.9432397591432149.
INFO:main:Iteration 621. ELBO: -inf. MSE: 0.0008221689086176707. R^2: 0.8890307379856958. Rp: 0.9432404293779182.
INFO:main:Iteration 631. ELBO: -inf. MSE: 0.000822156374668697. R^2: 0.8890324297099305. Rp: 0.9432410895802414.
INFO:main:Iteration 641. ELBO: -inf. MSE: 0.0008221440437050803. R^2: 0.8890340940369539. Rp: 0.9432417400209371.
INFO:main:Iteration 651. ELBO: -inf. MSE: 0.0008221319100448657. R^2: 0.8890357317336673. Rp: 0.9432423809608451.
INFO:main:Iteration 661. ELBO: -inf. MSE: 0.0008221199682247478. R^2: 0.8890373435374607. Rp: 0.9432430126512381.
INFO:main:Iteration 671. ELBO: -inf. MSE: 0.0008221082129904572. R^2: 0.8890389301575096. Rp: 0.9432436353341885.
INFO:main:Iteration 681. ELBO: -inf. MSE: 0.0008220966392873945. R^2: 0.8890404922760404. Rp: 0.9432442492429344.
INFO:main:Iteration 691. ELBO: -inf. MSE: 0.000822085242251559. R^2: 0.889042030549554. Rp: 0.9432448546022493.
INFO:main:Iteration 701. ELBO: -inf. MSE: 0.0008220740172008336. R^2: 0.8890435456100021. Rp: 0.9432454516288005.
INFO:main:Iteration 711. ELBO: -inf. MSE: 0.0008220629596266284. R^2: 0.8890450380659152. Rp: 0.9432460405314992.
INFO:main:Iteration 721. ELBO: -inf. MSE: 0.0008220520651859178. R^2: 0.8890465085034773. Rp: 0.9432466215118378.
INFO:main:Iteration 731. ELBO: -inf. MSE: 0.0008220413296936556. R^2: 0.8890479574875501. Rp: 0.9432471947642155.
INFO:main:Iteration 741. ELBO: -inf. MSE: 0.0008220307491155653. R^2: 0.8890493855626452. Rp: 0.9432477604762475.
INFO:main:Iteration 751. ELBO: -inf. MSE: 0.0008220203195612993. R^2: 0.8890507932538482. Rp: 0.9432483188290607.
INFO:main:Iteration 761. ELBO: -inf. MSE: 0.0008220100372779447. R^2: 0.8890521810676949. Rp: 0.9432488699975795.
INFO:main:Iteration 771. ELBO: -inf. MSE: 0.0008219998986438727. R^2: 0.8890535494930014. Rp: 0.9432494141507891.
INFO:main:Iteration 781. ELBO: -inf. MSE: 0.0008219899001629073. R^2: 0.8890548990016515. Rp: 0.9432499514519967.
INFO:main:Iteration 791. ELBO: -inf. MSE: 0.0008219800384587955. R^2: 0.8890562300493425. Rp: 0.9432504820590709.
INFO:main:Iteration 801. ELBO: -inf. MSE: 0.0008219703102699647. R^2: 0.8890575430762936. Rp: 0.9432510061246725.
INFO:main:Iteration 811. ELBO: -inf. MSE: 0.0008219607124445595. R^2: 0.8890588385079147. Rp: 0.9432515237964759.
INFO:main:Iteration 821. ELBO: -inf. MSE: 0.0008219512419357282. R^2: 0.8890601167554437. Rp: 0.9432520352173753.
INFO:main:Iteration 831. ELBO: -inf. MSE: 0.0008219418957971579. R^2: 0.8890613782165486. Rp: 0.9432525405256834.
INFO:main:Iteration 841. ELBO: -inf. MSE: 0.0008219326711788347. R^2: 0.8890626232758995. Rp: 0.9432530398553188.
INFO:main:Iteration 851. ELBO: -inf. MSE: 0.000821923565323015. R^2: 0.8890638523057128. Rp: 0.9432535333359858.
INFO:main:Iteration 861. ELBO: -inf. MSE: 0.0008219145755604168. R^2: 0.8890650656662654. Rp: 0.9432540210933433.
INFO:main:Iteration 871. ELBO: -inf. MSE: 0.000821905699306577. R^2: 0.8890662637063855. Rp: 0.9432545032491669.
INFO:main:Iteration 881. ELBO: -inf. MSE: 0.0008218969340584129. R^2: 0.8890674467639178. Rp: 0.9432549799215016.
INFO:main:Iteration 891. ELBO: -inf. MSE: 0.0008218882773909357. R^2: 0.8890686151661662. Rp: 0.9432554512248107.
INFO:main:Iteration 901. ELBO: -inf. MSE: 0.0008218797269541354. R^2: 0.889069769230315. Rp: 0.9432559172701123.
INFO:main:Iteration 911. ELBO: -inf. MSE: 0.0008218712804700162. R^2: 0.8890709092638281. Rp: 0.9432563781651138.
INFO:main:Iteration 921. ELBO: -inf. MSE: 0.0008218629357297633. R^2: 0.8890720355648326. Rp: 0.943256834014338.
INFO:main:Iteration 931. ELBO: -inf. MSE: 0.0008218546905910607. R^2: 0.8890731484224795. Rp: 0.9432572849192437.
INFO:main:Iteration 941. ELBO: -inf. MSE: 0.0008218465429755192. R^2: 0.889074248117292. Rp: 0.9432577309783408.
INFO:main:Iteration 951. ELBO: -inf. MSE: 0.0008218384908662462. R^2: 0.8890753349214928. Rp: 0.9432581722872996.
INFO:main:Iteration 961. ELBO: -inf. MSE: 0.0008218305323055001. R^2: 0.8890764090993211. Rp: 0.9432586089390569.
INFO:main:Iteration 971. ELBO: -inf. MSE: 0.0008218226653924832. R^2: 0.8890774709073299. Rp: 0.9432590410239148.
INFO:main:Iteration 981. ELBO: -inf. MSE: 0.0008218148882812084. R^2: 0.8890785205946748. Rp: 0.9432594686296366.
INFO:main:Iteration 991. ELBO: -inf. MSE: 0.0008218071991784793. R^2: 0.889079558403386. Rp: 0.9432598918415388.
INFO:main:Graph normalise NMF
INFO:main:Performing 200 iterations of graph normalisation: 
INFO:main:Iter, dF, F
INFO:main:0, -17.091117, 0.969333
INFO:main:Performing 200 iterations of graph normalisation: 
INFO:main:Iter, dF, F
INFO:main:0, -4.289117, 0.022223
INFO:main:Performing 200 iterations of graph normalisation: 
INFO:main:Iter, dF, F
INFO:main:0, -4.308242, 0.022421
INFO:main:Performing 200 iterations of graph normalisation: 
INFO:main:Iter, dF, F
INFO:main:0, -4.302797, 0.022365
INFO:main:Performing 200 iterations of graph normalisation: 
INFO:main:Iter, dF, F
INFO:main:0, -4.296376, 0.022298
INFO:main:Performing 200 iterations of graph normalisation: 
INFO:main:Iter, dF, F
INFO:main:0, -4.515778, 0.024633
INFO:main:Performing 200 iterations of graph normalisation: 
INFO:main:Iter, dF, F
INFO:main:0, -15.423164, 0.802516
INFO:main:Performing 200 iterations of graph normalisation: 
INFO:main:Iter, dF, F
INFO:main:0, -143.318335, 40.026868
INFO:main:10, 2.363471, 2.855346
INFO:main:Error round 0 of NMF: 0.005626
INFO:main:0,0.0056263382729323
INFO:main:Best error: 0.005626
INFO:main:Run 250 iter SVI
INFO:main:Iter, G, Div, DivF, total_elbo, diffElbo
INFO:main:0, 8, 86.343027, 0.003686, 11748.689517, 1.000000
INFO:main:10, 8, 38.605426, 0.001476, 8072.554529, 1047.660764
INFO:main:20, 8, 38.483059, 0.001480, -213.568032, 779.189461
INFO:main:30, 8, 38.349212, 0.001478, -7248.693477, 624.364904
INFO:main:40, 8, 38.331783, 0.001478, -11920.009012, 364.698277
INFO:main:New strain number 6
INFO:main:50, 6, 38.309070, 0.001477, -13535.460362, 109.571251
INFO:main:New strain number 4
INFO:main:60, 4, 38.254364, 0.001476, -13279.203600, 257.652942
INFO:main:New strain number 3
INFO:main:70, 3, 38.560436, 0.001488, -13147.003414, 153.631260
INFO:main:80, 3, 38.375960, 0.001481, -13144.406963, 0.054352
INFO:main:90, 3, 38.364661, 0.001480, -13144.117655, 0.009299
INFO:main:Run 250 iter SVI with relaxed path
INFO:main:Iter, G, Div, DivF, total_elbo, diffElbo
INFO:main:0, 3, 37.645507, 0.001439, -13086.372246, 57.722384
INFO:main:10, 3, 37.341153, 0.001444, -13073.614221, 0.842603
INFO:main:20, 3, 37.280967, 0.001441, -13070.074441, 0.001312
INFO:main:30, 3, 37.280773, 0.001441, -13070.072784, 0.000039
INFO:main:40, 3, 37.280766, 0.001441, -13070.072828, 0.000004
INFO:main:50, 3, 37.280766, 0.001441, -13070.072824, 0.000000
INFO:main:Write output prior uncertainty filter to /mnt/gpfs/seb/Project/Tuto/EBI/strain_11_21/Results/bayespaths/Bin_2/Bin_2_PreUFilter
INFO:main:Run 250 iter SVI with uncertainty filtering
INFO:main:Iter, G, Div, DivF, total_elbo, diffElbo
INFO:main:0, 3, 39.152182, 0.001578, -13166.277936, 96.205111
INFO:main:10, 3, 38.217277, 0.001479, -13142.294301, 0.097132
INFO:main:20, 3, 38.202245, 0.001479, -13142.247816, 0.001919
INFO:main:30, 3, 38.201939, 0.001479, -13142.249770, 0.000074
INFO:main:40, 3, 38.201915, 0.001479, -13142.249517, 0.000001
INFO:main:50, 3, 38.201913, 0.001479, -13142.249494, 0.000001
INFO:main:Iter, G, Div, DivF, total_elbo, diffElbo
INFO:main:0, 3, 37.477518, 0.001438, -13083.889427, 58.360067
INFO:main:10, 3, 37.281840, 0.001442, -13070.247271, 0.075268
INFO:main:20, 3, 37.280855, 0.001441, -13070.071062, 0.000371
INFO:main:30, 3, 37.280766, 0.001441, -13070.072738, 0.000045
INFO:main:40, 3, 37.280766, 0.001441, -13070.072825, 0.000000
INFO:main:50, 3, 37.280766, 0.001441, -13070.072825, 0.000000
INFO:main:Write output after uncertainty filter to /mnt/gpfs/seb/Project/Tuto/EBI/strain_11_21/Results/bayespaths/Bin_2/Bin_2_PostUFilter
INFO:main:Write final output to bayespaths/Bin_2/Bin_2 ...
INFO:main:BayesPaths finished resolving 3 strains
