INFO:main:Create first AssemblyPathSVA object just for sample selection
INFO:main:Construct factor graph for: COG0016
INFO:main:Construct factor graph for: COG0048
INFO:main:Construct factor graph for: COG0049
INFO:main:Construct factor graph for: COG0051
INFO:main:Construct factor graph for: COG0052
INFO:main:Construct factor graph for: COG0060
INFO:main:Construct factor graph for: COG0072
INFO:main:Construct factor graph for: COG0080
INFO:main:Construct factor graph for: COG0081
INFO:main:Construct factor graph for: COG0087
INFO:main:Construct factor graph for: COG0088
INFO:main:Construct factor graph for: COG0089
INFO:main:Construct factor graph for: COG0090
INFO:main:Construct factor graph for: COG0091
INFO:main:Construct factor graph for: COG0092
INFO:main:Construct factor graph for: COG0093
INFO:main:Construct factor graph for: COG0094
INFO:main:Construct factor graph for: COG0096
INFO:main:Construct factor graph for: COG0097
INFO:main:Construct factor graph for: COG0100
INFO:main:Construct factor graph for: COG0102
INFO:main:Construct factor graph for: COG0103
INFO:main:Construct factor graph for: COG0130
INFO:main:Construct factor graph for: COG0184
INFO:main:Construct factor graph for: COG0185
INFO:main:Construct factor graph for: COG0186
INFO:main:Construct factor graph for: COG0197
INFO:main:Construct factor graph for: COG0198
INFO:main:Construct factor graph for: COG0200
INFO:main:Construct factor graph for: COG0201
INFO:main:Construct factor graph for: COG0244
INFO:main:Construct factor graph for: COG0256
INFO:main:Construct factor graph for: COG0504
INFO:main:Construct factor graph for: COG0532
INFO:main:Construct factor graph for: COG0541
INFO:main:Construct factor graph for: COG0552
INFO:main:Using bias type: unitig
INFO:main:Using 218 of 230 non-degenerate unitigs
INFO:main:Read length used 150
INFO:main:Kmer coverage conversion factor 2.027
INFO:main:Total sum of sample coverages: 178.992
INFO:main:Set minimum intensity/cov for strain: 0.024,3.580
INFO:main:Applying noise: True
INFO:main:Automatically set precision
INFO:main:Xrange 2140.763 > 100.000 used log-scaled precision
INFO:main:Precision type: log
INFO:main:Selecting 8 samples:
INFO:main:Samples selected: [0 2 3 4 5 6 8 9]
INFO:main:Create second AssemblyPathSVA object for gene filtering
INFO:main:Construct factor graph for: COG0016
INFO:main:Construct factor graph for: COG0048
INFO:main:Construct factor graph for: COG0049
INFO:main:Construct factor graph for: COG0052
INFO:main:Construct factor graph for: COG0060
INFO:main:Construct factor graph for: COG0072
INFO:main:Construct factor graph for: COG0080
INFO:main:Construct factor graph for: COG0081
INFO:main:Construct factor graph for: COG0087
INFO:main:Construct factor graph for: COG0088
INFO:main:Construct factor graph for: COG0089
INFO:main:Construct factor graph for: COG0090
INFO:main:Construct factor graph for: COG0091
INFO:main:Construct factor graph for: COG0092
INFO:main:Construct factor graph for: COG0093
INFO:main:Construct factor graph for: COG0094
INFO:main:Construct factor graph for: COG0096
INFO:main:Construct factor graph for: COG0097
INFO:main:Construct factor graph for: COG0100
INFO:main:Construct factor graph for: COG0102
INFO:main:Construct factor graph for: COG0103
INFO:main:Construct factor graph for: COG0130
INFO:main:Construct factor graph for: COG0184
INFO:main:Construct factor graph for: COG0185
INFO:main:Construct factor graph for: COG0186
INFO:main:Construct factor graph for: COG0197
INFO:main:Construct factor graph for: COG0198
INFO:main:Construct factor graph for: COG0200
INFO:main:Construct factor graph for: COG0201
INFO:main:Construct factor graph for: COG0244
INFO:main:Construct factor graph for: COG0256
INFO:main:Construct factor graph for: COG0504
INFO:main:Construct factor graph for: COG0532
INFO:main:Construct factor graph for: COG0541
INFO:main:Using bias type: unitig
INFO:main:Using 208 of 220 non-degenerate unitigs
INFO:main:Read length used 150
INFO:main:Kmer coverage conversion factor 2.027
INFO:main:Total sum of sample coverages: 172.024
INFO:main:Set minimum intensity/cov for strain: 0.023,3.440
INFO:main:Applying noise: True
INFO:main:Automatically set precision
INFO:main:Xrange 2140.763 > 100.000 used log-scaled precision
INFO:main:Precision type: log
INFO:main:Perform NMF VB initialisation
INFO:main:Round: 0 of NMF
INFO:main:Iteration 1. ELBO: -3824.2326720555216. MSE: 2.888148456073481. R^2: -121.10489343201051. Rp: 0.12307546425762894.
INFO:main:Iteration 11. ELBO: 2795.256441178533. MSE: 0.00027905242484932197. R^2: 0.9882022454467265. Rp: 0.9943628810729433.
INFO:main:Iteration 21. ELBO: 3123.994708009644. MSE: 0.00017444897522406647. R^2: 0.9926246611443176. Rp: 0.9963876112909438.
INFO:main:Iteration 31. ELBO: 3188.5383957922622. MSE: 0.00015399228965393982. R^2: 0.9934895271473998. Rp: 0.9968017024164612.
INFO:main:Iteration 41. ELBO: 3240.437771440991. MSE: 0.00015014503912964987. R^2: 0.9936521808760497. Rp: 0.9968773713174236.
INFO:main:Iteration 51. ELBO: 3287.9290095215374. MSE: 0.00015711174941387528. R^2: 0.9933576428944448. Rp: 0.9967242706392949.
INFO:main:Iteration 61. ELBO: 3305.0958233589217. MSE: 0.0001664003937676711. R^2: 0.992964938382818. Rp: 0.9965084732458513.
INFO:main:Iteration 71. ELBO: 3308.0293749777215. MSE: 0.00016985531886164358. R^2: 0.9928188713551594. Rp: 0.996433536982084.
INFO:main:Iteration 81. ELBO: 3309.989477152253. MSE: 0.00017045681695945707. R^2: 0.9927934412700201. Rp: 0.9964193498262961.
INFO:main:Iteration 91. ELBO: 3311.4457241757827. MSE: 0.00017034279724235135. R^2: 0.9927982617858689. Rp: 0.9964206627390214.
INFO:main:Iteration 101. ELBO: 3312.4129856737004. MSE: 0.00017013071343309334. R^2: 0.9928072282470194. Rp: 0.9964244807987792.
INFO:main:Iteration 111. ELBO: 3313.1072538232565. MSE: 0.00016990350259737204. R^2: 0.992816834247301. Rp: 0.9964287210306916.
INFO:main:Iteration 121. ELBO: -inf. MSE: 0.00016969532879299146. R^2: 0.9928256354015996. Rp: 0.9964326409857456.
INFO:main:Iteration 131. ELBO: -inf. MSE: 0.000169515059241995. R^2: 0.9928332568222601. Rp: 0.9964360405453216.
INFO:main:Iteration 141. ELBO: -inf. MSE: 0.0001693633589576209. R^2: 0.9928396703939094. Rp: 0.9964388941603914.
INFO:main:Iteration 151. ELBO: -inf. MSE: 0.00016923800087126928. R^2: 0.9928449702723636. Rp: 0.9964412388576619.
INFO:main:Iteration 161. ELBO: -inf. MSE: 0.00016913555873306207. R^2: 0.992849301312322. Rp: 0.9964431385470458.
INFO:main:Iteration 171. ELBO: -inf. MSE: 0.0001690522766765137. R^2: 0.9928528223039864. Rp: 0.9964446655909923.
INFO:main:Iteration 181. ELBO: -inf. MSE: 0.00016898457512505374. R^2: 0.9928556845843892. Rp: 0.996445889957784.
INFO:main:Iteration 191. ELBO: -inf. MSE: 0.00016892930660090738. R^2: 0.9928580212223265. Rp: 0.9964468736131326.
INFO:main:Iteration 201. ELBO: -inf. MSE: 0.00016888384264286997. R^2: 0.9928599433436563. Rp: 0.9964476684767042.
INFO:main:Iteration 211. ELBO: -inf. MSE: 0.00016884606192295665. R^2: 0.9928615406337018. Rp: 0.9964483164864966.
INFO:main:Iteration 221. ELBO: -inf. MSE: 0.00016881429077399506. R^2: 0.9928628838516206. Rp: 0.9964488506983641.
INFO:main:Iteration 231. ELBO: -inf. MSE: 0.00016878722798034372. R^2: 0.9928640280100962. Rp: 0.9964492967484522.
INFO:main:Iteration 241. ELBO: -inf. MSE: 0.0001687638709185131. R^2: 0.9928650154979588. Rp: 0.9964496743142375.
INFO:main:Iteration 251. ELBO: -inf. MSE: 0.00016874345067603846. R^2: 0.9928658788232237. Rp: 0.9964499984083682.
INFO:main:Iteration 261. ELBO: -inf. MSE: 0.00016872537845015614. R^2: 0.9928666428792441. Rp: 0.9964502804520668.
INFO:main:Iteration 271. ELBO: -inf. MSE: 0.00016870920288380414. R^2: 0.992867326748455. Rp: 0.9964505291313134.
INFO:main:Iteration 281. ELBO: -inf. MSE: 0.00016869457690102163. R^2: 0.9928679451045043. Rp: 0.9964507510629169.
INFO:main:Iteration 291. ELBO: -inf. MSE: 0.00016868123231765392. R^2: 0.9928685092856586. Rp: 0.996450951304339.
INFO:main:Iteration 301. ELBO: -inf. MSE: 0.0001686689605940816. R^2: 0.9928690281085384. Rp: 0.9964511337398091.
INFO:main:Iteration 311. ELBO: -inf. MSE: 0.00016865759833229791. R^2: 0.9928695084812703. Rp: 0.996451301370779.
INFO:main:Iteration 321. ELBO: -inf. MSE: 0.00016864701638488974. R^2: 0.9928699558639379. Rp: 0.9964514565335358.
INFO:main:Iteration 331. ELBO: -inf. MSE: 0.00016863711168825846. R^2: 0.9928703746138551. Rp: 0.9964516010618828.
INFO:main:Iteration 341. ELBO: -inf. MSE: 0.0001686278011383073. R^2: 0.9928707682444896. Rp: 0.9964517364086848.
INFO:main:Iteration 351. ELBO: -inf. MSE: 0.0001686190169921676. R^2: 0.992871139619869. Rp: 0.9964518637367171.
INFO:main:Iteration 361. ELBO: -inf. MSE: 0.0001686107034080745. R^2: 0.9928714911008663. Rp: 0.9964519839866642.
INFO:main:Iteration 371. ELBO: -inf. MSE: 0.00016860281383366036. R^2: 0.9928718246556186. Rp: 0.9964520979281289.
INFO:main:Iteration 381. ELBO: -inf. MSE: 0.000168595309027076. R^2: 0.9928721419431895. Rp: 0.9964522061980059.
INFO:main:Iteration 391. ELBO: -inf. MSE: 0.00016858815555082616. R^2: 0.9928724443772466. Rp: 0.9964523093294483.
INFO:main:Iteration 401. ELBO: -inf. MSE: 0.00016858132461928686. R^2: 0.9928727331747861. Rp: 0.9964524077738299.
INFO:main:Iteration 411. ELBO: -inf. MSE: 0.00016857479121177565. R^2: 0.9928730093936301. Rp: 0.9964525019174694.
INFO:main:Iteration 421. ELBO: -inf. MSE: 0.00016856853338539297. R^2: 0.9928732739614788. Rp: 0.9964525920944408.
INFO:main:Iteration 431. ELBO: -inf. MSE: 0.00016856253173899732. R^2: 0.9928735276985718. Rp: 0.9964526785964383.
INFO:main:Iteration 441. ELBO: -inf. MSE: 0.00016855676899168483. R^2: 0.9928737713355099. Rp: 0.9964527616804285.
INFO:main:Iteration 451. ELBO: -inf. MSE: 0.0001685512296487779. R^2: 0.9928740055273756. Rp: 0.9964528415746228.
INFO:main:Iteration 461. ELBO: -inf. MSE: 0.00016854589973475166. R^2: 0.992874230865025. Rp: 0.9964529184831825.
INFO:main:Iteration 471. ELBO: -inf. MSE: 0.0001685407665778103. R^2: 0.9928744478841952. Rp: 0.9964529925899478.
INFO:main:Iteration 481. ELBO: -inf. MSE: 0.00016853581863463535. R^2: 0.9928746570729136. Rp: 0.9964530640614236.
INFO:main:Iteration 491. ELBO: -inf. MSE: 0.0001685310453463021. R^2: 0.9928748588775895. Rp: 0.9964531330491918.
INFO:main:Iteration 501. ELBO: -inf. MSE: 0.00016852643701896212. R^2: 0.9928750537080587. Rp: 0.9964531996918748.
INFO:main:Iteration 511. ELBO: -inf. MSE: 0.00016852198472395703. R^2: 0.9928752419418061. Rp: 0.9964532641167527.
INFO:main:Iteration 521. ELBO: -inf. MSE: 0.00016851768021359321. R^2: 0.9928754239275271. Rp: 0.9964533264411055.
INFO:main:Iteration 531. ELBO: -inf. MSE: 0.00016851351584943111. R^2: 0.9928755999881591. Rp: 0.9964533867733348.
INFO:main:Iteration 541. ELBO: -inf. MSE: 0.00016850948454082858. R^2: 0.9928757704234794. Rp: 0.9964534452139184.
INFO:main:Iteration 551. ELBO: -inf. MSE: 0.000168505579691814. R^2: 0.9928759355123521. Rp: 0.9964535018562154.
INFO:main:Iteration 561. ELBO: -inf. MSE: 0.00016850179515486282. R^2: 0.9928760955146817. Rp: 0.9964535567871672.
INFO:main:Iteration 571. ELBO: -inf. MSE: 0.00016849812519042877. R^2: 0.9928762506731242. Rp: 0.9964536100878971.
INFO:main:Iteration 581. ELBO: -inf. MSE: 0.00016849456443130512. R^2: 0.9928764012145939. Rp: 0.9964536618342381.
INFO:main:Iteration 591. ELBO: -inf. MSE: 0.00016849110785102393. R^2: 0.9928765473515995. Rp: 0.996453712097194.
INFO:main:Iteration 601. ELBO: -inf. MSE: 0.0001684877507358199. R^2: 0.9928766892834289. Rp: 0.9964537609433477.
INFO:main:Iteration 611. ELBO: -inf. MSE: 0.0001684844886595205. R^2: 0.9928768271972117. Rp: 0.9964538084352211.
INFO:main:Iteration 621. ELBO: -inf. MSE: 0.0001684813174609255. R^2: 0.9928769612688747. Rp: 0.9964538546316023.
INFO:main:Iteration 631. ELBO: -inf. MSE: 0.00016847823322367137. R^2: 0.9928770916639936. Rp: 0.9964538995878304.
INFO:main:Iteration 641. ELBO: -inf. MSE: 0.00016847523225773173. R^2: 0.9928772185385749. Rp: 0.9964539433560605.
INFO:main:Iteration 651. ELBO: -inf. MSE: 0.00016847231108293697. R^2: 0.9928773420397531. Rp: 0.9964539859854962.
INFO:main:Iteration 661. ELBO: -inf. MSE: 0.00016846946641379612. R^2: 0.9928774623064318. Rp: 0.9964540275226036.
INFO:main:Iteration 671. ELBO: -inf. MSE: 0.0001684666951457877. R^2: 0.9928775794698637. Rp: 0.9964540680113053.
INFO:main:Iteration 681. ELBO: -inf. MSE: 0.00016846399434271466. R^2: 0.992877693654185. Rp: 0.9964541074931595.
INFO:main:Iteration 691. ELBO: -inf. MSE: 0.0001684613612254059. R^2: 0.9928778049768934. Rp: 0.9964541460075154.
INFO:main:Iteration 701. ELBO: -inf. MSE: 0.00016845879316092563. R^2: 0.9928779135493039. Rp: 0.996454183591668.
INFO:main:Iteration 711. ELBO: -inf. MSE: 0.00016845628765309713. R^2: 0.9928780194769495. Rp: 0.9964542202809898.
INFO:main:Iteration 721. ELBO: -inf. MSE: 0.00016845384233357008. R^2: 0.9928781228599594. Rp: 0.9964542561090547.
INFO:main:Iteration 731. ELBO: -inf. MSE: 0.00016845145495353921. R^2: 0.9928782237934082. Rp: 0.9964542911077565.
INFO:main:Iteration 741. ELBO: -inf. MSE: 0.00016844998215317057. R^2: 0.9928782860603362. Rp: 0.9964543076347275.
INFO:main:Iteration 751. ELBO: -inf. MSE: 0.00016844763464779532. R^2: 0.9928783853079677. Rp: 0.9964543430095949.
INFO:main:Iteration 761. ELBO: -inf. MSE: 0.00016844550358025674. R^2: 0.9928784754050588. Rp: 0.9964543747369637.
INFO:main:Iteration 771. ELBO: -inf. MSE: 0.00016844349882389422. R^2: 0.992878560161977. Rp: 0.9964544049939591.
INFO:main:Iteration 781. ELBO: -inf. MSE: 0.00016844152215615235. R^2: 0.9928786437313667. Rp: 0.9964544352605631.
INFO:main:Iteration 791. ELBO: -inf. MSE: 0.00016843952963590733. R^2: 0.9928787279709672. Rp: 0.9964544655188079.
INFO:main:Iteration 801. ELBO: -inf. MSE: 0.00016843779348941468. R^2: 0.9928788013716201. Rp: 0.9964544907493509.
INFO:main:Iteration 811. ELBO: -inf. MSE: 0.00016843603744044305. R^2: 0.9928788756137084. Rp: 0.9964545166074545.
INFO:main:Iteration 821. ELBO: -inf. MSE: 0.00016843430119990513. R^2: 0.9928789490183373. Rp: 0.9964545422530832.
INFO:main:Iteration 831. ELBO: -inf. MSE: 0.00016843259256762481. R^2: 0.9928790212557468. Rp: 0.996454567515565.
INFO:main:Iteration 841. ELBO: -inf. MSE: 0.00016843091259128787. R^2: 0.9928790922816426. Rp: 0.9964545923673824.
INFO:main:Iteration 851. ELBO: -inf. MSE: 0.00016842926086676268. R^2: 0.9928791621131109. Rp: 0.996454616811952.
INFO:main:Iteration 861. ELBO: -inf. MSE: 0.00016842763670694963. R^2: 0.9928792307792006. Rp: 0.9964546408588668.
INFO:main:Iteration 871. ELBO: -inf. MSE: 0.00016842603939217182. R^2: 0.9928792983103382. Rp: 0.9964546645185839.
INFO:main:Iteration 881. ELBO: -inf. MSE: 0.00016842446822141368. R^2: 0.9928793647361611. Rp: 0.9964546878013285.
INFO:main:Iteration 891. ELBO: -inf. MSE: 0.00016842292252087734. R^2: 0.9928794300851562. Rp: 0.9964547107169056.
INFO:main:Iteration 901. ELBO: -inf. MSE: 0.00016842140164366422. R^2: 0.9928794943846729. Rp: 0.9964547332746985.
INFO:main:Iteration 911. ELBO: -inf. MSE: 0.00016841990496786573. R^2: 0.9928795576610043. Rp: 0.9964547554837029.
INFO:main:Iteration 921. ELBO: -inf. MSE: 0.00016841843189464249. R^2: 0.992879619939468. Rp: 0.9964547773525627.
INFO:main:Iteration 931. ELBO: -inf. MSE: 0.00016841698184652773. R^2: 0.9928796812444782. Rp: 0.9964547988895983.
INFO:main:Iteration 941. ELBO: -inf. MSE: 0.00016841555426600358. R^2: 0.9928797415996056. Rp: 0.996454820102833.
INFO:main:Iteration 951. ELBO: -inf. MSE: 0.0001684141486142705. R^2: 0.9928798010276294. Rp: 0.9964548410000134.
INFO:main:Iteration 961. ELBO: -inf. MSE: 0.00016841276437019268. R^2: 0.9928798595505821. Rp: 0.9964548615886261.
INFO:main:Iteration 971. ELBO: -inf. MSE: 0.00016841140102937457. R^2: 0.9928799171897886. Rp: 0.9964548818759155.
INFO:main:Iteration 981. ELBO: -inf. MSE: 0.00016841005810333995. R^2: 0.9928799739659007. Rp: 0.9964549018688935.
INFO:main:Iteration 991. ELBO: -inf. MSE: 0.00016840873511879447. R^2: 0.9928800298989281. Rp: 0.9964549215743537.
INFO:main:Graph normalise NMF
INFO:main:Performing 200 iterations of graph normalisation: 
INFO:main:Iter, dF, F
INFO:main:0, -130.706793, 54.711180
INFO:main:10, -1.194573, 2.987282
INFO:main:Performing 200 iterations of graph normalisation: 
INFO:main:Iter, dF, F
INFO:main:0, -1.040464, 0.002478
INFO:main:Performing 200 iterations of graph normalisation: 
INFO:main:Iter, dF, F
INFO:main:0, -1.039973, 0.002475
INFO:main:Performing 200 iterations of graph normalisation: 
INFO:main:Iter, dF, F
INFO:main:0, -1.041182, 0.002481
INFO:main:Performing 200 iterations of graph normalisation: 
INFO:main:Iter, dF, F
INFO:main:0, -1.041733, 0.002484
INFO:main:Performing 200 iterations of graph normalisation: 
INFO:main:Iter, dF, F
INFO:main:0, -1.040509, 0.002478
INFO:main:Performing 200 iterations of graph normalisation: 
INFO:main:Iter, dF, F
INFO:main:0, -10.778067, 0.582783
INFO:main:Performing 200 iterations of graph normalisation: 
INFO:main:Iter, dF, F
INFO:main:0, -8.832459, 0.475876
INFO:main:Error round 0 of NMF: 0.006516
INFO:main:0,0.006515872657530725
INFO:main:Best error: 0.006516
INFO:main:Run 250 iter SVI
INFO:main:Iter, G, Div, DivF, total_elbo, diffElbo
INFO:main:0, 8, 11.599453, 0.000932, 25697223.560430, 1.000000
INFO:main:10, 8, 6.835642, 0.000629, 33813325.248937, 281104.173408
INFO:main:20, 8, 6.515794, 0.000627, 31389901.564336, 190800.239468
INFO:main:30, 8, 6.428140, 0.000627, 29639567.362540, 135018.074874
INFO:main:40, 8, 6.389916, 0.000625, 28922130.646600, 35898.620939
INFO:main:New strain number 6
INFO:main:50, 6, 6.354379, 0.000625, 17195545.284740, 11542037.714663
INFO:main:New strain number 4
INFO:main:60, 4, 6.344737, 0.000626, 5695655.382761, 11448178.691919
INFO:main:New strain number 2
INFO:main:70, 2, 6.345480, 0.000627, -5333.211459, 5679625.303868
INFO:main:80, 2, 6.344025, 0.000627, -5333.080731, 0.016978
INFO:main:90, 2, 6.343526, 0.000627, -5332.957325, 0.009214
INFO:main:100, 2, 6.343288, 0.000627, -5332.891375, 0.004832
INFO:main:110, 2, 6.343177, 0.000627, -5332.857479, 0.002434
INFO:main:120, 2, 6.343128, 0.000627, -5332.840725, 0.001180
INFO:main:Run 250 iter SVI with relaxed path
INFO:main:Iter, G, Div, DivF, total_elbo, diffElbo
INFO:main:0, 2, 6.343118, 0.000627, -5332.836786, 0.000720
INFO:main:10, 2, 6.343105, 0.000627, -5332.830931, 0.000402
INFO:main:20, 2, 6.343101, 0.000627, -5332.828291, 0.000177
INFO:main:30, 2, 6.343101, 0.000627, -5332.827156, 0.000074
INFO:main:40, 2, 6.343102, 0.000627, -5332.826696, 0.000029
INFO:main:50, 2, 6.343103, 0.000627, -5332.826522, 0.000010
INFO:main:Write output prior uncertainty filter to /mnt/gpfs/seb/Project/Tuto/EBI/strain_11_21/Results/bayespaths/Bin_8/Bin_8_PreUFilter
INFO:main:Run 250 iter SVI with uncertainty filtering
INFO:main:Iter, G, Div, DivF, total_elbo, diffElbo
INFO:main:0, 2, 6.343103, 0.000627, -5332.826513, 0.000008
INFO:main:10, 2, 6.343103, 0.000627, -5332.826460, 0.000003
INFO:main:20, 2, 6.343104, 0.000627, -5332.826445, 0.000001
INFO:main:30, 2, 6.343104, 0.000627, -5332.826441, 0.000000
INFO:main:40, 2, 6.343104, 0.000627, -5332.826441, 0.000000
INFO:main:50, 2, 6.343104, 0.000627, -5332.826440, 0.000000
INFO:main:Iter, G, Div, DivF, total_elbo, diffElbo
INFO:main:0, 2, 6.343104, 0.000627, -5332.826440, 0.000000
INFO:main:10, 2, 6.343104, 0.000627, -5332.826439, 0.000000
INFO:main:20, 2, 6.343104, 0.000627, -5332.826439, 0.000000
INFO:main:30, 2, 6.343104, 0.000627, -5332.826438, 0.000000
INFO:main:40, 2, 6.343104, 0.000627, -5332.826437, 0.000000
INFO:main:50, 2, 6.343104, 0.000627, -5332.826437, 0.000000
INFO:main:Write output after uncertainty filter to /mnt/gpfs/seb/Project/Tuto/EBI/strain_11_21/Results/bayespaths/Bin_8/Bin_8_PostUFilter
INFO:main:Write final output to bayespaths/Bin_8/Bin_8 ...
INFO:main:BayesPaths finished resolving 2 strains
