2021-11-10 17:50:48,954 Reading from cog length file /mnt/gpfs/seb/Project/STRONG/BayesPaths/Data/coreCogs.tsv
2021-11-10 17:50:48,969 Read 37 cog lengths
2021-11-10 17:50:48,972 Processing 36 .gfa files from file subgraphs/bin_merged/Bin_2/selected_cogs.tsv
2021-11-10 17:50:50,095 Create first AssemblyPathSVA object just for sample selection
2021-11-10 17:50:50,096 Construct factor graph for: COG0016
2021-11-10 17:50:50,099 Construct factor graph for: COG0048
2021-11-10 17:50:50,100 Construct factor graph for: COG0049
2021-11-10 17:50:50,106 Construct factor graph for: COG0051
2021-11-10 17:50:50,111 Construct factor graph for: COG0052
2021-11-10 17:50:50,118 Construct factor graph for: COG0060
2021-11-10 17:50:50,156 Construct factor graph for: COG0072
2021-11-10 17:50:50,163 Construct factor graph for: COG0080
2021-11-10 17:50:50,166 Construct factor graph for: COG0081
2021-11-10 17:50:50,172 Construct factor graph for: COG0087
2021-11-10 17:50:50,176 Construct factor graph for: COG0088
2021-11-10 17:50:50,177 Construct factor graph for: COG0089
2021-11-10 17:50:50,181 Construct factor graph for: COG0090
2021-11-10 17:50:50,225 Construct factor graph for: COG0091
2021-11-10 17:50:50,240 Construct factor graph for: COG0092
2021-11-10 17:50:50,278 Construct factor graph for: COG0093
2021-11-10 17:50:50,280 Construct factor graph for: COG0094
2021-11-10 17:50:50,290 Construct factor graph for: COG0096
2021-11-10 17:50:50,294 Construct factor graph for: COG0097
2021-11-10 17:50:50,295 Construct factor graph for: COG0100
2021-11-10 17:50:50,300 Construct factor graph for: COG0102
2021-11-10 17:50:50,301 Construct factor graph for: COG0103
2021-11-10 17:50:50,308 Construct factor graph for: COG0130
2021-11-10 17:50:50,325 Construct factor graph for: COG0184
2021-11-10 17:50:50,330 Construct factor graph for: COG0185
2021-11-10 17:50:50,332 Construct factor graph for: COG0186
2021-11-10 17:50:50,336 Construct factor graph for: COG0197
2021-11-10 17:50:50,341 Construct factor graph for: COG0198
2021-11-10 17:50:50,345 Construct factor graph for: COG0200
2021-11-10 17:50:50,355 Construct factor graph for: COG0201
2021-11-10 17:50:50,359 Construct factor graph for: COG0244
2021-11-10 17:50:50,366 Construct factor graph for: COG0256
2021-11-10 17:50:50,369 Construct factor graph for: COG0504
2021-11-10 17:50:50,391 Construct factor graph for: COG0532
2021-11-10 17:50:50,415 Construct factor graph for: COG0541
2021-11-10 17:50:50,419 Construct factor graph for: COG0552
2021-11-10 17:50:50,625 Using bias type: unitig
2021-11-10 17:50:50,627 Using 456 of 465 non-degenerate unitigs
2021-11-10 17:50:50,639 Read length used 150
2021-11-10 17:50:50,640 Kmer coverage conversion factor 2.027
2021-11-10 17:50:50,640 Total sum of sample coverages: 231.901
2021-11-10 17:50:50,640 Set minimum intensity/cov for strain: 0.031,4.638
2021-11-10 17:50:50,640 Applying noise: True
2021-11-10 17:50:50,640 Automatically set precision
2021-11-10 17:50:50,640 Xrange 592.523 > 100.000 used log-scaled precision
2021-11-10 17:50:50,640 Precision type: log
2021-11-10 17:50:51,479 Selecting 10 samples:
2021-11-10 17:50:51,480 Samples selected: [0 1 2 3 4 5 6 7 8 9]
2021-11-10 17:50:51,482 Create second AssemblyPathSVA object for gene filtering
2021-11-10 17:50:51,482 Construct factor graph for: COG0016
2021-11-10 17:50:51,485 Construct factor graph for: COG0048
2021-11-10 17:50:51,486 Construct factor graph for: COG0049
2021-11-10 17:50:51,492 Construct factor graph for: COG0051
2021-11-10 17:50:51,496 Construct factor graph for: COG0052
2021-11-10 17:50:51,504 Construct factor graph for: COG0060
2021-11-10 17:50:51,542 Construct factor graph for: COG0072
2021-11-10 17:50:51,549 Construct factor graph for: COG0080
2021-11-10 17:50:51,552 Construct factor graph for: COG0081
2021-11-10 17:50:51,558 Construct factor graph for: COG0087
2021-11-10 17:50:51,562 Construct factor graph for: COG0088
2021-11-10 17:50:51,563 Construct factor graph for: COG0089
2021-11-10 17:50:51,567 Construct factor graph for: COG0090
2021-11-10 17:50:51,611 Construct factor graph for: COG0091
2021-11-10 17:50:51,627 Construct factor graph for: COG0092
2021-11-10 17:50:51,663 Construct factor graph for: COG0093
2021-11-10 17:50:51,665 Construct factor graph for: COG0096
2021-11-10 17:50:51,668 Construct factor graph for: COG0097
2021-11-10 17:50:51,670 Construct factor graph for: COG0100
2021-11-10 17:50:51,674 Construct factor graph for: COG0102
2021-11-10 17:50:51,676 Construct factor graph for: COG0103
2021-11-10 17:50:51,682 Construct factor graph for: COG0130
2021-11-10 17:50:51,700 Construct factor graph for: COG0184
2021-11-10 17:50:51,705 Construct factor graph for: COG0185
2021-11-10 17:50:51,707 Construct factor graph for: COG0186
2021-11-10 17:50:51,711 Construct factor graph for: COG0197
2021-11-10 17:50:51,715 Construct factor graph for: COG0198
2021-11-10 17:50:51,720 Construct factor graph for: COG0200
2021-11-10 17:50:51,730 Construct factor graph for: COG0201
2021-11-10 17:50:51,734 Construct factor graph for: COG0244
2021-11-10 17:50:51,741 Construct factor graph for: COG0256
2021-11-10 17:50:51,744 Construct factor graph for: COG0532
2021-11-10 17:50:51,769 Construct factor graph for: COG0541
2021-11-10 17:50:51,773 Construct factor graph for: COG0552
2021-11-10 17:50:51,855 Using bias type: unitig
2021-11-10 17:50:51,856 Using 406 of 415 non-degenerate unitigs
2021-11-10 17:50:51,868 Read length used 150
2021-11-10 17:50:51,868 Kmer coverage conversion factor 2.027
2021-11-10 17:50:51,868 Total sum of sample coverages: 237.802
2021-11-10 17:50:51,869 Set minimum intensity/cov for strain: 0.032,4.756
2021-11-10 17:50:51,869 Applying noise: True
2021-11-10 17:50:51,869 Automatically set precision
2021-11-10 17:50:51,869 Xrange 592.523 > 100.000 used log-scaled precision
2021-11-10 17:50:51,869 Precision type: log
2021-11-10 17:50:51,876 Perform NMF VB initialisation
2021-11-10 17:50:51,877 Round: 0 of NMF
2021-11-10 17:50:52,049 Iteration 1. ELBO: -8343.156487918617. MSE: 1.8226056001165736. R^2: -244.99957048743997. Rp: -0.0012711137239109294.
2021-11-10 17:50:52,477 Iteration 11. ELBO: 6258.417188536182. MSE: 0.0009608528234475433. R^2: 0.870312380333616. Rp: 0.9348688584159583.
2021-11-10 17:50:52,917 Iteration 21. ELBO: 6665.877328426082. MSE: 0.0006978718603738246. R^2: 0.9058072805788311. Rp: 0.9530480576309002.
2021-11-10 17:50:53,349 Iteration 31. ELBO: 6814.4283076985685. MSE: 0.0006999367549157631. R^2: 0.9055285789385057. Rp: 0.9526163462973001.
2021-11-10 17:50:53,779 Iteration 41. ELBO: 6915.50893267402. MSE: 0.0007367191009872599. R^2: 0.9005640153848056. Rp: 0.9497906375313963.
2021-11-10 17:50:54,206 Iteration 51. ELBO: 7013.061241332231. MSE: 0.0007708113618289592. R^2: 0.895962536313597. Rp: 0.9472384137668578.
2021-11-10 17:50:54,639 Iteration 61. ELBO: 7042.167519642238. MSE: 0.0007858539226668263. R^2: 0.8939322213047384. Rp: 0.9461286136928617.
2021-11-10 17:50:55,068 Iteration 71. ELBO: 7053.446256338742. MSE: 0.0007858689914562306. R^2: 0.893930187449624. Rp: 0.9460901582766552.
2021-11-10 17:50:55,495 Iteration 81. ELBO: 7061.023800766074. MSE: 0.0007875241201826338. R^2: 0.8937067924618272. Rp: 0.945937809691692.
2021-11-10 17:50:55,923 Iteration 91. ELBO: 7066.489628276611. MSE: 0.0007907655686465519. R^2: 0.8932692897295684. Rp: 0.9456778393336813.
2021-11-10 17:50:56,351 Iteration 101. ELBO: 7070.506269575823. MSE: 0.0007954786474537351. R^2: 0.8926331590372418. Rp: 0.9453151519646044.
2021-11-10 17:50:56,778 Iteration 111. ELBO: 7073.802268805961. MSE: 0.0008033537752844225. R^2: 0.8915702422637178. Rp: 0.9447219981952043.
2021-11-10 17:50:57,206 Iteration 121. ELBO: 7078.511572258567. MSE: 0.0008187539368568242. R^2: 0.8894916613946555. Rp: 0.9435699518225175.
2021-11-10 17:50:57,633 Iteration 131. ELBO: 7084.522717015732. MSE: 0.0008242613495289423. R^2: 0.8887483183742284. Rp: 0.9431520137924294.
2021-11-10 17:50:58,110 Iteration 141. ELBO: 7086.495156465331. MSE: 0.0008226872380388304. R^2: 0.8889607783548419. Rp: 0.943255476440897.
2021-11-10 17:50:58,657 Iteration 151. ELBO: 7087.581408628006. MSE: 0.0008221755630828813. R^2: 0.8890298398234254. Rp: 0.9432843420042508.
2021-11-10 17:50:59,206 Iteration 161. ELBO: 7088.238070068213. MSE: 0.0008221275005196238. R^2: 0.8890363268933199. Rp: 0.9432814512302997.
2021-11-10 17:50:59,755 Iteration 171. ELBO: 7088.664021069777. MSE: 0.000822237951328226. R^2: 0.8890214191966276. Rp: 0.9432684395384849.
2021-11-10 17:51:00,349 Iteration 181. ELBO: 7088.959099726182. MSE: 0.0008223799761904589. R^2: 0.8890022499067354. Rp: 0.943254168064813.
2021-11-10 17:51:00,904 Iteration 191. ELBO: 7089.177353342451. MSE: 0.0008225065525259094. R^2: 0.8889851657256308. Rp: 0.9432417845222353.
2021-11-10 17:51:01,460 Iteration 201. ELBO: 7089.348845519824. MSE: 0.0008226040288130459. R^2: 0.888972009217845. Rp: 0.9432320865030277.
2021-11-10 17:51:02,010 Iteration 211. ELBO: 7089.490697137746. MSE: 0.0008226719287279478. R^2: 0.8889628446734691. Rp: 0.9432249683026771.
2021-11-10 17:51:02,562 Iteration 221. ELBO: 7089.612898496698. MSE: 0.0008227143935996469. R^2: 0.8889571131316599. Rp: 0.9432200270762522.
2021-11-10 17:51:03,117 Iteration 231. ELBO: 7089.72144378713. MSE: 0.0008227366270135617. R^2: 0.8889541122573769. Rp: 0.9432168100936319.
2021-11-10 17:51:03,681 Iteration 241. ELBO: 7089.817224358139. MSE: 0.0008227462798039086. R^2: 0.8889528094070623. Rp: 0.9432147880623549.
2021-11-10 17:51:04,267 Iteration 251. ELBO: 7089.889403704595. MSE: 0.0008227488757045733. R^2: 0.8889524590347995. Rp: 0.9432137578008524.
2021-11-10 17:51:04,852 Iteration 261. ELBO: 7089.956624451004. MSE: 0.0008227483761607636. R^2: 0.8889525264589107. Rp: 0.9432130560626172.
2021-11-10 17:51:05,433 Iteration 271. ELBO: 7090.022569020202. MSE: 0.0008227430286215377. R^2: 0.8889532482235933. Rp: 0.9432127499737037.
2021-11-10 17:51:06,013 Iteration 281. ELBO: -inf. MSE: 0.0008227332494543062. R^2: 0.8889545681311688. Rp: 0.9432128023388154.
2021-11-10 17:51:06,601 Iteration 291. ELBO: -inf. MSE: 0.0008227199947538687. R^2: 0.8889563571362143. Rp: 0.9432131385975376.
2021-11-10 17:51:07,189 Iteration 301. ELBO: -inf. MSE: 0.0008227041951912106. R^2: 0.8889584896247942. Rp: 0.9432136871137958.
2021-11-10 17:51:07,776 Iteration 311. ELBO: -inf. MSE: 0.0008226866228736323. R^2: 0.88896086138453. Rp: 0.9432143886274451.
2021-11-10 17:51:08,393 Iteration 321. ELBO: -inf. MSE: 0.0008226678756681228. R^2: 0.8889633917204968. Rp: 0.9432151971925089.
2021-11-10 17:51:08,979 Iteration 331. ELBO: -inf. MSE: 0.000822648400782243. R^2: 0.8889660202724783. Rp: 0.9432160783048703.
2021-11-10 17:51:09,610 Iteration 341. ELBO: -inf. MSE: 0.0008226285261026572. R^2: 0.888968702785163. Rp: 0.9432170065040765.
2021-11-10 17:51:10,190 Iteration 351. ELBO: -inf. MSE: 0.0008226084887288089. R^2: 0.888971407256915. Rp: 0.9432179632093409.
2021-11-10 17:51:10,770 Iteration 361. ELBO: -inf. MSE: 0.0008225884580815903. R^2: 0.8889741108207645. Rp: 0.9432189349730493.
2021-11-10 17:51:11,348 Iteration 371. ELBO: -inf. MSE: 0.0008225685537003669. R^2: 0.8889767973423199. Rp: 0.943219912137685.
2021-11-10 17:51:11,926 Iteration 381. ELBO: -inf. MSE: 0.0008225488586166713. R^2: 0.8889794556147018. Rp: 0.943220887827086.
2021-11-10 17:51:12,528 Iteration 391. ELBO: -inf. MSE: 0.0008225294292753128. R^2: 0.888982078019477. Rp: 0.943221857198084.
2021-11-10 17:51:13,112 Iteration 401. ELBO: -inf. MSE: 0.0008225103028418984. R^2: 0.8889846595403527. Rp: 0.9432228168890285.
2021-11-10 17:51:13,694 Iteration 411. ELBO: -inf. MSE: 0.0008224915025626767. R^2: 0.8889871970397509. Rp: 0.9432237646149491.
2021-11-10 17:51:14,286 Iteration 421. ELBO: -inf. MSE: 0.0008224730416851091. R^2: 0.8889896887296438. Rp: 0.9432246988710562.
2021-11-10 17:51:14,964 Iteration 431. ELBO: -inf. MSE: 0.0008224549263198949. R^2: 0.8889921337852618. Rp: 0.9432256187159225.
2021-11-10 17:51:15,652 Iteration 441. ELBO: -inf. MSE: 0.000822437157526538. R^2: 0.8889945320636022. Rp: 0.9432265236131205.
2021-11-10 17:51:16,286 Iteration 451. ELBO: -inf. MSE: 0.0008224197328303805. R^2: 0.888996883898673. Rp: 0.9432274133156852.
2021-11-10 17:51:16,867 Iteration 461. ELBO: -inf. MSE: 0.0008224026473237572. R^2: 0.8889991899528685. Rp: 0.9432282877819147.
2021-11-10 17:51:17,447 Iteration 471. ELBO: -inf. MSE: 0.0008223858944632464. R^2: 0.8890014511093632. Rp: 0.9432291471141012.
2021-11-10 17:51:18,026 Iteration 481. ELBO: -inf. MSE: 0.0008223694666449853. R^2: 0.8890036683944611. Rp: 0.9432299915140141.
2021-11-10 17:51:18,716 Iteration 491. ELBO: -inf. MSE: 0.0008223533556180389. R^2: 0.8890058429218018. Rp: 0.9432308212506408.
2021-11-10 17:51:19,294 Iteration 501. ELBO: -inf. MSE: 0.0008223375527797383. R^2: 0.8890079758524996. Rp: 0.9432316366368663.
2021-11-10 17:51:19,910 Iteration 511. ELBO: -inf. MSE: 0.0008223220493850499. R^2: 0.8890100683668836. Rp: 0.943232438012688.
2021-11-10 17:51:20,511 Iteration 521. ELBO: -inf. MSE: 0.0008223068366934646. R^2: 0.889012121644672. Rp: 0.9432332257331949.
2021-11-10 17:51:21,113 Iteration 531. ELBO: -inf. MSE: 0.0008222919060705379. R^2: 0.889014136851268. Rp: 0.9432340001600165.
2021-11-10 17:51:21,733 Iteration 541. ELBO: -inf. MSE: 0.0008222772490566105. R^2: 0.889016115128483. Rp: 0.9432347616553017.
2021-11-10 17:51:22,317 Iteration 551. ELBO: -inf. MSE: 0.0008222628574118527. R^2: 0.8890180575884583. Rp: 0.9432355105775326.
2021-11-10 17:51:22,897 Iteration 561. ELBO: -inf. MSE: 0.0008222487231442961. R^2: 0.8890199653098808. Rp: 0.9432362472786694.
2021-11-10 17:51:23,479 Iteration 571. ELBO: -inf. MSE: 0.0008222348385257302. R^2: 0.8890218393358376. Rp: 0.943236972102258.
2021-11-10 17:51:24,057 Iteration 581. ELBO: -inf. MSE: 0.0008222211960989863. R^2: 0.889023680672833. Rp: 0.9432376853822327.
2021-11-10 17:51:24,640 Iteration 591. ELBO: -inf. MSE: 0.0008222077886792037. R^2: 0.8890254902906173. Rp: 0.9432383874422103.
2021-11-10 17:51:25,221 Iteration 601. ELBO: -inf. MSE: 0.0008221946093509088. R^2: 0.8890272691225817. Rp: 0.9432390785951426.
2021-11-10 17:51:25,803 Iteration 611. ELBO: -inf. MSE: 0.0008221816514622992. R^2: 0.8890290180665288. Rp: 0.9432397591432149.
2021-11-10 17:51:26,387 Iteration 621. ELBO: -inf. MSE: 0.0008221689086176707. R^2: 0.8890307379856958. Rp: 0.9432404293779182.
2021-11-10 17:51:26,979 Iteration 631. ELBO: -inf. MSE: 0.000822156374668697. R^2: 0.8890324297099305. Rp: 0.9432410895802414.
2021-11-10 17:51:27,579 Iteration 641. ELBO: -inf. MSE: 0.0008221440437050803. R^2: 0.8890340940369539. Rp: 0.9432417400209371.
2021-11-10 17:51:28,207 Iteration 651. ELBO: -inf. MSE: 0.0008221319100448657. R^2: 0.8890357317336673. Rp: 0.9432423809608451.
2021-11-10 17:51:28,792 Iteration 661. ELBO: -inf. MSE: 0.0008221199682247478. R^2: 0.8890373435374607. Rp: 0.9432430126512381.
2021-11-10 17:51:29,376 Iteration 671. ELBO: -inf. MSE: 0.0008221082129904572. R^2: 0.8890389301575096. Rp: 0.9432436353341885.
2021-11-10 17:51:29,962 Iteration 681. ELBO: -inf. MSE: 0.0008220966392873945. R^2: 0.8890404922760404. Rp: 0.9432442492429344.
2021-11-10 17:51:30,545 Iteration 691. ELBO: -inf. MSE: 0.000822085242251559. R^2: 0.889042030549554. Rp: 0.9432448546022493.
2021-11-10 17:51:31,141 Iteration 701. ELBO: -inf. MSE: 0.0008220740172008336. R^2: 0.8890435456100021. Rp: 0.9432454516288005.
2021-11-10 17:51:31,726 Iteration 711. ELBO: -inf. MSE: 0.0008220629596266284. R^2: 0.8890450380659152. Rp: 0.9432460405314992.
2021-11-10 17:51:32,370 Iteration 721. ELBO: -inf. MSE: 0.0008220520651859178. R^2: 0.8890465085034773. Rp: 0.9432466215118378.
2021-11-10 17:51:32,958 Iteration 731. ELBO: -inf. MSE: 0.0008220413296936556. R^2: 0.8890479574875501. Rp: 0.9432471947642155.
2021-11-10 17:51:33,570 Iteration 741. ELBO: -inf. MSE: 0.0008220307491155653. R^2: 0.8890493855626452. Rp: 0.9432477604762475.
2021-11-10 17:51:34,153 Iteration 751. ELBO: -inf. MSE: 0.0008220203195612993. R^2: 0.8890507932538482. Rp: 0.9432483188290607.
2021-11-10 17:51:34,755 Iteration 761. ELBO: -inf. MSE: 0.0008220100372779447. R^2: 0.8890521810676949. Rp: 0.9432488699975795.
2021-11-10 17:51:35,346 Iteration 771. ELBO: -inf. MSE: 0.0008219998986438727. R^2: 0.8890535494930014. Rp: 0.9432494141507891.
2021-11-10 17:51:35,947 Iteration 781. ELBO: -inf. MSE: 0.0008219899001629073. R^2: 0.8890548990016515. Rp: 0.9432499514519967.
2021-11-10 17:51:36,560 Iteration 791. ELBO: -inf. MSE: 0.0008219800384587955. R^2: 0.8890562300493425. Rp: 0.9432504820590709.
2021-11-10 17:51:37,154 Iteration 801. ELBO: -inf. MSE: 0.0008219703102699647. R^2: 0.8890575430762936. Rp: 0.9432510061246725.
2021-11-10 17:51:37,740 Iteration 811. ELBO: -inf. MSE: 0.0008219607124445595. R^2: 0.8890588385079147. Rp: 0.9432515237964759.
2021-11-10 17:51:38,319 Iteration 821. ELBO: -inf. MSE: 0.0008219512419357282. R^2: 0.8890601167554437. Rp: 0.9432520352173753.
2021-11-10 17:51:38,900 Iteration 831. ELBO: -inf. MSE: 0.0008219418957971579. R^2: 0.8890613782165486. Rp: 0.9432525405256834.
2021-11-10 17:51:39,482 Iteration 841. ELBO: -inf. MSE: 0.0008219326711788347. R^2: 0.8890626232758995. Rp: 0.9432530398553188.
2021-11-10 17:51:40,063 Iteration 851. ELBO: -inf. MSE: 0.000821923565323015. R^2: 0.8890638523057128. Rp: 0.9432535333359858.
2021-11-10 17:51:40,644 Iteration 861. ELBO: -inf. MSE: 0.0008219145755604168. R^2: 0.8890650656662654. Rp: 0.9432540210933433.
2021-11-10 17:51:41,225 Iteration 871. ELBO: -inf. MSE: 0.000821905699306577. R^2: 0.8890662637063855. Rp: 0.9432545032491669.
2021-11-10 17:51:41,814 Iteration 881. ELBO: -inf. MSE: 0.0008218969340584129. R^2: 0.8890674467639178. Rp: 0.9432549799215016.
2021-11-10 17:51:42,405 Iteration 891. ELBO: -inf. MSE: 0.0008218882773909357. R^2: 0.8890686151661662. Rp: 0.9432554512248107.
2021-11-10 17:51:42,990 Iteration 901. ELBO: -inf. MSE: 0.0008218797269541354. R^2: 0.889069769230315. Rp: 0.9432559172701123.
2021-11-10 17:51:43,582 Iteration 911. ELBO: -inf. MSE: 0.0008218712804700162. R^2: 0.8890709092638281. Rp: 0.9432563781651138.
2021-11-10 17:51:44,173 Iteration 921. ELBO: -inf. MSE: 0.0008218629357297633. R^2: 0.8890720355648326. Rp: 0.943256834014338.
2021-11-10 17:51:44,754 Iteration 931. ELBO: -inf. MSE: 0.0008218546905910607. R^2: 0.8890731484224795. Rp: 0.9432572849192437.
2021-11-10 17:51:45,345 Iteration 941. ELBO: -inf. MSE: 0.0008218465429755192. R^2: 0.889074248117292. Rp: 0.9432577309783408.
2021-11-10 17:51:45,929 Iteration 951. ELBO: -inf. MSE: 0.0008218384908662462. R^2: 0.8890753349214928. Rp: 0.9432581722872996.
2021-11-10 17:51:46,509 Iteration 961. ELBO: -inf. MSE: 0.0008218305323055001. R^2: 0.8890764090993211. Rp: 0.9432586089390569.
2021-11-10 17:51:47,092 Iteration 971. ELBO: -inf. MSE: 0.0008218226653924832. R^2: 0.8890774709073299. Rp: 0.9432590410239148.
2021-11-10 17:51:47,673 Iteration 981. ELBO: -inf. MSE: 0.0008218148882812084. R^2: 0.8890785205946748. Rp: 0.9432594686296366.
2021-11-10 17:51:48,254 Iteration 991. ELBO: -inf. MSE: 0.0008218071991784793. R^2: 0.889079558403386. Rp: 0.9432598918415388.
2021-11-10 17:51:48,781 Graph normalise NMF
2021-11-10 17:51:48,787 Performing 200 iterations of graph normalisation: 
2021-11-10 17:51:48,787 Iter, dF, F
2021-11-10 17:51:48,812 0, -17.091117, 0.969333
2021-11-10 17:51:49,126 Performing 200 iterations of graph normalisation: 
2021-11-10 17:51:49,126 Iter, dF, F
2021-11-10 17:51:49,159 0, -4.289117, 0.022223
2021-11-10 17:51:49,428 Performing 200 iterations of graph normalisation: 
2021-11-10 17:51:49,428 Iter, dF, F
2021-11-10 17:51:49,461 0, -4.308242, 0.022421
2021-11-10 17:51:49,732 Performing 200 iterations of graph normalisation: 
2021-11-10 17:51:49,733 Iter, dF, F
2021-11-10 17:51:49,765 0, -4.302797, 0.022365
2021-11-10 17:51:50,026 Performing 200 iterations of graph normalisation: 
2021-11-10 17:51:50,026 Iter, dF, F
2021-11-10 17:51:50,059 0, -4.296376, 0.022298
2021-11-10 17:51:50,319 Performing 200 iterations of graph normalisation: 
2021-11-10 17:51:50,319 Iter, dF, F
2021-11-10 17:51:50,351 0, -4.515778, 0.024633
2021-11-10 17:51:50,618 Performing 200 iterations of graph normalisation: 
2021-11-10 17:51:50,618 Iter, dF, F
2021-11-10 17:51:50,640 0, -15.423164, 0.802516
2021-11-10 17:51:50,792 Performing 200 iterations of graph normalisation: 
2021-11-10 17:51:50,793 Iter, dF, F
2021-11-10 17:51:50,820 0, -143.318335, 40.026868
2021-11-10 17:51:51,038 10, 2.363471, 2.855346
2021-11-10 17:51:51,105 Error round 0 of NMF: 0.005626
2021-11-10 17:51:51,105 0,0.0056263382729323
2021-11-10 17:51:51,105 Best error: 0.005626
2021-11-10 17:51:51,105 Run 250 iter SVI
2021-11-10 17:51:51,196 Iter, G, Div, DivF, total_elbo, diffElbo
2021-11-10 17:51:56,986 0, 8, 86.343027, 0.003686, 11748.689517, 1.000000
2021-11-10 17:52:57,478 10, 8, 38.605426, 0.001476, 8072.554529, 1047.660764
2021-11-10 17:53:55,824 20, 8, 38.483059, 0.001480, -213.568032, 779.189461
2021-11-10 17:54:51,211 30, 8, 38.349212, 0.001478, -7248.693477, 624.364904
2021-11-10 17:55:47,325 40, 8, 38.331783, 0.001478, -11920.009012, 364.698277
2021-11-10 17:56:42,611 New strain number 6
2021-11-10 17:56:47,158 50, 6, 38.309070, 0.001477, -13535.460362, 109.571251
2021-11-10 17:57:29,344 New strain number 4
2021-11-10 17:57:33,268 60, 4, 38.254364, 0.001476, -13279.203600, 257.652942
2021-11-10 17:58:03,807 New strain number 3
2021-11-10 17:58:06,548 70, 3, 38.560436, 0.001488, -13147.003414, 153.631260
2021-11-10 17:58:30,890 80, 3, 38.375960, 0.001481, -13144.406963, 0.054352
2021-11-10 17:58:55,586 90, 3, 38.364661, 0.001480, -13144.117655, 0.009299
2021-11-10 17:59:11,186 Run 250 iter SVI with relaxed path
2021-11-10 17:59:11,244 Iter, G, Div, DivF, total_elbo, diffElbo
2021-11-10 17:59:13,543 0, 3, 37.645507, 0.001439, -13086.372246, 57.722384
2021-11-10 17:59:34,468 10, 3, 37.341153, 0.001444, -13073.614221, 0.842603
2021-11-10 17:59:54,673 20, 3, 37.280967, 0.001441, -13070.074441, 0.001312
2021-11-10 18:00:15,123 30, 3, 37.280773, 0.001441, -13070.072784, 0.000039
2021-11-10 18:00:35,210 40, 3, 37.280766, 0.001441, -13070.072828, 0.000004
2021-11-10 18:00:57,664 50, 3, 37.280766, 0.001441, -13070.072824, 0.000000
2021-11-10 18:00:57,666 Write output prior uncertainty filter to /mnt/gpfs/seb/Project/Tuto/EBI/strain_11_21/Results/bayespaths/Bin_2/Bin_2_PreUFilter
2021-11-10 18:01:16,097 Run 250 iter SVI with uncertainty filtering
2021-11-10 18:01:16,168 Iter, G, Div, DivF, total_elbo, diffElbo
2021-11-10 18:01:18,112 0, 3, 39.152182, 0.001578, -13166.277936, 96.205111
2021-11-10 18:01:37,557 10, 3, 38.217277, 0.001479, -13142.294301, 0.097132
2021-11-10 18:01:56,785 20, 3, 38.202245, 0.001479, -13142.247816, 0.001919
2021-11-10 18:02:16,448 30, 3, 38.201939, 0.001479, -13142.249770, 0.000074
2021-11-10 18:02:36,378 40, 3, 38.201915, 0.001479, -13142.249517, 0.000001
2021-11-10 18:03:06,823 50, 3, 38.201913, 0.001479, -13142.249494, 0.000001
2021-11-10 18:03:06,882 Iter, G, Div, DivF, total_elbo, diffElbo
2021-11-10 18:03:08,772 0, 3, 37.477518, 0.001438, -13083.889427, 58.360067
2021-11-10 18:03:28,310 10, 3, 37.281840, 0.001442, -13070.247271, 0.075268
2021-11-10 18:03:48,298 20, 3, 37.280855, 0.001441, -13070.071062, 0.000371
2021-11-10 18:04:08,217 30, 3, 37.280766, 0.001441, -13070.072738, 0.000045
2021-11-10 18:04:27,594 40, 3, 37.280766, 0.001441, -13070.072825, 0.000000
2021-11-10 18:04:51,281 50, 3, 37.280766, 0.001441, -13070.072825, 0.000000
2021-11-10 18:04:51,283 Write output after uncertainty filter to /mnt/gpfs/seb/Project/Tuto/EBI/strain_11_21/Results/bayespaths/Bin_2/Bin_2_PostUFilter
2021-11-10 18:05:09,760 Write final output to bayespaths/Bin_2/Bin_2 ...
2021-11-10 18:05:28,354 BayesPaths finished resolving 3 strains
