  0:00:00.000     4M / 6M    INFO    General                 (main.cpp                  : 118)   Starting Computing unitig coverage profiles across a list of samples, built from N/A, git revision 4865aad17ca751d43ef01edae09ac53c6bd42f38
  0:00:00.000     4M / 6M    INFO    General                 (main.cpp                  : 127)   K-mer length set to 77
  0:00:00.000     4M / 6M    INFO    General                 (main.cpp                  : 132)   # of threads to use: 8
  0:00:00.001     4M / 6M    INFO    General                 (main.cpp                  :  53)   Loading de Bruijn graph from assembly/high_res/simplified.gfa
  0:00:00.170    43M / 46M   INFO    General                 (utils.hpp                 :  35)   GFA segments: 62280, links: 165912
  0:00:00.520    75M / 85M   INFO    General                 (utils.hpp                 :  40)   Graph loaded. Total vertices: 249120 Total edges: 124559
  0:00:00.520    75M / 85M   INFO    General                 (graph_pack.hpp            : 105)   Index refill
  0:00:00.520    75M / 85M   INFO   K-mer Index Building     (kmer_index_builder.hpp    : 301)   Building kmer index 
  0:00:00.520    75M / 85M   INFO    General                 (kmer_index_builder.hpp    : 117)   Splitting kmer instances into 128 files using 8 threads. This might take a while.
  0:00:00.520    75M / 85M   INFO    General                 (file_limit.hpp            :  32)   Open file limit set to 1024
  0:00:00.521    75M / 85M   INFO    General                 (kmer_splitters.hpp        :  89)   Memory available for splitting buffers: 7.15828e+08 Gb
  0:00:00.521    75M / 85M   INFO    General                 (kmer_splitters.hpp        :  97)   Using cell size of 174762
  0:00:00.964     6G / 6G    INFO    General                 (edge_index_builders.hpp   :  77)   Processed 124559 edges
  0:00:00.964     6G / 6G    INFO    General                 (edge_index_builders.hpp   :  82)   Used 124559 sequences.
  0:00:00.985   177M / 278M  INFO    General                 (kmer_index_builder.hpp    : 120)   Starting k-mer counting.
  0:00:01.096   177M / 278M  INFO    General                 (kmer_index_builder.hpp    : 127)   K-mer counting done. There are 8015349 kmers in total. 
  0:00:01.097   177M / 278M  INFO    General                 (kmer_index_builder.hpp    : 133)   Merging temporary buckets.
  0:00:01.221   177M / 278M  INFO   K-mer Index Building     (kmer_index_builder.hpp    : 314)   Building perfect hash indices
  0:00:01.494   177M / 278M  INFO    General                 (kmer_index_builder.hpp    : 150)   Merging final buckets.
  0:00:01.651   177M / 278M  INFO   K-mer Index Building     (kmer_index_builder.hpp    : 336)   Index built. Total 3724896 bytes occupied (3.71776 bits per kmer).
  0:00:01.743   305M / 305M  INFO    General                 (edge_index_builders.hpp   : 107)   Collecting edge information from graph, this takes a while.
  0:00:02.376   301M / 301M  INFO    General                 (edge_index.hpp            :  92)   Index refilled
  0:00:02.376   301M / 301M  INFO    General                 (graph_pack.hpp            : 113)   Normalizing k-mer map. Total 0 kmers to process
  0:00:02.376   301M / 301M  INFO    General                 (graph_pack.hpp            : 115)   Normalizing done
