  0:00:00.000     4M / 6M    INFO    General                 (main.cpp                  : 134)   Starting SPAdes-based standalone graph simplifier, built from N/A, git revision 4865aad17ca751d43ef01edae09ac53c6bd42f38
  0:00:00.000     4M / 6M    INFO    General                 (main.cpp                  : 143)   K-mer length set to 77
  0:00:00.000     4M / 6M    INFO    General                 (main.cpp                  : 148)   # of threads to use: 8
  0:00:00.000     4M / 6M    INFO    General                 (main.cpp                  : 152)   Loading de Bruijn graph from assembly/high_res/graph_pack.gfa
  0:00:01.900   310M / 312M  INFO    General                 (utils.hpp                 :  35)   GFA segments: 747301, links: 1572156
  0:00:05.622   601M / 827M  INFO    General                 (utils.hpp                 :  40)   Graph loaded. Total vertices: 2989204 Total edges: 1494594
  0:00:05.644   601M / 827M  INFO    General                 (main.cpp                  : 214)   Mean coverage option was not specified. Using default value of 0
  0:00:05.644   601M / 827M  INFO    General                 (main.cpp                  : 230)   Erroneous connection coverage threshold set at 2.5
  0:00:05.644   601M / 827M  INFO    General                 (simplification.hpp        : 111)   Graph simplification started
  0:00:05.644   601M / 827M  INFO    General                 (simplification.hpp        : 114)   PROCEDURE == Simplification cycle, iteration 1
  0:00:05.644   601M / 827M  INFO   Simplification           (parallel_processing.hpp   : 165)   Running Tip clipper
  0:00:10.250   548M / 827M  INFO   Simplification           (parallel_processing.hpp   : 167)   Tip clipper triggered 329991 times
  0:00:10.250   548M / 827M  INFO   Simplification           (parallel_processing.hpp   : 165)   Running Low coverage edge remover with bounded length
  0:00:10.324   548M / 827M  INFO   Simplification           (parallel_processing.hpp   : 167)   Low coverage edge remover with bounded length triggered 6 times
  0:00:10.324   548M / 827M  INFO    General                 (simplification.hpp        : 114)   PROCEDURE == Simplification cycle, iteration 2
  0:00:10.324   548M / 827M  INFO   Simplification           (parallel_processing.hpp   : 165)   Running Tip clipper
  0:00:10.325   548M / 827M  INFO   Simplification           (parallel_processing.hpp   : 167)   Tip clipper triggered 0 times
  0:00:10.325   548M / 827M  INFO   Simplification           (parallel_processing.hpp   : 165)   Running Low coverage edge remover with bounded length
  0:00:10.554   548M / 827M  INFO   Simplification           (parallel_processing.hpp   : 167)   Low coverage edge remover with bounded length triggered 7568 times
  0:00:10.555   548M / 827M  INFO    General                 (simplification.hpp        : 114)   PROCEDURE == Simplification cycle, iteration 3
  0:00:10.555   548M / 827M  INFO   Simplification           (parallel_processing.hpp   : 165)   Running Tip clipper
  0:00:10.573   548M / 827M  INFO   Simplification           (parallel_processing.hpp   : 167)   Tip clipper triggered 672 times
  0:00:10.573   548M / 827M  INFO   Simplification           (parallel_processing.hpp   : 165)   Running Low coverage edge remover with bounded length
  0:00:10.680   535M / 827M  INFO   Simplification           (parallel_processing.hpp   : 167)   Low coverage edge remover with bounded length triggered 3351 times
  0:00:10.680   535M / 827M  INFO    General                 (simplification.hpp        : 143)   Unconditional coverage lower-bound set at 2
  0:00:10.681   535M / 827M  INFO    General                 (graph_simplification.hpp  : 456)   Disconnection of relatively low covered edges disabled
  0:00:10.681   535M / 827M  INFO    General                 (simplification.hpp        : 114)   PROCEDURE == Simplification cycle, iteration 1
  0:00:10.681   535M / 827M  INFO   Simplification           (parallel_processing.hpp   : 165)   Running Tip clipper
  0:00:10.736   535M / 827M  INFO   Simplification           (parallel_processing.hpp   : 167)   Tip clipper triggered 37 times
  0:00:10.736   535M / 827M  INFO   Simplification           (parallel_processing.hpp   : 165)   Running Low coverage edge remover with bounded length
  0:00:10.792   535M / 827M  INFO   Simplification           (parallel_processing.hpp   : 167)   Low coverage edge remover with bounded length triggered 0 times
  0:00:10.792   535M / 827M  INFO   Simplification           (parallel_processing.hpp   : 165)   Running Removing all edges with coverage below 2.000000
  0:00:10.844   535M / 827M  INFO   Simplification           (parallel_processing.hpp   : 167)   Removing all edges with coverage below 2.000000 triggered 672 times
  0:00:10.844   535M / 827M  INFO    General                 (simplification.hpp        : 114)   PROCEDURE == Simplification cycle, iteration 2
  0:00:10.844   535M / 827M  INFO   Simplification           (parallel_processing.hpp   : 165)   Running Tip clipper
  0:00:10.844   535M / 827M  INFO   Simplification           (parallel_processing.hpp   : 167)   Tip clipper triggered 0 times
  0:00:10.844   535M / 827M  INFO   Simplification           (parallel_processing.hpp   : 165)   Running Low coverage edge remover with bounded length
  0:00:10.844   535M / 827M  INFO   Simplification           (parallel_processing.hpp   : 167)   Low coverage edge remover with bounded length triggered 0 times
  0:00:10.844   535M / 827M  INFO   Simplification           (parallel_processing.hpp   : 165)   Running Removing all edges with coverage below 2.000000
  0:00:10.845   535M / 827M  INFO   Simplification           (parallel_processing.hpp   : 167)   Removing all edges with coverage below 2.000000 triggered 0 times
  0:00:10.845   535M / 827M  INFO    General                 (main.cpp                  : 243)   Saving graph to assembly/high_res/simplified
  0:00:10.845   535M / 827M  INFO    General                 (main.cpp                  : 253)   Saving GFA
  0:00:11.355   535M / 827M  INFO    General                 (main.cpp                  : 286)   Finished
