-------------------------------------
PRODIGAL v2.6.3 [February, 2016]         
Univ of Tenn / Oak Ridge National Lab
Doug Hyatt, Loren Hauser, et al.     
-------------------------------------
Request:  Metagenomic, Phase:  Training
Initializing training files...done!
-------------------------------------
Request:  Metagenomic, Phase:  Gene Finding
Finding genes in sequence #1 (1606 bp)...done!
Finding genes in sequence #2 (1666 bp)...done!
Finding genes in sequence #3 (1017 bp)...done!
Finding genes in sequence #4 (3983 bp)...done!
Finding genes in sequence #5 (2409 bp)...done!
Finding genes in sequence #6 (717 bp)...done!
Finding genes in sequence #7 (1156 bp)...done!
Finding genes in sequence #8 (2289 bp)...done!
Finding genes in sequence #9 (1305 bp)...done!
Finding genes in sequence #10 (453 bp)...done!
Finding genes in sequence #11 (885 bp)...done!
Finding genes in sequence #12 (1415 bp)...done!
Finding genes in sequence #13 (1891 bp)...done!
Finding genes in sequence #14 (560 bp)...done!
Finding genes in sequence #15 (1763 bp)...done!
Finding genes in sequence #16 (1005 bp)...done!
Finding genes in sequence #17 (1800 bp)...done!
Finding genes in sequence #18 (3834 bp)...done!
Finding genes in sequence #19 (4082 bp)...done!
Finding genes in sequence #20 (4579 bp)...done!
Finding genes in sequence #21 (1257 bp)...done!
Finding genes in sequence #22 (1603 bp)...done!
Finding genes in sequence #23 (500 bp)...done!
Finding genes in sequence #24 (1002 bp)...done!
Finding genes in sequence #25 (539 bp)...done!
Finding genes in sequence #26 (1264 bp)...done!
Finding genes in sequence #27 (1562 bp)...done!
Finding genes in sequence #28 (1557 bp)...done!
Finding genes in sequence #29 (1455 bp)...done!
Finding genes in sequence #30 (1659 bp)...done!
Finding genes in sequence #31 (4991 bp)...done!
Finding genes in sequence #32 (1505 bp)...done!
Finding genes in sequence #33 (1606 bp)...done!
Finding genes in sequence #34 (3983 bp)...done!
Finding genes in sequence #35 (717 bp)...done!
Finding genes in sequence #36 (1156 bp)...done!
Finding genes in sequence #37 (1972 bp)...done!
Finding genes in sequence #38 (1002 bp)...done!
Finding genes in sequence #39 (1557 bp)...done!
Finding genes in sequence #40 (4991 bp)...done!
Finding genes in sequence #41 (1505 bp)...done!
