Command line: /home/ubuntu/repos/STRONG/SPAdes/assembler/bin/spades.py	--meta	--only-assembler	--save-gp	-t	8	-k	77	-m	2000	-1	/mnt/mydatalocal/Projects/STRONG_AD/data/sample1/sample1_R1.fastq	-1	/mnt/mydatalocal/Projects/STRONG_AD/data/sample10/sample10_R1.fastq	-1	/mnt/mydatalocal/Projects/STRONG_AD/data/sample2/sample2_R1.fastq	-1	/mnt/mydatalocal/Projects/STRONG_AD/data/sample3/sample3_R1.fastq	-1	/mnt/mydatalocal/Projects/STRONG_AD/data/sample4/sample4_R1.fastq	-1	/mnt/mydatalocal/Projects/STRONG_AD/data/sample5/sample5_R1.fastq	-1	/mnt/mydatalocal/Projects/STRONG_AD/data/sample6/sample6_R1.fastq	-1	/mnt/mydatalocal/Projects/STRONG_AD/data/sample7/sample7_R1.fastq	-1	/mnt/mydatalocal/Projects/STRONG_AD/data/sample8/sample8_R1.fastq	-1	/mnt/mydatalocal/Projects/STRONG_AD/data/sample9/sample9_R1.fastq	-2	/mnt/mydatalocal/Projects/STRONG_AD/data/sample1/sample1_R2.fastq	-2	/mnt/mydatalocal/Projects/STRONG_AD/data/sample10/sample10_R2.fastq	-2	/mnt/mydatalocal/Projects/STRONG_AD/data/sample2/sample2_R2.fastq	-2	/mnt/mydatalocal/Projects/STRONG_AD/data/sample3/sample3_R2.fastq	-2	/mnt/mydatalocal/Projects/STRONG_AD/data/sample4/sample4_R2.fastq	-2	/mnt/mydatalocal/Projects/STRONG_AD/data/sample5/sample5_R2.fastq	-2	/mnt/mydatalocal/Projects/STRONG_AD/data/sample6/sample6_R2.fastq	-2	/mnt/mydatalocal/Projects/STRONG_AD/data/sample7/sample7_R2.fastq	-2	/mnt/mydatalocal/Projects/STRONG_AD/data/sample8/sample8_R2.fastq	-2	/mnt/mydatalocal/Projects/STRONG_AD/data/sample9/sample9_R2.fastq	-o	/mnt/mydatalocal/Projects/STRONG_AD/Results/assembly/spades	

System information:
  SPAdes version: 3.14.0
  Python version: 3.6.12
  OS: Linux-5.4.0-88-generic-x86_64-with-debian-bullseye-sid

Output dir: /mnt/mydatalocal/Projects/STRONG_AD/Results/assembly/spades
Mode: ONLY assembling (without read error correction)
Debug mode is turned OFF

Dataset parameters:
  Metagenomic mode
  Reads:
    Library number: 1, library type: paired-end
      orientation: fr
      left reads: ['/mnt/mydatalocal/Projects/STRONG_AD/data/sample1/sample1_R1.fastq', '/mnt/mydatalocal/Projects/STRONG_AD/data/sample10/sample10_R1.fastq', '/mnt/mydatalocal/Projects/STRONG_AD/data/sample2/sample2_R1.fastq', '/mnt/mydatalocal/Projects/STRONG_AD/data/sample3/sample3_R1.fastq', '/mnt/mydatalocal/Projects/STRONG_AD/data/sample4/sample4_R1.fastq', '/mnt/mydatalocal/Projects/STRONG_AD/data/sample5/sample5_R1.fastq', '/mnt/mydatalocal/Projects/STRONG_AD/data/sample6/sample6_R1.fastq', '/mnt/mydatalocal/Projects/STRONG_AD/data/sample7/sample7_R1.fastq', '/mnt/mydatalocal/Projects/STRONG_AD/data/sample8/sample8_R1.fastq', '/mnt/mydatalocal/Projects/STRONG_AD/data/sample9/sample9_R1.fastq']
      right reads: ['/mnt/mydatalocal/Projects/STRONG_AD/data/sample1/sample1_R2.fastq', '/mnt/mydatalocal/Projects/STRONG_AD/data/sample10/sample10_R2.fastq', '/mnt/mydatalocal/Projects/STRONG_AD/data/sample2/sample2_R2.fastq', '/mnt/mydatalocal/Projects/STRONG_AD/data/sample3/sample3_R2.fastq', '/mnt/mydatalocal/Projects/STRONG_AD/data/sample4/sample4_R2.fastq', '/mnt/mydatalocal/Projects/STRONG_AD/data/sample5/sample5_R2.fastq', '/mnt/mydatalocal/Projects/STRONG_AD/data/sample6/sample6_R2.fastq', '/mnt/mydatalocal/Projects/STRONG_AD/data/sample7/sample7_R2.fastq', '/mnt/mydatalocal/Projects/STRONG_AD/data/sample8/sample8_R2.fastq', '/mnt/mydatalocal/Projects/STRONG_AD/data/sample9/sample9_R2.fastq']
      interlaced reads: not specified
      single reads: not specified
      merged reads: not specified
Assembly parameters:
  k: [77]
  Repeat resolution is enabled
  Mismatch careful mode is turned OFF
  MismatchCorrector will be SKIPPED
  Coverage cutoff is turned OFF
Other parameters:
  Dir for temp files: /mnt/mydatalocal/Projects/STRONG_AD/Results/assembly/spades/tmp
  Threads: 8
  Memory limit (in Gb): 2000


======= SPAdes pipeline started. Log can be found here: /mnt/mydatalocal/Projects/STRONG_AD/Results/assembly/spades/spades.log

/mnt/mydatalocal/Projects/STRONG_AD/data/sample1/sample1_R1.fastq: max reads length: 150
/mnt/mydatalocal/Projects/STRONG_AD/data/sample10/sample10_R1.fastq: max reads length: 150
/mnt/mydatalocal/Projects/STRONG_AD/data/sample2/sample2_R1.fastq: max reads length: 150
/mnt/mydatalocal/Projects/STRONG_AD/data/sample3/sample3_R1.fastq: max reads length: 150
/mnt/mydatalocal/Projects/STRONG_AD/data/sample4/sample4_R1.fastq: max reads length: 150
/mnt/mydatalocal/Projects/STRONG_AD/data/sample5/sample5_R1.fastq: max reads length: 150
/mnt/mydatalocal/Projects/STRONG_AD/data/sample6/sample6_R1.fastq: max reads length: 150
/mnt/mydatalocal/Projects/STRONG_AD/data/sample7/sample7_R1.fastq: max reads length: 150
/mnt/mydatalocal/Projects/STRONG_AD/data/sample8/sample8_R1.fastq: max reads length: 150
/mnt/mydatalocal/Projects/STRONG_AD/data/sample9/sample9_R1.fastq: max reads length: 150
/mnt/mydatalocal/Projects/STRONG_AD/data/sample1/sample1_R2.fastq: max reads length: 150
/mnt/mydatalocal/Projects/STRONG_AD/data/sample10/sample10_R2.fastq: max reads length: 150
/mnt/mydatalocal/Projects/STRONG_AD/data/sample2/sample2_R2.fastq: max reads length: 150
/mnt/mydatalocal/Projects/STRONG_AD/data/sample3/sample3_R2.fastq: max reads length: 150
/mnt/mydatalocal/Projects/STRONG_AD/data/sample4/sample4_R2.fastq: max reads length: 150
/mnt/mydatalocal/Projects/STRONG_AD/data/sample5/sample5_R2.fastq: max reads length: 150
/mnt/mydatalocal/Projects/STRONG_AD/data/sample6/sample6_R2.fastq: max reads length: 150
/mnt/mydatalocal/Projects/STRONG_AD/data/sample7/sample7_R2.fastq: max reads length: 150
/mnt/mydatalocal/Projects/STRONG_AD/data/sample8/sample8_R2.fastq: max reads length: 150
/mnt/mydatalocal/Projects/STRONG_AD/data/sample9/sample9_R2.fastq: max reads length: 150

Reads length: 150


===== Assembling started. 


===== K77 started. 


== Running: /home/ubuntu/repos/STRONG/SPAdes/assembler/bin/spades-core /mnt/mydatalocal/Projects/STRONG_AD/Results/assembly/spades/K77/configs/config.info /mnt/mydatalocal/Projects/STRONG_AD/Results/assembly/spades/K77/configs/mda_mode.info /mnt/mydatalocal/Projects/STRONG_AD/Results/assembly/spades/K77/configs/meta_mode.info

  0:00:00.000     4M / 11M   INFO    General                 (main.cpp                  :  73)   Loaded config from /mnt/mydatalocal/Projects/STRONG_AD/Results/assembly/spades/K77/configs/config.info
  0:00:00.000     4M / 11M   INFO    General                 (main.cpp                  :  73)   Loaded config from /mnt/mydatalocal/Projects/STRONG_AD/Results/assembly/spades/K77/configs/mda_mode.info
  0:00:00.000     4M / 11M   INFO    General                 (main.cpp                  :  73)   Loaded config from /mnt/mydatalocal/Projects/STRONG_AD/Results/assembly/spades/K77/configs/meta_mode.info
  0:00:00.000     4M / 11M   INFO    General                 (memory_limit.cpp          :  49)   Memory limit set to 2000 Gb
  0:00:00.000     4M / 11M   INFO    General                 (main.cpp                  :  83)   Starting SPAdes, built from N/A, git revision 4865aad17ca751d43ef01edae09ac53c6bd42f38
  0:00:00.000     4M / 11M   INFO    General                 (main.cpp                  :  84)   Maximum k-mer length: 128
  0:00:00.000     4M / 11M   INFO    General                 (main.cpp                  :  85)   Assembling dataset (/mnt/mydatalocal/Projects/STRONG_AD/Results/assembly/spades/dataset.info) with K=77
  0:00:00.000     4M / 11M   INFO    General                 (main.cpp                  :  86)   Maximum # of threads to use (adjusted due to OMP capabilities): 8
  0:00:00.000     4M / 11M   INFO    General                 (launch.hpp                :  79)   SPAdes started
  0:00:00.000     4M / 11M   INFO    General                 (launch.hpp                :  86)   Starting from stage: read_conversion
  0:00:00.000     4M / 11M   INFO    General                 (launch.hpp                :  92)   Two-step RR enabled: 1
  0:00:00.001     4M / 11M   INFO    General                 (launch.hpp                : 103)   Will need read mapping, kmer mapper will be attached
  0:00:00.001     4M / 11M   INFO   StageManager             (stage.cpp                 : 166)   STAGE == Binary Read Conversion
  0:00:00.002     4M / 11M   INFO    General                 (read_converter.cpp        :  72)   Converting reads to binary format for library #0 (takes a while)
  0:00:00.002     4M / 11M   INFO    General                 (read_converter.cpp        :  73)   Converting paired reads
  0:00:38.811     2G / 2G    INFO    General                 (binary_converter.cpp      :  96)   16384 reads processed
  0:00:38.875     2G / 2G    INFO    General                 (binary_converter.cpp      :  96)   32768 reads processed
  0:00:39.008     2G / 2G    INFO    General                 (binary_converter.cpp      :  96)   65536 reads processed
  0:00:39.291     2G / 2G    INFO    General                 (binary_converter.cpp      :  96)   131072 reads processed
  0:00:41.236     2G / 2G    INFO    General                 (binary_converter.cpp      :  96)   262144 reads processed
  0:00:45.519     2G / 2G    INFO    General                 (binary_converter.cpp      :  96)   524288 reads processed
  0:00:49.631     2G / 2G    INFO    General                 (binary_converter.cpp      :  96)   1048576 reads processed
  0:01:02.333     2G / 2G    INFO    General                 (binary_converter.cpp      :  96)   2097152 reads processed
  0:01:08.075     2G / 2G    INFO    General                 (binary_converter.cpp      : 111)   3042841 reads written
  0:01:08.077  1023M / 2G    INFO    General                 (read_converter.cpp        :  81)   Converting single reads
  0:01:08.078     2G / 2G    INFO    General                 (binary_converter.cpp      : 111)   0 reads written
  0:01:08.078     2G / 2G    INFO    General                 (read_converter.cpp        :  87)   Converting merged reads
  0:01:08.078     2G / 2G    INFO    General                 (binary_converter.cpp      : 111)   0 reads written
  0:01:08.129   110M / 2G    INFO   StageManager             (stage.cpp                 : 166)   STAGE == de Bruijn graph construction
  0:01:08.130   110M / 2G    INFO    General                 (construction.cpp          : 150)   Max read length 150
  0:01:08.130   110M / 2G    INFO    General                 (construction.cpp          : 156)   Average read length 149.742
  0:01:08.130   110M / 2G    INFO    General                 (stage.cpp                 : 113)   PROCEDURE == k+1-mer counting
  0:01:08.131   110M / 2G    INFO    General                 (kmer_index_builder.hpp    : 117)   Splitting kmer instances into 64 files using 8 threads. This might take a while.
  0:01:08.131   110M / 2G    INFO    General                 (file_limit.hpp            :  32)   Open file limit set to 1024
  0:01:08.131   110M / 2G    INFO    General                 (kmer_splitters.hpp        :  89)   Memory available for splitting buffers: 83.3333 Gb
  0:01:08.131   110M / 2G    INFO    General                 (kmer_splitters.hpp        :  97)   Using cell size of 349525
  0:01:14.508     6G / 6G    INFO    General                 (kmer_splitters.hpp        : 287)   Processed 4875734 reads
  0:01:20.595     6G / 6G    INFO    General                 (kmer_splitters.hpp        : 287)   Processed 9747266 reads
  0:01:23.803     6G / 6G    INFO    General                 (kmer_splitters.hpp        : 287)   Processed 12171364 reads
  0:01:24.152    82M / 5G    INFO    General                 (kmer_splitters.hpp        : 293)   Used 12171364 reads
  0:01:24.152    82M / 5G    INFO    General                 (kmer_index_builder.hpp    : 120)   Starting k-mer counting.
  0:01:25.085    82M / 5G    INFO    General                 (kmer_index_builder.hpp    : 127)   K-mer counting done. There are 46416382 kmers in total.
  0:01:25.085    82M / 5G    INFO    General                 (kmer_index_builder.hpp    : 133)   Merging temporary buckets.
  0:01:25.842    39M / 5G    INFO    General                 (stage.cpp                 : 113)   PROCEDURE == Extension index construction
  0:01:25.842    39M / 5G    INFO   K-mer Index Building     (kmer_index_builder.hpp    : 301)   Building kmer index
  0:01:25.842    39M / 5G    INFO    General                 (kmer_index_builder.hpp    : 117)   Splitting kmer instances into 128 files using 8 threads. This might take a while.
  0:01:25.842    39M / 5G    INFO    General                 (file_limit.hpp            :  32)   Open file limit set to 1024
  0:01:25.843    39M / 5G    INFO    General                 (kmer_splitters.hpp        :  89)   Memory available for splitting buffers: 83.3333 Gb
  0:01:25.843    39M / 5G    INFO    General                 (kmer_splitters.hpp        :  97)   Using cell size of 174762
  0:01:28.775     6G / 6G    INFO    General                 (kmer_splitters.hpp        : 364)   Processed 28122459 kmers
  0:01:30.801     6G / 6G    INFO    General                 (kmer_splitters.hpp        : 364)   Processed 46416390 kmers
  0:01:30.802     6G / 6G    INFO    General                 (kmer_splitters.hpp        : 369)   Used 46416390 kmers.
  0:01:30.923   156M / 5G    INFO    General                 (kmer_index_builder.hpp    : 120)   Starting k-mer counting.
  0:01:31.730   156M / 5G    INFO    General                 (kmer_index_builder.hpp    : 127)   K-mer counting done. There are 46594636 kmers in total.
  0:01:31.730   156M / 5G    INFO    General                 (kmer_index_builder.hpp    : 133)   Merging temporary buckets.
  0:01:32.368   156M / 5G    INFO   K-mer Index Building     (kmer_index_builder.hpp    : 314)   Building perfect hash indices
  0:01:33.758   154M / 5G    INFO    General                 (kmer_index_builder.hpp    : 150)   Merging final buckets.
  0:01:34.530   154M / 5G    INFO   K-mer Index Building     (kmer_index_builder.hpp    : 336)   Index built. Total 21614168 bytes occupied (3.71101 bits per kmer).
  0:01:34.573   202M / 5G    INFO   DeBruijnExtensionIndexBu (kmer_extension_index_build:  99)   Building k-mer extensions from k+1-mers
  0:01:39.464   202M / 5G    INFO   DeBruijnExtensionIndexBu (kmer_extension_index_build: 103)   Building k-mer extensions from k+1-mers finished.
  0:01:39.466   147M / 5G    INFO    General                 (stage.cpp                 : 113)   PROCEDURE == Condensing graph
  0:01:39.467   147M / 5G    INFO   UnbranchingPathExtractor (debruijn_graph_constructor: 354)   Extracting unbranching paths
  0:01:46.640   297M / 5G    INFO   UnbranchingPathExtractor (debruijn_graph_constructor: 373)   Extracting unbranching paths finished. 1568076 sequences extracted
  0:01:49.951   297M / 5G    INFO   UnbranchingPathExtractor (debruijn_graph_constructor: 309)   Collecting perfect loops
  0:01:51.190   297M / 5G    INFO   UnbranchingPathExtractor (debruijn_graph_constructor: 342)   Collecting perfect loops finished. 0 loops collected
  0:01:53.535   678M / 5G    INFO    General                 (stage.cpp                 : 113)   PROCEDURE == Filling coverage indices (PHM)
  0:01:53.536   678M / 5G    INFO   K-mer Index Building     (kmer_index_builder.hpp    : 301)   Building kmer index
  0:01:53.536   678M / 5G    INFO   K-mer Index Building     (kmer_index_builder.hpp    : 314)   Building perfect hash indices
  0:01:55.199   689M / 5G    INFO   K-mer Index Building     (kmer_index_builder.hpp    : 336)   Index built. Total 21536136 bytes occupied (3.71182 bits per kmer).
  0:01:55.322   881M / 5G    INFO    General                 (construction.cpp          : 429)   Collecting k-mer coverage information from reads, this takes a while.
  0:02:19.512   827M / 5G    INFO    General                 (construction.cpp          : 549)   Filling coverage and flanking coverage from PHM
  0:02:24.650   827M / 5G    INFO    General                 (construction.cpp          : 505)   Processed 3136141 edges
  0:02:24.845   570M / 5G    INFO   StageManager             (stage.cpp                 : 166)   STAGE == Gap Closer
  0:02:24.846   570M / 5G    INFO    General                 (graph_pack.hpp            : 105)   Index refill
  0:02:24.846   570M / 5G    INFO   K-mer Index Building     (kmer_index_builder.hpp    : 301)   Building kmer index
  0:02:24.846   570M / 5G    INFO    General                 (kmer_index_builder.hpp    : 117)   Splitting kmer instances into 128 files using 8 threads. This might take a while.
  0:02:24.846   570M / 5G    INFO    General                 (file_limit.hpp            :  32)   Open file limit set to 1024
  0:02:24.847   570M / 5G    INFO    General                 (kmer_splitters.hpp        :  89)   Memory available for splitting buffers: 83.3146 Gb
  0:02:24.847   570M / 5G    INFO    General                 (kmer_splitters.hpp        :  97)   Using cell size of 174762
  0:02:26.798     6G / 6G    INFO    General                 (edge_index_builders.hpp   :  77)   Processed 3136141 edges
  0:02:26.798     6G / 6G    INFO    General                 (edge_index_builders.hpp   :  82)   Used 3136141 sequences.
  0:02:26.881   552M / 5G    INFO    General                 (kmer_index_builder.hpp    : 120)   Starting k-mer counting.
  0:02:27.465   539M / 5G    INFO    General                 (kmer_index_builder.hpp    : 127)   K-mer counting done. There are 46416382 kmers in total.
  0:02:27.466   539M / 5G    INFO    General                 (kmer_index_builder.hpp    : 133)   Merging temporary buckets.
  0:02:28.151   539M / 5G    INFO   K-mer Index Building     (kmer_index_builder.hpp    : 314)   Building perfect hash indices
  0:02:29.562   556M / 5G    INFO    General                 (kmer_index_builder.hpp    : 150)   Merging final buckets.
  0:02:30.397   556M / 5G    INFO   K-mer Index Building     (kmer_index_builder.hpp    : 336)   Index built. Total 21531680 bytes occupied (3.71105 bits per kmer).
  0:02:30.833     2G / 5G    INFO    General                 (edge_index_builders.hpp   : 107)   Collecting edge information from graph, this takes a while.
  0:02:33.994     2G / 5G    INFO    General                 (edge_index.hpp            :  92)   Index refilled
  0:02:33.995     2G / 5G    INFO    General                 (gap_closer.cpp            : 147)   Preparing shift maps
  0:02:36.819     2G / 5G    INFO    General                 (gap_closer.cpp            : 107)   Processing paired reads (takes a while)
  0:02:47.699     2G / 5G    INFO    General                 (gap_closer.cpp            : 126)   Used 3042841 paired reads
  0:02:47.699     2G / 5G    INFO    General                 (gap_closer.cpp            : 128)   Merging paired indices
  0:02:48.433     2G / 5G    INFO   GapCloser                (gap_closer.cpp            : 332)   Closing short gaps
  0:02:50.902     2G / 5G    INFO   GapCloser                (gap_closer.cpp            : 364)   Closing short gaps complete: filled 238 gaps after checking 3717 candidates
  0:02:51.095     2G / 5G    INFO   StageManager             (stage.cpp                 : 166)   STAGE == Raw Simplification
  0:02:51.126   730M / 5G    INFO    General                 (simplification.cpp        : 128)   PROCEDURE == InitialCleaning
  0:02:51.127   730M / 5G    INFO   Simplification           (parallel_processing.hpp   : 165)   Running Self conjugate edge remover
  0:02:51.272   730M / 5G    INFO   Simplification           (parallel_processing.hpp   : 167)   Self conjugate edge remover triggered 0 times
  0:02:51.272   730M / 5G    INFO   Simplification           (parallel_processing.hpp   : 165)   Running Initial tip clipper
  0:02:56.410   588M / 5G    INFO   Simplification           (parallel_processing.hpp   : 167)   Initial tip clipper triggered 318526 times
  0:02:56.411   588M / 5G    INFO   Simplification           (parallel_processing.hpp   : 165)   Running Initial ec remover
  0:02:56.579   588M / 5G    INFO   Simplification           (parallel_processing.hpp   : 167)   Initial ec remover triggered 2 times
  0:02:56.579   588M / 5G    INFO   Simplification           (parallel_processing.hpp   : 165)   Running Disconnecting edges with low flanking coverage
  0:02:56.716   588M / 5G    INFO   Simplification           (parallel_processing.hpp   : 167)   Disconnecting edges with low flanking coverage triggered 27 times
  0:02:56.717   588M / 5G    INFO   Simplification           (parallel_processing.hpp   : 165)   Running Initial isolated edge remover
  0:02:57.518   574M / 5G    INFO   Simplification           (parallel_processing.hpp   : 167)   Initial isolated edge remover triggered 208777 times
  0:02:57.519   574M / 5G    INFO   StageManager             (stage.cpp                 : 166)   STAGE == Preliminary Simplification
  0:02:57.520   574M / 5G    INFO    General                 (simplification.cpp        : 383)   Graph simplification started
  0:03:01.967   566M / 5G    INFO    General                 (graph_simplification.hpp  : 643)   Creating parallel br instance
  0:03:01.968   566M / 5G    INFO    General                 (simplification.cpp        : 388)   PROCEDURE == Simplification cycle, iteration 1
  0:03:01.968   566M / 5G    INFO   Simplification           (parallel_processing.hpp   : 165)   Running Tip clipper
  0:03:06.108   541M / 5G    INFO   Simplification           (parallel_processing.hpp   : 167)   Tip clipper triggered 329673 times
  0:03:06.108   541M / 5G    INFO   Simplification           (parallel_processing.hpp   : 165)   Running Bulge remover
  0:03:11.857   687M / 5G    INFO   Simplification           (parallel_processing.hpp   : 167)   Bulge remover triggered 18116 times
  0:03:11.858   687M / 5G    INFO   Simplification           (parallel_processing.hpp   : 165)   Running Low coverage edge remover
  0:03:11.876   687M / 5G    INFO   Simplification           (parallel_processing.hpp   : 167)   Low coverage edge remover triggered 0 times
  0:03:11.876   687M / 5G    INFO    General                 (simplification.cpp        : 388)   PROCEDURE == Simplification cycle, iteration 2
  0:03:11.877   687M / 5G    INFO   Simplification           (parallel_processing.hpp   : 165)   Running Tip clipper
  0:03:11.884   687M / 5G    INFO   Simplification           (parallel_processing.hpp   : 167)   Tip clipper triggered 89 times
  0:03:11.884   687M / 5G    INFO   Simplification           (parallel_processing.hpp   : 165)   Running Bulge remover
  0:03:11.885   687M / 5G    INFO   Simplification           (parallel_processing.hpp   : 167)   Bulge remover triggered 3 times
  0:03:11.885   687M / 5G    INFO   Simplification           (parallel_processing.hpp   : 165)   Running Low coverage edge remover
  0:03:11.939   685M / 5G    INFO   Simplification           (parallel_processing.hpp   : 167)   Low coverage edge remover triggered 1999 times
  0:03:11.940   685M / 5G    INFO    General                 (simplification.cpp        : 388)   PROCEDURE == Simplification cycle, iteration 3
  0:03:11.940   685M / 5G    INFO   Simplification           (parallel_processing.hpp   : 165)   Running Tip clipper
  0:03:11.951   685M / 5G    INFO   Simplification           (parallel_processing.hpp   : 167)   Tip clipper triggered 562 times
  0:03:11.951   685M / 5G    INFO   Simplification           (parallel_processing.hpp   : 165)   Running Bulge remover
  0:03:12.244   689M / 5G    INFO   Simplification           (parallel_processing.hpp   : 167)   Bulge remover triggered 721 times
  0:03:12.244   689M / 5G    INFO   Simplification           (parallel_processing.hpp   : 165)   Running Low coverage edge remover
  0:03:12.274   687M / 5G    INFO   Simplification           (parallel_processing.hpp   : 167)   Low coverage edge remover triggered 954 times
  0:03:12.274   687M / 5G    INFO    General                 (simplification.cpp        : 388)   PROCEDURE == Simplification cycle, iteration 4
  0:03:12.275   687M / 5G    INFO   Simplification           (parallel_processing.hpp   : 165)   Running Tip clipper
  0:03:12.290   687M / 5G    INFO   Simplification           (parallel_processing.hpp   : 167)   Tip clipper triggered 31 times
  0:03:12.290   687M / 5G    INFO   Simplification           (parallel_processing.hpp   : 165)   Running Bulge remover
  0:03:12.505   690M / 5G    INFO   Simplification           (parallel_processing.hpp   : 167)   Bulge remover triggered 346 times
  0:03:12.506   690M / 5G    INFO   Simplification           (parallel_processing.hpp   : 165)   Running Low coverage edge remover
  0:03:12.525   690M / 5G    INFO   Simplification           (parallel_processing.hpp   : 167)   Low coverage edge remover triggered 0 times
  0:03:12.525   690M / 5G    INFO    General                 (simplification.cpp        : 388)   PROCEDURE == Simplification cycle, iteration 5
  0:03:12.526   690M / 5G    INFO   Simplification           (parallel_processing.hpp   : 165)   Running Tip clipper
  0:03:12.526   690M / 5G    INFO   Simplification           (parallel_processing.hpp   : 167)   Tip clipper triggered 0 times
  0:03:12.526   690M / 5G    INFO   Simplification           (parallel_processing.hpp   : 165)   Running Bulge remover
  0:03:12.526   690M / 5G    INFO   Simplification           (parallel_processing.hpp   : 167)   Bulge remover triggered 0 times
  0:03:12.527   690M / 5G    INFO   Simplification           (parallel_processing.hpp   : 165)   Running Low coverage edge remover
  0:03:12.527   690M / 5G    INFO   Simplification           (parallel_processing.hpp   : 167)   Low coverage edge remover triggered 0 times
  0:03:12.536   690M / 5G    INFO   StageManager             (stage.cpp                 : 166)   STAGE == Gap Closer
  0:03:12.536   690M / 5G    INFO    General                 (graph_pack.hpp            : 105)   Index refill
  0:03:12.536   690M / 5G    INFO   K-mer Index Building     (kmer_index_builder.hpp    : 301)   Building kmer index
  0:03:12.537   690M / 5G    INFO    General                 (kmer_index_builder.hpp    : 117)   Splitting kmer instances into 128 files using 8 threads. This might take a while.
  0:03:12.537   690M / 5G    INFO    General                 (file_limit.hpp            :  32)   Open file limit set to 1024
  0:03:12.537   690M / 5G    INFO    General                 (kmer_splitters.hpp        :  89)   Memory available for splitting buffers: 83.3081 Gb
  0:03:12.537   690M / 5G    INFO    General                 (kmer_splitters.hpp        :  97)   Using cell size of 174762
  0:03:12.894     6G / 6G    INFO    General                 (edge_index_builders.hpp   :  77)   Processed 60553 edges
  0:03:12.894     6G / 6G    INFO    General                 (edge_index_builders.hpp   :  82)   Used 60553 sequences.
  0:03:12.913   710M / 5G    INFO    General                 (kmer_index_builder.hpp    : 120)   Starting k-mer counting.
  0:03:13.014   709M / 5G    INFO    General                 (kmer_index_builder.hpp    : 127)   K-mer counting done. There are 7193147 kmers in total.
  0:03:13.015   709M / 5G    INFO    General                 (kmer_index_builder.hpp    : 133)   Merging temporary buckets.
  0:03:13.112   709M / 5G    INFO   K-mer Index Building     (kmer_index_builder.hpp    : 314)   Building perfect hash indices
  0:03:13.360   708M / 5G    INFO    General                 (kmer_index_builder.hpp    : 150)   Merging final buckets.
  0:03:13.462   708M / 5G    INFO   K-mer Index Building     (kmer_index_builder.hpp    : 336)   Index built. Total 3343952 bytes occupied (3.71904 bits per kmer).
  0:03:13.612   820M / 5G    INFO    General                 (edge_index_builders.hpp   : 107)   Collecting edge information from graph, this takes a while.
  0:03:13.974   820M / 5G    INFO    General                 (edge_index.hpp            :  92)   Index refilled
  0:03:13.974   820M / 5G    INFO    General                 (gap_closer.cpp            : 147)   Preparing shift maps
  0:03:14.009   815M / 5G    INFO    General                 (gap_closer.cpp            : 107)   Processing paired reads (takes a while)
  0:03:26.005   792M / 5G    INFO    General                 (gap_closer.cpp            : 126)   Used 3042841 paired reads
  0:03:26.006   792M / 5G    INFO    General                 (gap_closer.cpp            : 128)   Merging paired indices
  0:03:26.008   792M / 5G    INFO   GapCloser                (gap_closer.cpp            : 332)   Closing short gaps
  0:03:26.061   792M / 5G    INFO   GapCloser                (gap_closer.cpp            : 364)   Closing short gaps complete: filled 34 gaps after checking 202 candidates
  0:03:26.187   792M / 5G    INFO   StageManager             (stage.cpp                 : 166)   STAGE == Preliminary Paired Information Counting
  0:03:26.529   806M / 5G    INFO    General                 (graph_pack.hpp            : 113)   Normalizing k-mer map. Total 3179924 kmers to process
  0:03:27.602   806M / 5G    INFO    General                 (graph_pack.hpp            : 115)   Normalizing done
  0:03:27.602   806M / 5G    INFO    General                 (pair_info_count.cpp       : 322)   Min edge length for estimation: 900
  0:03:27.602   806M / 5G    INFO    General                 (pair_info_count.cpp       : 333)   Estimating insert size for library #0
  0:03:27.603   806M / 5G    INFO    General                 (pair_info_count.cpp       : 190)   Estimating insert size (takes a while)
  0:03:27.713   950M / 5G    INFO    General                 (pair_info_count.cpp       :  39)   Selecting usual mapper
  0:03:33.749   950M / 5G    INFO    General                 (sequence_mapper_notifier.h:  76)   Processed 200000 reads
  0:03:33.781   950M / 5G    INFO    General                 (sequence_mapper_notifier.h:  76)   Processed 400000 reads
  0:03:33.847   950M / 5G    INFO    General                 (sequence_mapper_notifier.h:  76)   Processed 600000 reads
  0:03:33.879   950M / 5G    INFO    General                 (sequence_mapper_notifier.h:  76)   Processed 800000 reads
  0:03:33.909   950M / 5G    INFO    General                 (sequence_mapper_notifier.h:  76)   Processed 1000000 reads
  0:03:33.944   950M / 5G    INFO    General                 (sequence_mapper_notifier.h:  76)   Processed 1200000 reads
  0:03:40.603   950M / 5G    INFO    General                 (sequence_mapper_notifier.h:  94)   Total 3042841 reads processed
  0:03:40.706   950M / 5G    INFO    General                 (pair_info_count.cpp       : 208)   Edge pairs: 384752
  0:03:40.706   950M / 5G    INFO    General                 (pair_info_count.cpp       : 210)   1716083 paired reads (56.3974% of all) aligned to long edges
  0:03:40.718   806M / 5G    INFO    General                 (pair_info_count.cpp       : 352)     Insert size = 419.557, deviation = 128.883, left quantile = 275, right quantile = 591, read length = 150
  0:03:40.719   807M / 5G    INFO    General                 (pair_info_count.cpp       : 373)   Filtering data for library #0
  0:03:40.720   807M / 5G    INFO    General                 (pair_info_count.cpp       :  39)   Selecting usual mapper
  0:03:46.738   808M / 5G    INFO    General                 (sequence_mapper_notifier.h:  76)   Processed 200000 reads
  0:03:46.800   808M / 5G    INFO    General                 (sequence_mapper_notifier.h:  76)   Processed 400000 reads
  0:03:46.802   808M / 5G    INFO    General                 (sequence_mapper_notifier.h:  76)   Processed 600000 reads
  0:03:46.827   808M / 5G    INFO    General                 (sequence_mapper_notifier.h:  76)   Processed 800000 reads
  0:03:46.889   808M / 5G    INFO    General                 (sequence_mapper_notifier.h:  76)   Processed 1000000 reads
  0:03:46.921   808M / 5G    INFO    General                 (sequence_mapper_notifier.h:  76)   Processed 1200000 reads
  0:03:53.301   808M / 5G    INFO    General                 (sequence_mapper_notifier.h:  94)   Total 3042841 reads processed
  0:03:53.302   808M / 5G    INFO    General                 (pair_info_count.cpp       : 385)   Mapping library #0
  0:03:53.302   808M / 5G    INFO    General                 (pair_info_count.cpp       : 387)   Mapping paired reads (takes a while)
  0:03:53.303   808M / 5G    INFO    General                 (pair_info_count.cpp       : 285)   Left insert size quantile 275, right insert size quantile 591, filtering threshold 1, rounding threshold 0
  0:03:53.321   817M / 5G    INFO    General                 (pair_info_count.cpp       :  39)   Selecting usual mapper
  0:03:59.702   838M / 5G    INFO    General                 (sequence_mapper_notifier.h:  76)   Processed 200000 reads
  0:03:59.850   838M / 5G    INFO    General                 (sequence_mapper_notifier.h:  76)   Processed 400000 reads
  0:03:59.856   838M / 5G    INFO    General                 (sequence_mapper_notifier.h:  76)   Processed 600000 reads
  0:03:59.884   838M / 5G    INFO    General                 (sequence_mapper_notifier.h:  76)   Processed 800000 reads
  0:03:59.920   838M / 5G    INFO    General                 (sequence_mapper_notifier.h:  76)   Processed 1000000 reads
  0:03:59.940   838M / 5G    INFO    General                 (sequence_mapper_notifier.h:  76)   Processed 1200000 reads
  0:04:06.638   851M / 5G    INFO    General                 (sequence_mapper_notifier.h:  94)   Total 3042841 reads processed
  0:04:06.655   843M / 5G    INFO   StageManager             (stage.cpp                 : 166)   STAGE == Preliminary Distance Estimation
  0:04:06.655   843M / 5G    INFO    General                 (distance_estimation.cpp   : 174)   Processing library #0
  0:04:06.655   843M / 5G    INFO    General                 (distance_estimation.cpp   : 150)   Weight Filter Done
  0:04:06.655   843M / 5G    INFO   DistanceEstimator        (distance_estimation.hpp   : 116)   Using SIMPLE distance estimator
  0:04:07.428   880M / 5G    INFO    General                 (distance_estimation.cpp   :  35)   Filtering info
  0:04:07.429   880M / 5G    INFO    General                 (pair_info_filters.hpp     : 242)   Start filtering; index size: 456268
  0:04:07.652   895M / 5G    INFO    General                 (pair_info_filters.hpp     : 263)   Done filtering
  0:04:07.653   887M / 5G    INFO    General                 (distance_estimation.cpp   : 157)   Refining clustered pair information
  0:04:07.787   887M / 5G    INFO    General                 (distance_estimation.cpp   : 159)   The refining of clustered pair information has been finished
  0:04:07.787   887M / 5G    INFO    General                 (distance_estimation.cpp   : 161)   Improving paired information
  0:04:08.607   883M / 5G    INFO   PairInfoImprover         (pair_info_improver.hpp    : 102)   Paired info stats: missing = 56856; contradictional = 0
  0:04:09.428   887M / 5G    INFO   PairInfoImprover         (pair_info_improver.hpp    : 102)   Paired info stats: missing = 3594; contradictional = 0
  0:04:09.428   887M / 5G    INFO    General                 (distance_estimation.cpp   : 104)   Filling scaffolding index
  0:04:09.429   887M / 5G    INFO   DistanceEstimator        (distance_estimation.hpp   : 116)   Using SMOOTHING distance estimator
  0:04:10.072   889M / 5G    INFO    General                 (distance_estimation.cpp   :  35)   Filtering info
  0:04:10.072   889M / 5G    INFO    General                 (pair_info_filters.hpp     : 242)   Start filtering; index size: 75085
  0:04:10.112   892M / 5G    INFO    General                 (pair_info_filters.hpp     : 263)   Done filtering
  0:04:10.113   892M / 5G    INFO    General                 (distance_estimation.cpp   : 183)   Clearing raw paired index
  0:04:10.179   892M / 5G    INFO   StageManager             (stage.cpp                 : 166)   STAGE == Preliminary Repeat Resolving
  0:04:11.630   889M / 5G    INFO    General                 (repeat_resolving.cpp      :  56)   Setting up preliminary path extend settings
  0:04:11.630   889M / 5G    INFO    General                 (repeat_resolving.cpp      :  69)   Using Path-Extend repeat resolving
  0:04:11.630   889M / 5G    INFO    General                 (launcher.cpp              : 538)   ExSPAnder repeat resolving tool started
  0:04:11.867   995M / 5G    INFO    General                 (launcher.cpp              : 404)   Creating main extenders, unique edge length = 2000
  0:04:11.929   995M / 5G    INFO    General                 (extenders_logic.cpp       : 519)   Using 1 paired-end library
  0:04:11.930   995M / 5G    INFO    General                 (extenders_logic.cpp       : 520)   Using 1 paired-end scaffolding library
  0:04:11.930   995M / 5G    INFO    General                 (extenders_logic.cpp       : 521)   Using 0 single read libraries
  0:04:11.930   995M / 5G    INFO    General                 (launcher.cpp              : 432)   Total number of extenders is 3
  0:04:11.930   995M / 5G    INFO    General                 (path_extender.hpp         : 894)   Processed 0 paths from 30165 (0%)
  0:04:11.960   996M / 5G    INFO    General                 (path_extender.hpp         : 892)   Processed 128 paths from 30165 (0%)
  0:04:11.988   998M / 5G    INFO    General                 (path_extender.hpp         : 892)   Processed 256 paths from 30165 (0%)
  0:04:12.064  1000M / 5G    INFO    General                 (path_extender.hpp         : 892)   Processed 512 paths from 30165 (1%)
  0:04:12.163  1004M / 5G    INFO    General                 (path_extender.hpp         : 892)   Processed 1024 paths from 30165 (3%)
  0:04:12.517  1013M / 5G    INFO    General                 (path_extender.hpp         : 892)   Processed 2048 paths from 30165 (6%)
  0:04:12.775  1022M / 5G    INFO    General                 (path_extender.hpp         : 894)   Processed 3017 paths from 30165 (10%)
  0:04:13.224     2G / 5G    INFO    General                 (path_extender.hpp         : 892)   Processed 4096 paths from 30165 (13%)
  0:04:13.979     2G / 5G    INFO    General                 (path_extender.hpp         : 894)   Processed 6034 paths from 30165 (20%)
  0:04:15.241     2G / 5G    INFO    General                 (path_extender.hpp         : 892)   Processed 8192 paths from 30165 (27%)
  0:04:15.782     2G / 5G    INFO    General                 (path_extender.hpp         : 894)   Processed 9051 paths from 30165 (30%)
  0:04:16.952     2G / 5G    INFO    General                 (path_extender.hpp         : 894)   Processed 12068 paths from 30165 (40%)
  0:04:18.161     2G / 5G    INFO    General                 (path_extender.hpp         : 894)   Processed 15085 paths from 30165 (50%)
  0:04:19.112     2G / 5G    INFO    General                 (path_extender.hpp         : 892)   Processed 16384 paths from 30165 (54%)
  0:04:20.329     2G / 5G    INFO    General                 (path_extender.hpp         : 894)   Processed 18102 paths from 30165 (60%)
  0:04:21.758     2G / 5G    INFO    General                 (path_extender.hpp         : 894)   Processed 21119 paths from 30165 (70%)
  0:04:22.488     2G / 5G    INFO    General                 (path_extender.hpp         : 894)   Processed 24136 paths from 30165 (80%)
  0:04:22.956     2G / 5G    INFO    General                 (path_extender.hpp         : 894)   Processed 27153 paths from 30165 (90%)
  0:04:23.296     2G / 5G    INFO    General                 (launcher.cpp              : 244)   Finalizing paths
  0:04:23.296     2G / 5G    INFO    General                 (launcher.cpp              : 246)   Deduplicating paths
  0:04:23.481     2G / 5G    INFO    General                 (launcher.cpp              : 250)   Paths deduplicated
  0:04:23.481     2G / 5G    INFO    General                 (launcher.cpp              : 257)   Overlaps will not be removed
  0:04:23.536     2G / 5G    INFO    General                 (launcher.cpp              : 267)   Paths finalized
  0:04:23.537     2G / 5G    INFO    General                 (launcher.cpp              : 439)   Closing gaps in paths
  0:04:23.655     2G / 5G    INFO    General                 (launcher.cpp              : 467)   Gap closing completed
  0:04:23.715     2G / 5G    INFO    General                 (launcher.cpp              : 296)   Traversing tandem repeats
  0:04:23.845     2G / 5G    INFO    General                 (launcher.cpp              : 306)   Traversed 0 loops
  0:04:23.845     2G / 5G    INFO    General                 (launcher.cpp              : 244)   Finalizing paths
  0:04:23.845     2G / 5G    INFO    General                 (launcher.cpp              : 246)   Deduplicating paths
  0:04:23.914     2G / 5G    INFO    General                 (launcher.cpp              : 250)   Paths deduplicated
  0:04:23.914     2G / 5G    INFO    General                 (launcher.cpp              : 257)   Overlaps will not be removed
  0:04:23.957     2G / 5G    INFO    General                 (launcher.cpp              : 267)   Paths finalized
  0:04:23.957     2G / 5G    INFO    General                 (launcher.cpp              : 596)   ExSPAnder repeat resolving tool finished
  0:04:24.215     2G / 5G    INFO    General                 (repeat_resolving.cpp      :  75)   Restoring initial path extend settings
  0:04:24.215     2G / 5G    INFO   StageManager             (stage.cpp                 : 166)   STAGE == Contig Output
  0:04:24.215     2G / 5G    INFO    General                 (contig_output_stage.cpp   : 107)   Writing GFA to /mnt/mydatalocal/Projects/STRONG_AD/Results/assembly/spades/K77/assembly_graph_with_scaffolds.gfa
  0:04:24.423     2G / 5G    INFO    General                 (contig_output.hpp         :  21)   Outputting contigs to /mnt/mydatalocal/Projects/STRONG_AD/Results/assembly/spades/K77/before_rr.fasta
  0:04:24.620     2G / 5G    INFO    General                 (contig_output_stage.cpp   : 118)   Outputting FastG graph to /mnt/mydatalocal/Projects/STRONG_AD/Results/assembly/spades/K77/assembly_graph.fastg
  0:04:25.384     2G / 5G    INFO    General                 (contig_output_stage.cpp   :  80)   Outputting FastG paths to /mnt/mydatalocal/Projects/STRONG_AD/Results/assembly/spades/K77/final_contigs.paths
  0:04:25.947     2G / 5G    INFO    General                 (contig_output_stage.cpp   :  80)   Outputting FastG paths to /mnt/mydatalocal/Projects/STRONG_AD/Results/assembly/spades/K77/scaffolds.paths
  0:04:26.527     2G / 5G    INFO   StageManager             (stage.cpp                 : 166)   STAGE == Second Phase Setup
  0:04:26.528     2G / 5G    INFO    General                 (second_phase_setup.cpp    :  16)   Preparing second phase
  0:04:26.639     2G / 5G    INFO    General                 (second_phase_setup.cpp    :  27)   Moving preliminary contigs from /mnt/mydatalocal/Projects/STRONG_AD/Results/assembly/spades/K77/final_contigs.fasta to /mnt/mydatalocal/Projects/STRONG_AD/Results/assembly/spades/K77/first_pe_contigs.fasta
  0:04:26.639     2G / 5G    INFO    General                 (second_phase_setup.cpp    :  39)   Ready to run second phase
  0:04:26.640     2G / 5G    INFO   StageManager             (stage.cpp                 : 166)   STAGE == Simplification
  0:04:26.645     2G / 5G    INFO    General                 (simplification.cpp        : 383)   Graph simplification started
  0:04:28.057  1020M / 5G    INFO    General                 (graph_simplification.hpp  : 643)   Creating parallel br instance
  0:04:28.058  1020M / 5G    INFO    General                 (simplification.cpp        : 388)   PROCEDURE == Simplification cycle, iteration 1
  0:04:28.058  1020M / 5G    INFO   Simplification           (parallel_processing.hpp   : 165)   Running Tip clipper
  0:04:28.075  1020M / 5G    INFO   Simplification           (parallel_processing.hpp   : 167)   Tip clipper triggered 0 times
  0:04:28.075  1020M / 5G    INFO   Simplification           (parallel_processing.hpp   : 165)   Running Bulge remover
  0:04:30.103   943M / 5G    INFO   Simplification           (parallel_processing.hpp   : 167)   Bulge remover triggered 4570 times
  0:04:30.103   943M / 5G    INFO   Simplification           (parallel_processing.hpp   : 165)   Running Low coverage edge remover
  0:04:30.117   943M / 5G    INFO   Simplification           (parallel_processing.hpp   : 167)   Low coverage edge remover triggered 0 times
  0:04:30.117   943M / 5G    INFO    General                 (simplification.cpp        : 388)   PROCEDURE == Simplification cycle, iteration 2
  0:04:30.118   943M / 5G    INFO   Simplification           (parallel_processing.hpp   : 165)   Running Tip clipper
  0:04:30.119   943M / 5G    INFO   Simplification           (parallel_processing.hpp   : 167)   Tip clipper triggered 1 times
  0:04:30.119   943M / 5G    INFO   Simplification           (parallel_processing.hpp   : 165)   Running Bulge remover
  0:04:30.119   943M / 5G    INFO   Simplification           (parallel_processing.hpp   : 167)   Bulge remover triggered 0 times
  0:04:30.119   943M / 5G    INFO   Simplification           (parallel_processing.hpp   : 165)   Running Low coverage edge remover
  0:04:30.119   943M / 5G    INFO   Simplification           (parallel_processing.hpp   : 167)   Low coverage edge remover triggered 0 times
  0:04:30.120   943M / 5G    INFO    General                 (simplification.cpp        : 388)   PROCEDURE == Simplification cycle, iteration 3
  0:04:30.120   943M / 5G    INFO   Simplification           (parallel_processing.hpp   : 165)   Running Tip clipper
  0:04:30.120   943M / 5G    INFO   Simplification           (parallel_processing.hpp   : 167)   Tip clipper triggered 0 times
  0:04:30.120   943M / 5G    INFO   Simplification           (parallel_processing.hpp   : 165)   Running Bulge remover
  0:04:30.120   943M / 5G    INFO   Simplification           (parallel_processing.hpp   : 167)   Bulge remover triggered 0 times
  0:04:30.121   943M / 5G    INFO   Simplification           (parallel_processing.hpp   : 165)   Running Low coverage edge remover
  0:04:30.121   943M / 5G    INFO   Simplification           (parallel_processing.hpp   : 167)   Low coverage edge remover triggered 0 times
  0:04:30.121   943M / 5G    INFO    General                 (simplification.cpp        : 388)   PROCEDURE == Simplification cycle, iteration 4
  0:04:30.121   943M / 5G    INFO   Simplification           (parallel_processing.hpp   : 165)   Running Tip clipper
  0:04:30.134   943M / 5G    INFO   Simplification           (parallel_processing.hpp   : 167)   Tip clipper triggered 0 times
  0:04:30.134   943M / 5G    INFO   Simplification           (parallel_processing.hpp   : 165)   Running Bulge remover
  0:04:30.179   939M / 5G    INFO   Simplification           (parallel_processing.hpp   : 167)   Bulge remover triggered 0 times
  0:04:30.179   939M / 5G    INFO   Simplification           (parallel_processing.hpp   : 165)   Running Low coverage edge remover
  0:04:30.192   939M / 5G    INFO   Simplification           (parallel_processing.hpp   : 167)   Low coverage edge remover triggered 0 times
  0:04:30.208   939M / 5G    INFO   StageManager             (stage.cpp                 : 166)   STAGE == Gap Closer
  0:04:30.209   939M / 5G    INFO    General                 (graph_pack.hpp            : 105)   Index refill
  0:04:30.209   939M / 5G    INFO   K-mer Index Building     (kmer_index_builder.hpp    : 301)   Building kmer index
  0:04:30.209   939M / 5G    INFO    General                 (kmer_index_builder.hpp    : 117)   Splitting kmer instances into 128 files using 8 threads. This might take a while.
  0:04:30.210   939M / 5G    INFO    General                 (file_limit.hpp            :  32)   Open file limit set to 1024
  0:04:30.210   939M / 5G    INFO    General                 (kmer_splitters.hpp        :  89)   Memory available for splitting buffers: 83.3064 Gb
  0:04:30.210   939M / 5G    INFO    General                 (kmer_splitters.hpp        :  97)   Using cell size of 174762
  0:04:30.560     6G / 6G    INFO    General                 (edge_index_builders.hpp   :  77)   Processed 33177 edges
  0:04:30.560     6G / 6G    INFO    General                 (edge_index_builders.hpp   :  82)   Used 33177 sequences.
  0:04:30.594   932M / 5G    INFO    General                 (kmer_index_builder.hpp    : 120)   Starting k-mer counting.
  0:04:30.714   929M / 5G    INFO    General                 (kmer_index_builder.hpp    : 127)   K-mer counting done. There are 6788708 kmers in total.
  0:04:30.714   929M / 5G    INFO    General                 (kmer_index_builder.hpp    : 133)   Merging temporary buckets.
  0:04:30.819   929M / 5G    INFO   K-mer Index Building     (kmer_index_builder.hpp    : 314)   Building perfect hash indices
  0:04:31.060   901M / 5G    INFO    General                 (kmer_index_builder.hpp    : 150)   Merging final buckets.
  0:04:31.175   901M / 5G    INFO   K-mer Index Building     (kmer_index_builder.hpp    : 336)   Index built. Total 3156256 bytes occupied (3.71942 bits per kmer).
  0:04:31.263  1013M / 5G    INFO    General                 (edge_index_builders.hpp   : 107)   Collecting edge information from graph, this takes a while.
  0:04:31.598   983M / 5G    INFO    General                 (edge_index.hpp            :  92)   Index refilled
  0:04:31.599   983M / 5G    INFO    General                 (gap_closer.cpp            : 147)   Preparing shift maps
  0:04:31.625   983M / 5G    INFO    General                 (gap_closer.cpp            : 107)   Processing paired reads (takes a while)
  0:04:46.253   843M / 5G    INFO    General                 (gap_closer.cpp            : 126)   Used 3042841 paired reads
  0:04:46.254   843M / 5G    INFO    General                 (gap_closer.cpp            : 128)   Merging paired indices
  0:04:46.256   843M / 5G    INFO   GapCloser                (gap_closer.cpp            : 332)   Closing short gaps
  0:04:46.302   843M / 5G    INFO   GapCloser                (gap_closer.cpp            : 364)   Closing short gaps complete: filled 1 gaps after checking 200 candidates
  0:04:46.315   843M / 5G    INFO   StageManager             (stage.cpp                 : 166)   STAGE == Simplification Cleanup
  0:04:46.316   843M / 5G    INFO    General                 (simplification.cpp        : 196)   PROCEDURE == Post simplification
  0:04:46.316   843M / 5G    INFO    General                 (graph_simplification.hpp  : 643)   Creating parallel br instance
  0:04:46.316   843M / 5G    INFO    General                 (graph_simplification.hpp  : 643)   Creating parallel br instance
  0:04:46.317   843M / 5G    INFO   Simplification           (parallel_processing.hpp   : 165)   Running Relative coverage component remover
  0:04:52.371   841M / 5G    INFO   Simplification           (parallel_processing.hpp   : 167)   Relative coverage component remover triggered 1158 times
  0:04:52.371   841M / 5G    INFO   Simplification           (parallel_processing.hpp   : 165)   Running Disconnecting edges with relatively low coverage
  0:04:54.183   839M / 5G    INFO   Simplification           (parallel_processing.hpp   : 167)   Disconnecting edges with relatively low coverage triggered 846 times
  0:04:54.183   839M / 5G    INFO   Simplification           (parallel_processing.hpp   : 165)   Running Complex tip clipper
  0:04:54.211   838M / 5G    INFO   Simplification           (parallel_processing.hpp   : 167)   Complex tip clipper triggered 50 times
  0:04:54.211   838M / 5G    INFO   Simplification           (parallel_processing.hpp   : 165)   Running Complex bulge remover
  0:05:01.192   842M / 5G    INFO   Simplification           (parallel_processing.hpp   : 167)   Complex bulge remover triggered 852 times
  0:05:01.192   842M / 5G    INFO   Simplification           (parallel_processing.hpp   : 165)   Running Tip clipper
  0:05:02.664   836M / 5G    INFO   Simplification           (parallel_processing.hpp   : 167)   Tip clipper triggered 632 times
  0:05:02.664   836M / 5G    INFO   Simplification           (parallel_processing.hpp   : 165)   Running Final tip clipper
  0:05:04.891   835M / 5G    INFO   Simplification           (parallel_processing.hpp   : 167)   Final tip clipper triggered 200 times
  0:05:04.891   835M / 5G    INFO   Simplification           (parallel_processing.hpp   : 165)   Running Bulge remover
  0:05:06.357   833M / 5G    INFO   Simplification           (parallel_processing.hpp   : 167)   Bulge remover triggered 244 times
  0:05:06.358   833M / 5G    INFO   Simplification           (parallel_processing.hpp   : 165)   Running Final bulge remover
  0:05:11.108   841M / 5G    INFO   Simplification           (parallel_processing.hpp   : 167)   Final bulge remover triggered 203 times
  0:05:11.108   841M / 5G    INFO   Simplification           (parallel_processing.hpp   : 165)   Running Thorn remover (meta)
  0:05:11.123   841M / 5G    INFO   Simplification           (parallel_processing.hpp   : 167)   Thorn remover (meta) triggered 0 times
  0:05:11.124   841M / 5G    INFO   Simplification           (parallel_processing.hpp   : 165)   Running Relative coverage component remover
  0:05:11.526   838M / 5G    INFO   Simplification           (parallel_processing.hpp   : 167)   Relative coverage component remover triggered 10 times
  0:05:11.526   838M / 5G    INFO   Simplification           (parallel_processing.hpp   : 165)   Running Disconnecting edges with relatively low coverage
  0:05:12.109   837M / 5G    INFO   Simplification           (parallel_processing.hpp   : 167)   Disconnecting edges with relatively low coverage triggered 104 times
  0:05:12.109   837M / 5G    INFO   Simplification           (parallel_processing.hpp   : 165)   Running Complex tip clipper
  0:05:12.128   837M / 5G    INFO   Simplification           (parallel_processing.hpp   : 167)   Complex tip clipper triggered 9 times
  0:05:12.128   837M / 5G    INFO   Simplification           (parallel_processing.hpp   : 165)   Running Complex bulge remover
  0:05:13.448   838M / 5G    INFO   Simplification           (parallel_processing.hpp   : 167)   Complex bulge remover triggered 78 times
  0:05:13.449   838M / 5G    INFO   Simplification           (parallel_processing.hpp   : 165)   Running Tip clipper
  0:05:13.730   838M / 5G    INFO   Simplification           (parallel_processing.hpp   : 167)   Tip clipper triggered 79 times
  0:05:13.730   838M / 5G    INFO   Simplification           (parallel_processing.hpp   : 165)   Running Final tip clipper
  0:05:14.129   838M / 5G    INFO   Simplification           (parallel_processing.hpp   : 167)   Final tip clipper triggered 21 times
  0:05:14.129   838M / 5G    INFO   Simplification           (parallel_processing.hpp   : 165)   Running Bulge remover
  0:05:14.359   838M / 5G    INFO   Simplification           (parallel_processing.hpp   : 167)   Bulge remover triggered 28 times
  0:05:14.359   838M / 5G    INFO   Simplification           (parallel_processing.hpp   : 165)   Running Final bulge remover
  0:05:14.393   838M / 5G    INFO   Simplification           (parallel_processing.hpp   : 167)   Final bulge remover triggered 2 times
  0:05:14.393   838M / 5G    INFO   Simplification           (parallel_processing.hpp   : 165)   Running Thorn remover (meta)
  0:05:14.403   838M / 5G    INFO   Simplification           (parallel_processing.hpp   : 167)   Thorn remover (meta) triggered 0 times
  0:05:14.403   838M / 5G    INFO   Simplification           (parallel_processing.hpp   : 165)   Running Relative coverage component remover
  0:05:14.418   838M / 5G    INFO   Simplification           (parallel_processing.hpp   : 167)   Relative coverage component remover triggered 1 times
  0:05:14.418   838M / 5G    INFO   Simplification           (parallel_processing.hpp   : 165)   Running Disconnecting edges with relatively low coverage
  0:05:14.440   838M / 5G    INFO   Simplification           (parallel_processing.hpp   : 167)   Disconnecting edges with relatively low coverage triggered 5 times
  0:05:14.441   838M / 5G    INFO   Simplification           (parallel_processing.hpp   : 165)   Running Complex tip clipper
  0:05:14.451   838M / 5G    INFO   Simplification           (parallel_processing.hpp   : 167)   Complex tip clipper triggered 0 times
  0:05:14.451   838M / 5G    INFO   Simplification           (parallel_processing.hpp   : 165)   Running Complex bulge remover
  0:05:14.514   838M / 5G    INFO   Simplification           (parallel_processing.hpp   : 167)   Complex bulge remover triggered 4 times
  0:05:14.515   838M / 5G    INFO   Simplification           (parallel_processing.hpp   : 165)   Running Tip clipper
  0:05:14.525   838M / 5G    INFO   Simplification           (parallel_processing.hpp   : 167)   Tip clipper triggered 4 times
  0:05:14.525   838M / 5G    INFO   Simplification           (parallel_processing.hpp   : 165)   Running Final tip clipper
  0:05:14.538   838M / 5G    INFO   Simplification           (parallel_processing.hpp   : 167)   Final tip clipper triggered 1 times
  0:05:14.538   838M / 5G    INFO   Simplification           (parallel_processing.hpp   : 165)   Running Bulge remover
  0:05:14.538   838M / 5G    INFO   Simplification           (parallel_processing.hpp   : 167)   Bulge remover triggered 0 times
  0:05:14.539   838M / 5G    INFO   Simplification           (parallel_processing.hpp   : 165)   Running Final bulge remover
  0:05:14.539   838M / 5G    INFO   Simplification           (parallel_processing.hpp   : 167)   Final bulge remover triggered 0 times
  0:05:14.539   838M / 5G    INFO   Simplification           (parallel_processing.hpp   : 165)   Running Thorn remover (meta)
  0:05:14.540   838M / 5G    INFO   Simplification           (parallel_processing.hpp   : 167)   Thorn remover (meta) triggered 0 times
  0:05:14.540   838M / 5G    INFO   Simplification           (parallel_processing.hpp   : 165)   Running Relative coverage component remover
  0:05:14.561   838M / 5G    INFO   Simplification           (parallel_processing.hpp   : 167)   Relative coverage component remover triggered 0 times
  0:05:14.562   838M / 5G    INFO   Simplification           (parallel_processing.hpp   : 165)   Running Disconnecting edges with relatively low coverage
  0:05:14.564   838M / 5G    INFO   Simplification           (parallel_processing.hpp   : 167)   Disconnecting edges with relatively low coverage triggered 2 times
  0:05:14.564   838M / 5G    INFO   Simplification           (parallel_processing.hpp   : 165)   Running Complex tip clipper
  0:05:14.577   838M / 5G    INFO   Simplification           (parallel_processing.hpp   : 167)   Complex tip clipper triggered 0 times
  0:05:14.577   838M / 5G    INFO   Simplification           (parallel_processing.hpp   : 165)   Running Complex bulge remover
  0:05:14.593   838M / 5G    INFO   Simplification           (parallel_processing.hpp   : 167)   Complex bulge remover triggered 0 times
  0:05:14.593   838M / 5G    INFO   Simplification           (parallel_processing.hpp   : 165)   Running Tip clipper
  0:05:14.593   838M / 5G    INFO   Simplification           (parallel_processing.hpp   : 167)   Tip clipper triggered 1 times
  0:05:14.594   838M / 5G    INFO   Simplification           (parallel_processing.hpp   : 165)   Running Final tip clipper
  0:05:14.594   838M / 5G    INFO   Simplification           (parallel_processing.hpp   : 167)   Final tip clipper triggered 0 times
  0:05:14.594   838M / 5G    INFO   Simplification           (parallel_processing.hpp   : 165)   Running Bulge remover
  0:05:14.594   838M / 5G    INFO   Simplification           (parallel_processing.hpp   : 167)   Bulge remover triggered 0 times
  0:05:14.595   838M / 5G    INFO   Simplification           (parallel_processing.hpp   : 165)   Running Final bulge remover
  0:05:14.595   838M / 5G    INFO   Simplification           (parallel_processing.hpp   : 167)   Final bulge remover triggered 0 times
  0:05:14.595   838M / 5G    INFO   Simplification           (parallel_processing.hpp   : 165)   Running Thorn remover (meta)
  0:05:14.595   838M / 5G    INFO   Simplification           (parallel_processing.hpp   : 167)   Thorn remover (meta) triggered 0 times
  0:05:14.596   838M / 5G    INFO   Simplification           (parallel_processing.hpp   : 165)   Running Relative coverage component remover
  0:05:14.611   838M / 5G    INFO   Simplification           (parallel_processing.hpp   : 167)   Relative coverage component remover triggered 0 times
  0:05:14.611   838M / 5G    INFO   Simplification           (parallel_processing.hpp   : 165)   Running Disconnecting edges with relatively low coverage
  0:05:14.611   838M / 5G    INFO   Simplification           (parallel_processing.hpp   : 167)   Disconnecting edges with relatively low coverage triggered 0 times
  0:05:14.612   838M / 5G    INFO   Simplification           (parallel_processing.hpp   : 165)   Running Complex tip clipper
  0:05:14.623   838M / 5G    INFO   Simplification           (parallel_processing.hpp   : 167)   Complex tip clipper triggered 0 times
  0:05:14.623   838M / 5G    INFO   Simplification           (parallel_processing.hpp   : 165)   Running Complex bulge remover
  0:05:14.642   838M / 5G    INFO   Simplification           (parallel_processing.hpp   : 167)   Complex bulge remover triggered 0 times
  0:05:14.642   838M / 5G    INFO   Simplification           (parallel_processing.hpp   : 165)   Running Tip clipper
  0:05:14.643   838M / 5G    INFO   Simplification           (parallel_processing.hpp   : 167)   Tip clipper triggered 0 times
  0:05:14.643   838M / 5G    INFO   Simplification           (parallel_processing.hpp   : 165)   Running Final tip clipper
  0:05:14.643   838M / 5G    INFO   Simplification           (parallel_processing.hpp   : 167)   Final tip clipper triggered 0 times
  0:05:14.643   838M / 5G    INFO   Simplification           (parallel_processing.hpp   : 165)   Running Bulge remover
  0:05:14.644   838M / 5G    INFO   Simplification           (parallel_processing.hpp   : 167)   Bulge remover triggered 0 times
  0:05:14.644   838M / 5G    INFO   Simplification           (parallel_processing.hpp   : 165)   Running Final bulge remover
  0:05:14.644   838M / 5G    INFO   Simplification           (parallel_processing.hpp   : 167)   Final bulge remover triggered 0 times
  0:05:14.645   838M / 5G    INFO   Simplification           (parallel_processing.hpp   : 165)   Running Thorn remover (meta)
  0:05:14.645   838M / 5G    INFO   Simplification           (parallel_processing.hpp   : 167)   Thorn remover (meta) triggered 0 times
  0:05:14.645   838M / 5G    INFO    General                 (simplification.cpp        : 339)   Running Hidden EC remover (meta)
  0:05:14.656   838M / 5G    INFO    General                 (simplification.cpp        : 343)   Disrupting self-conjugate edges
  0:05:14.667   838M / 5G    INFO   Simplification           (parallel_processing.hpp   : 165)   Running Removing isolated edges
  0:05:14.717   838M / 5G    INFO   Simplification           (parallel_processing.hpp   : 167)   Removing isolated edges triggered 501 times
  0:05:14.718   838M / 5G    INFO    General                 (simplification.cpp        : 496)   Counting average coverage
  0:05:14.727   838M / 5G    INFO    General                 (simplification.cpp        : 502)   Average coverage = 64.8864
  0:05:14.728   838M / 5G    INFO   StageManager             (stage.cpp                 : 166)   STAGE == Mismatch Correction
  0:05:14.728   838M / 5G    INFO    General                 (graph_pack.hpp            : 113)   Normalizing k-mer map. Total 4486468 kmers to process
  0:05:16.177   838M / 5G    INFO    General                 (graph_pack.hpp            : 115)   Normalizing done
  0:06:04.599   980M / 5G    INFO    General                 (mismatch_shall_not_pass.hp: 195)   Finished collecting potential mismatches positions
  0:06:12.135   871M / 5G    INFO    General                 (mismatch_shall_not_pass.hp: 303)   All edges processed
  0:06:12.137   850M / 5G    INFO    General                 (mismatch_correction.cpp   :  27)   Corrected 282 nucleotides
  0:06:12.138   850M / 5G    INFO   StageManager             (stage.cpp                 : 166)   STAGE == Contig Output
  0:06:12.138   850M / 5G    INFO    General                 (contig_output_stage.cpp   : 107)   Writing GFA to /mnt/mydatalocal/Projects/STRONG_AD/Results/assembly/spades/K77/assembly_graph_with_scaffolds.gfa
  0:06:12.222   850M / 5G    INFO    General                 (contig_output.hpp         :  21)   Outputting contigs to /mnt/mydatalocal/Projects/STRONG_AD/Results/assembly/spades/K77/before_rr.fasta
  0:06:12.352   849M / 5G    INFO    General                 (contig_output_stage.cpp   : 118)   Outputting FastG graph to /mnt/mydatalocal/Projects/STRONG_AD/Results/assembly/spades/K77/assembly_graph.fastg
  0:06:12.618   843M / 5G    INFO    General                 (contig_output.hpp         :  21)   Outputting contigs to /mnt/mydatalocal/Projects/STRONG_AD/Results/assembly/spades/K77/final_contigs.fasta
  0:06:12.704   843M / 5G    INFO   StageManager             (stage.cpp                 : 166)   STAGE == Paired Information Counting
  0:06:12.758   842M / 5G    INFO    General                 (graph_pack.hpp            : 113)   Normalizing k-mer map. Total 4508654 kmers to process
  0:06:14.201   842M / 5G    INFO    General                 (graph_pack.hpp            : 115)   Normalizing done
  0:06:14.202   842M / 5G    INFO    General                 (pair_info_count.cpp       : 322)   Min edge length for estimation: 900
  0:06:14.202   842M / 5G    INFO    General                 (pair_info_count.cpp       : 333)   Estimating insert size for library #0
  0:06:14.202   842M / 5G    INFO    General                 (pair_info_count.cpp       : 190)   Estimating insert size (takes a while)
  0:06:14.306   986M / 5G    INFO    General                 (pair_info_count.cpp       :  39)   Selecting usual mapper
  0:06:21.981   977M / 5G    INFO    General                 (sequence_mapper_notifier.h:  76)   Processed 200000 reads
  0:06:22.178   977M / 5G    INFO    General                 (sequence_mapper_notifier.h:  76)   Processed 400000 reads
  0:06:22.246   977M / 5G    INFO    General                 (sequence_mapper_notifier.h:  76)   Processed 600000 reads
  0:06:22.310   977M / 5G    INFO    General                 (sequence_mapper_notifier.h:  76)   Processed 800000 reads
  0:06:22.520   977M / 5G    INFO    General                 (sequence_mapper_notifier.h:  76)   Processed 1000000 reads
  0:06:22.671   977M / 5G    INFO    General                 (sequence_mapper_notifier.h:  76)   Processed 1200000 reads
  0:06:31.248   977M / 5G    INFO    General                 (sequence_mapper_notifier.h:  94)   Total 3042841 reads processed
  0:06:31.346   977M / 5G    INFO    General                 (pair_info_count.cpp       : 208)   Edge pairs: 31920
  0:06:31.347   977M / 5G    INFO    General                 (pair_info_count.cpp       : 210)   2660662 paired reads (87.4401% of all) aligned to long edges
  0:06:31.356   833M / 5G    INFO    General                 (pair_info_count.cpp       : 352)     Insert size = 425.512, deviation = 131.525, left quantile = 275, right quantile = 591, read length = 150
  0:06:31.357   833M / 5G    INFO    General                 (pair_info_count.cpp       : 373)   Filtering data for library #0
  0:06:31.357   833M / 5G    INFO    General                 (pair_info_count.cpp       :  39)   Selecting usual mapper
  0:06:38.932   833M / 5G    INFO    General                 (sequence_mapper_notifier.h:  76)   Processed 200000 reads
  0:06:39.373   833M / 5G    INFO    General                 (sequence_mapper_notifier.h:  76)   Processed 400000 reads
  0:06:39.471   833M / 5G    INFO    General                 (sequence_mapper_notifier.h:  76)   Processed 600000 reads
  0:06:39.484   833M / 5G    INFO    General                 (sequence_mapper_notifier.h:  76)   Processed 800000 reads
  0:06:39.547   833M / 5G    INFO    General                 (sequence_mapper_notifier.h:  76)   Processed 1000000 reads
  0:06:39.606   833M / 5G    INFO    General                 (sequence_mapper_notifier.h:  76)   Processed 1200000 reads
  0:06:47.465   833M / 5G    INFO    General                 (sequence_mapper_notifier.h:  94)   Total 3042841 reads processed
  0:06:47.466   833M / 5G    INFO    General                 (pair_info_count.cpp       : 385)   Mapping library #0
  0:06:47.467   833M / 5G    INFO    General                 (pair_info_count.cpp       : 387)   Mapping paired reads (takes a while)
  0:06:47.467   833M / 5G    INFO    General                 (pair_info_count.cpp       : 285)   Left insert size quantile 275, right insert size quantile 591, filtering threshold 1, rounding threshold 0
  0:06:47.482   842M / 5G    INFO    General                 (pair_info_count.cpp       :  39)   Selecting usual mapper
  0:06:55.199   846M / 5G    INFO    General                 (sequence_mapper_notifier.h:  76)   Processed 200000 reads
  0:06:55.423   846M / 5G    INFO    General                 (sequence_mapper_notifier.h:  76)   Processed 400000 reads
  0:06:55.485   846M / 5G    INFO    General                 (sequence_mapper_notifier.h:  76)   Processed 600000 reads
  0:06:55.689   846M / 5G    INFO    General                 (sequence_mapper_notifier.h:  76)   Processed 800000 reads
  0:06:55.707   846M / 5G    INFO    General                 (sequence_mapper_notifier.h:  76)   Processed 1000000 reads
  0:06:55.987   846M / 5G    INFO    General                 (sequence_mapper_notifier.h:  76)   Processed 1200000 reads
  0:07:04.136   848M / 5G    INFO    General                 (sequence_mapper_notifier.h:  94)   Total 3042841 reads processed
  0:07:04.141   848M / 5G    INFO    General                 (pair_info_count.cpp       : 329)   Mapping contigs library #1
  0:07:04.141   848M / 5G    INFO    General                 (pair_info_count.cpp       :  39)   Selecting usual mapper
  0:07:07.796   844M / 5G    INFO    General                 (sequence_mapper_notifier.h:  94)   Total 11377 reads processed
  0:07:07.797   844M / 5G    INFO   StageManager             (stage.cpp                 : 166)   STAGE == Distance Estimation
  0:07:07.797   844M / 5G    INFO    General                 (distance_estimation.cpp   : 174)   Processing library #0
  0:07:07.797   844M / 5G    INFO    General                 (distance_estimation.cpp   : 150)   Weight Filter Done
  0:07:07.797   844M / 5G    INFO   DistanceEstimator        (distance_estimation.hpp   : 116)   Using SIMPLE distance estimator
  0:07:07.912   846M / 5G    INFO    General                 (distance_estimation.cpp   :  35)   Filtering info
  0:07:07.913   846M / 5G    INFO    General                 (pair_info_filters.hpp     : 242)   Start filtering; index size: 40566
  0:07:07.925   846M / 5G    INFO    General                 (pair_info_filters.hpp     : 263)   Done filtering
  0:07:07.925   846M / 5G    INFO    General                 (distance_estimation.cpp   : 157)   Refining clustered pair information
  0:07:07.932   846M / 5G    INFO    General                 (distance_estimation.cpp   : 159)   The refining of clustered pair information has been finished
  0:07:07.932   846M / 5G    INFO    General                 (distance_estimation.cpp   : 161)   Improving paired information
  0:07:07.996   847M / 5G    INFO   PairInfoImprover         (pair_info_improver.hpp    : 102)   Paired info stats: missing = 6187; contradictional = 0
  0:07:08.063   847M / 5G    INFO   PairInfoImprover         (pair_info_improver.hpp    : 102)   Paired info stats: missing = 343; contradictional = 0
  0:07:08.063   847M / 5G    INFO    General                 (distance_estimation.cpp   : 104)   Filling scaffolding index
  0:07:08.063   847M / 5G    INFO   DistanceEstimator        (distance_estimation.hpp   : 116)   Using SMOOTHING distance estimator
  0:07:10.785   845M / 5G    INFO    General                 (distance_estimation.cpp   :  35)   Filtering info
  0:07:10.785   845M / 5G    INFO    General                 (pair_info_filters.hpp     : 242)   Start filtering; index size: 8338
  0:07:10.789   845M / 5G    INFO    General                 (pair_info_filters.hpp     : 263)   Done filtering
  0:07:10.789   845M / 5G    INFO    General                 (distance_estimation.cpp   : 183)   Clearing raw paired index
  0:07:10.793   845M / 5G    INFO   StageManager             (stage.cpp                 : 166)   STAGE == Repeat Resolving
  0:07:12.547   845M / 5G    INFO    General                 (repeat_resolving.cpp      :  69)   Using Path-Extend repeat resolving
  0:07:12.547   845M / 5G    INFO    General                 (launcher.cpp              : 538)   ExSPAnder repeat resolving tool started
  0:07:12.582   855M / 5G    INFO    General                 (launcher.cpp              : 404)   Creating main extenders, unique edge length = 2000
  0:07:12.597   855M / 5G    INFO    General                 (launcher.cpp              : 336)   filling path container
  0:07:12.645   864M / 5G    INFO    General                 (extenders_logic.cpp       :  35)   resolvable_repeat_length_bound set to 10000
  0:07:12.675   864M / 5G    INFO    General                 (extenders_logic.cpp       : 519)   Using 1 paired-end library
  0:07:12.675   864M / 5G    INFO    General                 (extenders_logic.cpp       : 520)   Using 1 paired-end scaffolding library
  0:07:12.675   864M / 5G    INFO    General                 (extenders_logic.cpp       : 521)   Using 1 single read library
  0:07:12.684   864M / 5G    INFO    General                 (launcher.cpp              : 371)   Filling backbone edges for long reads scaffolding...
  0:07:12.684   864M / 5G    INFO    General                 (launcher.cpp              : 373)    with long reads paths
  0:07:12.685   864M / 5G    INFO    General                 (launcher.cpp              : 382)   Removing fake unique with paired-end libs
  0:07:12.685   864M / 5G    INFO    General                 (launcher.cpp              : 393)   0 unique edges
  0:07:12.685   864M / 5G    INFO    General                 (extenders_logic.cpp       : 422)   Using 0 long reads scaffolding libraries
  0:07:12.685   864M / 5G    INFO    General                 (extenders_logic.cpp       : 432)   Using additional coordinated coverage extender
  0:07:12.693   864M / 5G    INFO    General                 (launcher.cpp              : 432)   Total number of extenders is 5
  0:07:12.693   864M / 5G    INFO    General                 (path_extender.hpp         : 894)   Processed 0 paths from 2920 (0%)
  0:07:12.832   866M / 5G    INFO    General                 (path_extender.hpp         : 892)   Processed 128 paths from 2920 (4%)
  0:07:12.903   867M / 5G    INFO    General                 (path_extender.hpp         : 892)   Processed 256 paths from 2920 (8%)
  0:07:12.921   867M / 5G    INFO    General                 (path_extender.hpp         : 894)   Processed 293 paths from 2920 (10%)
  0:07:13.151   869M / 5G    INFO    General                 (path_extender.hpp         : 892)   Processed 512 paths from 2920 (17%)
  0:07:13.177   869M / 5G    INFO    General                 (path_extender.hpp         : 894)   Processed 586 paths from 2920 (20%)
  0:07:13.320   872M / 5G    INFO    General                 (path_extender.hpp         : 894)   Processed 879 paths from 2920 (30%)
  0:07:13.371   873M / 5G    INFO    General                 (path_extender.hpp         : 892)   Processed 1024 paths from 2920 (35%)
  0:07:13.413   874M / 5G    INFO    General                 (path_extender.hpp         : 894)   Processed 1172 paths from 2920 (40%)
  0:07:13.570   876M / 5G    INFO    General                 (path_extender.hpp         : 894)   Processed 1465 paths from 2920 (50%)
  0:07:13.820   879M / 5G    INFO    General                 (path_extender.hpp         : 894)   Processed 1758 paths from 2920 (60%)
  0:07:14.065   881M / 5G    INFO    General                 (path_extender.hpp         : 892)   Processed 2048 paths from 2920 (70%)
  0:07:14.067   881M / 5G    INFO    General                 (path_extender.hpp         : 894)   Processed 2051 paths from 2920 (70%)
  0:07:14.215   883M / 5G    INFO    General                 (path_extender.hpp         : 894)   Processed 2344 paths from 2920 (80%)
  0:07:14.261   884M / 5G    INFO    General                 (path_extender.hpp         : 894)   Processed 2637 paths from 2920 (90%)
  0:07:14.280   884M / 5G    INFO    General                 (launcher.cpp              : 244)   Finalizing paths
  0:07:14.281   884M / 5G    INFO    General                 (launcher.cpp              : 246)   Deduplicating paths
  0:07:14.295   884M / 5G    INFO    General                 (launcher.cpp              : 250)   Paths deduplicated
  0:07:14.295   884M / 5G    INFO   PEResolver               (pe_resolver.hpp           : 295)   Removing overlaps
  0:07:14.295   884M / 5G    INFO   PEResolver               (pe_resolver.hpp           : 305)   Marking overlaps
  0:07:14.296   884M / 5G    INFO   OverlapRemover           (pe_resolver.hpp           : 130)   Marking start/end overlaps
  0:07:14.307   884M / 5G    INFO   OverlapRemover           (pe_resolver.hpp           : 133)   Marking remaining overlaps
  0:07:14.318   884M / 5G    INFO   PEResolver               (pe_resolver.hpp           : 308)   Splitting paths
  0:07:14.335   886M / 5G    INFO   PEResolver               (pe_resolver.hpp           : 313)   Deduplicating paths
  0:07:14.344   886M / 5G    INFO   PEResolver               (pe_resolver.hpp           : 315)   Overlaps removed
  0:07:14.356   886M / 5G    INFO    General                 (launcher.cpp              : 267)   Paths finalized
  0:07:14.356   886M / 5G    INFO    General                 (launcher.cpp              : 439)   Closing gaps in paths
  0:07:14.366   886M / 5G    INFO    General                 (launcher.cpp              : 467)   Gap closing completed
  0:07:14.377   886M / 5G    INFO    General                 (launcher.cpp              : 296)   Traversing tandem repeats
  0:07:14.397   886M / 5G    INFO    General                 (launcher.cpp              : 306)   Traversed 60 loops
  0:07:14.397   886M / 5G    INFO    General                 (launcher.cpp              : 244)   Finalizing paths
  0:07:14.398   886M / 5G    INFO    General                 (launcher.cpp              : 246)   Deduplicating paths
  0:07:14.399   886M / 5G    INFO    General                 (launcher.cpp              : 250)   Paths deduplicated
  0:07:14.399   886M / 5G    INFO   PEResolver               (pe_resolver.hpp           : 295)   Removing overlaps
  0:07:14.399   886M / 5G    INFO   PEResolver               (pe_resolver.hpp           : 305)   Marking overlaps
  0:07:14.400   886M / 5G    INFO   OverlapRemover           (pe_resolver.hpp           : 130)   Marking start/end overlaps
  0:07:14.402   886M / 5G    INFO   OverlapRemover           (pe_resolver.hpp           : 133)   Marking remaining overlaps
  0:07:14.404   886M / 5G    INFO   PEResolver               (pe_resolver.hpp           : 308)   Splitting paths
  0:07:14.406   886M / 5G    INFO   PEResolver               (pe_resolver.hpp           : 313)   Deduplicating paths
  0:07:14.407   886M / 5G    INFO   PEResolver               (pe_resolver.hpp           : 315)   Overlaps removed
  0:07:14.417   886M / 5G    INFO    General                 (launcher.cpp              : 267)   Paths finalized
  0:07:14.417   886M / 5G    INFO    General                 (launcher.cpp              : 596)   ExSPAnder repeat resolving tool finished
  0:07:14.454   886M / 5G    INFO   StageManager             (stage.cpp                 : 166)   STAGE == Contig Output
  0:07:14.455   886M / 5G    INFO    General                 (contig_output_stage.cpp   : 107)   Writing GFA to /mnt/mydatalocal/Projects/STRONG_AD/Results/assembly/spades/K77/assembly_graph_with_scaffolds.gfa
  0:07:14.536   886M / 5G    INFO    General                 (contig_output.hpp         :  21)   Outputting contigs to /mnt/mydatalocal/Projects/STRONG_AD/Results/assembly/spades/K77/before_rr.fasta
  0:07:14.670   886M / 5G    INFO    General                 (contig_output_stage.cpp   : 118)   Outputting FastG graph to /mnt/mydatalocal/Projects/STRONG_AD/Results/assembly/spades/K77/assembly_graph.fastg
  0:07:14.950   887M / 5G    INFO    General                 (contig_output_stage.cpp   :  80)   Outputting FastG paths to /mnt/mydatalocal/Projects/STRONG_AD/Results/assembly/spades/K77/final_contigs.paths
  0:07:15.068   892M / 5G    INFO    General                 (contig_output_stage.cpp   :  80)   Outputting FastG paths to /mnt/mydatalocal/Projects/STRONG_AD/Results/assembly/spades/K77/scaffolds.paths
  0:07:15.166   892M / 5G    INFO    General                 (launch.hpp                : 192)   SPAdes finished
  0:07:16.029   667M / 5G    INFO    General                 (main.cpp                  : 105)   Assembling time: 0 hours 7 minutes 16 seconds

===== K77 finished. 


===== Copy files started. 


== Running: /var/lib/miniconda3/envs/STRONG/bin/python /home/ubuntu/repos/STRONG/SPAdes/assembler/share/spades/spades_pipeline/scripts/copy_files.py /mnt/mydatalocal/Projects/STRONG_AD/Results/assembly/spades/K77/before_rr.fasta /mnt/mydatalocal/Projects/STRONG_AD/Results/assembly/spades/before_rr.fasta /mnt/mydatalocal/Projects/STRONG_AD/Results/assembly/spades/K77/final_contigs.fasta /mnt/mydatalocal/Projects/STRONG_AD/Results/assembly/spades/contigs.fasta /mnt/mydatalocal/Projects/STRONG_AD/Results/assembly/spades/K77/first_pe_contigs.fasta /mnt/mydatalocal/Projects/STRONG_AD/Results/assembly/spades/first_pe_contigs.fasta /mnt/mydatalocal/Projects/STRONG_AD/Results/assembly/spades/K77/scaffolds.fasta /mnt/mydatalocal/Projects/STRONG_AD/Results/assembly/spades/scaffolds.fasta /mnt/mydatalocal/Projects/STRONG_AD/Results/assembly/spades/K77/scaffolds.paths /mnt/mydatalocal/Projects/STRONG_AD/Results/assembly/spades/scaffolds.paths /mnt/mydatalocal/Projects/STRONG_AD/Results/assembly/spades/K77/assembly_graph_with_scaffolds.gfa /mnt/mydatalocal/Projects/STRONG_AD/Results/assembly/spades/assembly_graph_with_scaffolds.gfa /mnt/mydatalocal/Projects/STRONG_AD/Results/assembly/spades/K77/assembly_graph.fastg /mnt/mydatalocal/Projects/STRONG_AD/Results/assembly/spades/assembly_graph.fastg /mnt/mydatalocal/Projects/STRONG_AD/Results/assembly/spades/K77/final_contigs.paths /mnt/mydatalocal/Projects/STRONG_AD/Results/assembly/spades/contigs.paths


===== Copy files finished. 


===== Assembling finished. 


===== Breaking scaffolds started. 


== Running: /var/lib/miniconda3/envs/STRONG/bin/python /home/ubuntu/repos/STRONG/SPAdes/assembler/share/spades/spades_pipeline/scripts/breaking_scaffolds_script.py --result_scaffolds_filename /mnt/mydatalocal/Projects/STRONG_AD/Results/assembly/spades/scaffolds.fasta --misc_dir /mnt/mydatalocal/Projects/STRONG_AD/Results/assembly/spades/misc --threshold_for_breaking_scaffolds 3


===== Breaking scaffolds finished. 


===== Terminate started. 


===== Terminate finished. 

 * Assembled contigs are in /mnt/mydatalocal/Projects/STRONG_AD/Results/assembly/spades/contigs.fasta
 * Assembled scaffolds are in /mnt/mydatalocal/Projects/STRONG_AD/Results/assembly/spades/scaffolds.fasta
 * Paths in the assembly graph corresponding to the contigs are in /mnt/mydatalocal/Projects/STRONG_AD/Results/assembly/spades/contigs.paths
 * Paths in the assembly graph corresponding to the scaffolds are in /mnt/mydatalocal/Projects/STRONG_AD/Results/assembly/spades/scaffolds.paths
 * Assembly graph is in /mnt/mydatalocal/Projects/STRONG_AD/Results/assembly/spades/assembly_graph.fastg
 * Assembly graph in GFA format is in /mnt/mydatalocal/Projects/STRONG_AD/Results/assembly/spades/assembly_graph_with_scaffolds.gfa

======= SPAdes pipeline finished.

SPAdes log can be found here: /mnt/mydatalocal/Projects/STRONG_AD/Results/assembly/spades/spades.log

Thank you for using SPAdes!
