2021-11-10 17:50:48,953 Reading from cog length file /mnt/gpfs/seb/Project/STRONG/BayesPaths/Data/coreCogs.tsv
2021-11-10 17:50:48,968 Read 37 cog lengths
2021-11-10 17:50:48,971 Processing 34 .gfa files from file subgraphs/bin_merged/Bin_1/selected_cogs.tsv
2021-11-10 17:50:49,549 Create first AssemblyPathSVA object just for sample selection
2021-11-10 17:50:49,549 Construct factor graph for: COG0016
2021-11-10 17:50:49,559 Construct factor graph for: COG0048
2021-11-10 17:50:49,563 Construct factor graph for: COG0049
2021-11-10 17:50:49,565 Construct factor graph for: COG0051
2021-11-10 17:50:49,568 Construct factor graph for: COG0052
2021-11-10 17:50:49,573 Construct factor graph for: COG0060
2021-11-10 17:50:49,586 Construct factor graph for: COG0072
2021-11-10 17:50:49,620 Construct factor graph for: COG0080
2021-11-10 17:50:49,621 Construct factor graph for: COG0081
2021-11-10 17:50:49,624 Construct factor graph for: COG0087
2021-11-10 17:50:49,625 Construct factor graph for: COG0088
2021-11-10 17:50:49,626 Construct factor graph for: COG0089
2021-11-10 17:50:49,628 Construct factor graph for: COG0090
2021-11-10 17:50:49,633 Construct factor graph for: COG0091
2021-11-10 17:50:49,635 Construct factor graph for: COG0092
2021-11-10 17:50:49,636 Construct factor graph for: COG0093
2021-11-10 17:50:49,638 Construct factor graph for: COG0094
2021-11-10 17:50:49,639 Construct factor graph for: COG0096
2021-11-10 17:50:49,650 Construct factor graph for: COG0097
2021-11-10 17:50:49,655 Construct factor graph for: COG0100
2021-11-10 17:50:49,656 Construct factor graph for: COG0102
2021-11-10 17:50:49,661 Construct factor graph for: COG0103
2021-11-10 17:50:49,664 Construct factor graph for: COG0130
2021-11-10 17:50:49,670 Construct factor graph for: COG0184
2021-11-10 17:50:49,671 Construct factor graph for: COG0185
2021-11-10 17:50:49,673 Construct factor graph for: COG0186
2021-11-10 17:50:49,674 Construct factor graph for: COG0197
2021-11-10 17:50:49,676 Construct factor graph for: COG0200
2021-11-10 17:50:49,679 Construct factor graph for: COG0201
2021-11-10 17:50:49,687 Construct factor graph for: COG0244
2021-11-10 17:50:49,690 Construct factor graph for: COG0256
2021-11-10 17:50:49,695 Construct factor graph for: COG0532
2021-11-10 17:50:49,701 Construct factor graph for: COG0541
2021-11-10 17:50:49,703 Construct factor graph for: COG0552
2021-11-10 17:50:49,744 Using bias type: unitig
2021-11-10 17:50:49,745 Using 156 of 167 non-degenerate unitigs
2021-11-10 17:50:49,752 Read length used 150
2021-11-10 17:50:49,752 Kmer coverage conversion factor 2.027
2021-11-10 17:50:49,752 Total sum of sample coverages: 31.668
2021-11-10 17:50:49,752 Set minimum intensity/cov for strain: 0.020,3.000
2021-11-10 17:50:49,752 Coverage < 100.000 no noise
2021-11-10 17:50:49,753 Applying noise: False
2021-11-10 17:50:49,753 Automatically set precision
2021-11-10 17:50:49,753 Xrange 576.640 > 100.000 used log-scaled precision
2021-11-10 17:50:49,753 Precision type: log
2021-11-10 17:50:50,435 Selecting 6 samples:
2021-11-10 17:50:50,435 Samples selected: [0 2 3 4 5 6]
2021-11-10 17:50:50,437 Create second AssemblyPathSVA object for gene filtering
2021-11-10 17:50:50,437 Construct factor graph for: COG0016
2021-11-10 17:50:50,447 Construct factor graph for: COG0048
2021-11-10 17:50:50,452 Construct factor graph for: COG0049
2021-11-10 17:50:50,453 Construct factor graph for: COG0051
2021-11-10 17:50:50,456 Construct factor graph for: COG0052
2021-11-10 17:50:50,461 Construct factor graph for: COG0060
2021-11-10 17:50:50,474 Construct factor graph for: COG0072
2021-11-10 17:50:50,485 Construct factor graph for: COG0080
2021-11-10 17:50:50,487 Construct factor graph for: COG0081
2021-11-10 17:50:50,488 Construct factor graph for: COG0087
2021-11-10 17:50:50,490 Construct factor graph for: COG0088
2021-11-10 17:50:50,491 Construct factor graph for: COG0089
2021-11-10 17:50:50,493 Construct factor graph for: COG0090
2021-11-10 17:50:50,498 Construct factor graph for: COG0091
2021-11-10 17:50:50,499 Construct factor graph for: COG0092
2021-11-10 17:50:50,501 Construct factor graph for: COG0093
2021-11-10 17:50:50,502 Construct factor graph for: COG0094
2021-11-10 17:50:50,504 Construct factor graph for: COG0096
2021-11-10 17:50:50,515 Construct factor graph for: COG0097
2021-11-10 17:50:50,520 Construct factor graph for: COG0100
2021-11-10 17:50:50,522 Construct factor graph for: COG0102
2021-11-10 17:50:50,527 Construct factor graph for: COG0103
2021-11-10 17:50:50,531 Construct factor graph for: COG0130
2021-11-10 17:50:50,536 Construct factor graph for: COG0184
2021-11-10 17:50:50,537 Construct factor graph for: COG0185
2021-11-10 17:50:50,539 Construct factor graph for: COG0186
2021-11-10 17:50:50,540 Construct factor graph for: COG0197
2021-11-10 17:50:50,542 Construct factor graph for: COG0200
2021-11-10 17:50:50,544 Construct factor graph for: COG0201
2021-11-10 17:50:50,552 Construct factor graph for: COG0244
2021-11-10 17:50:50,555 Construct factor graph for: COG0256
2021-11-10 17:50:50,560 Construct factor graph for: COG0532
2021-11-10 17:50:50,565 Construct factor graph for: COG0541
2021-11-10 17:50:50,567 Construct factor graph for: COG0552
2021-11-10 17:50:50,608 Using bias type: unitig
2021-11-10 17:50:50,609 Using 156 of 167 non-degenerate unitigs
2021-11-10 17:50:50,616 Read length used 150
2021-11-10 17:50:50,616 Kmer coverage conversion factor 2.027
2021-11-10 17:50:50,616 Total sum of sample coverages: 31.384
2021-11-10 17:50:50,616 Set minimum intensity/cov for strain: 0.020,3.000
2021-11-10 17:50:50,616 Coverage < 100.000 no noise
2021-11-10 17:50:50,616 Applying noise: False
2021-11-10 17:50:50,617 Automatically set precision
2021-11-10 17:50:50,617 Xrange 576.640 > 100.000 used log-scaled precision
2021-11-10 17:50:50,617 Precision type: log
2021-11-10 17:50:50,622 Perform NMF VB initialisation
2021-11-10 17:50:50,622 Round: 0 of NMF
2021-11-10 17:50:50,781 Iteration 1. ELBO: -2448.0413878339114. MSE: 5.472527090693154. R^2: -7405.902890532715. Rp: -0.09570600098343224.
2021-11-10 17:50:51,076 Iteration 11. ELBO: 2021.053351898206. MSE: 0.00018285174057319084. R^2: 0.7525155995858286. Rp: 0.8818711997543088.
2021-11-10 17:50:51,326 Iteration 21. ELBO: 2057.342502035773. MSE: 0.0001560631289390558. R^2: 0.7887731898467661. Rp: 0.8989396226956271.
2021-11-10 17:50:51,578 Iteration 31. ELBO: 2085.273935502983. MSE: 0.00014693394164512938. R^2: 0.8011292737244675. Rp: 0.9039563620540554.
2021-11-10 17:50:51,828 Iteration 41. ELBO: 2102.14900625354. MSE: 0.00014242129151723458. R^2: 0.8072370116529121. Rp: 0.9067071489871027.
2021-11-10 17:50:52,077 Iteration 51. ELBO: 2109.4728258626265. MSE: 0.00014055028313949048. R^2: 0.8097693659257474. Rp: 0.9075732917131575.
2021-11-10 17:50:52,325 Iteration 61. ELBO: 2112.24972735381. MSE: 0.0001396171687113616. R^2: 0.8110323085919718. Rp: 0.9076939026079633.
2021-11-10 17:50:52,576 Iteration 71. ELBO: 2113.3448249664875. MSE: 0.00013926641041066157. R^2: 0.8115070495349179. Rp: 0.9075528296190895.
2021-11-10 17:50:52,826 Iteration 81. ELBO: 2113.819094152762. MSE: 0.0001391254534403173. R^2: 0.8116978306080458. Rp: 0.9074085470514419.
2021-11-10 17:50:53,077 Iteration 91. ELBO: 2114.0464259380824. MSE: 0.0001390276805451605. R^2: 0.8118301633179166. Rp: 0.9073286191092184.
2021-11-10 17:50:53,326 Iteration 101. ELBO: 2114.1661947007087. MSE: 0.0001389238489618585. R^2: 0.8119706962822569. Rp: 0.9073121456611835.
2021-11-10 17:50:53,576 Iteration 111. ELBO: 2114.234855749873. MSE: 0.00013880696984856468. R^2: 0.812128888690947. Rp: 0.9073418776263394.
2021-11-10 17:50:53,825 Iteration 121. ELBO: 2114.2772084909425. MSE: 0.00013868234993621583. R^2: 0.8122975580412668. Rp: 0.9074003417407381.
2021-11-10 17:50:54,074 Iteration 131. ELBO: 2114.3049743714255. MSE: 0.00013855711531756665. R^2: 0.8124670593783082. Rp: 0.9074738756311868.
2021-11-10 17:50:54,323 Iteration 141. ELBO: 2114.3240774115825. MSE: 0.00013843699081052686. R^2: 0.8126296443310497. Rp: 0.9075529270201591.
2021-11-10 17:50:54,578 Iteration 151. ELBO: 2114.337707885834. MSE: 0.0001383256799080361. R^2: 0.8127803003317863. Rp: 0.9076313302912448.
2021-11-10 17:50:54,829 Iteration 161. ELBO: 2114.347692927764. MSE: 0.0001382251117312692. R^2: 0.8129164163723002. Rp: 0.9077054292008496.
2021-11-10 17:50:55,080 Iteration 171. ELBO: 2114.3551428355363. MSE: 0.00013813590586597626. R^2: 0.8130371538616796. Rp: 0.9077733095199467.
2021-11-10 17:50:55,329 Iteration 181. ELBO: 2114.3607704398487. MSE: 0.0001380578188568219. R^2: 0.8131428423094904. Rp: 0.9078342022372121.
2021-11-10 17:50:55,579 Iteration 191. ELBO: 2114.3650560300116. MSE: 0.00013799009900670182. R^2: 0.8132344991154392. Rp: 0.9078880492790171.
2021-11-10 17:50:55,828 Iteration 201. ELBO: 2114.3683363702594. MSE: 0.00013793174068323387. R^2: 0.813313485373089. Rp: 0.9079352027082539.
2021-11-10 17:50:56,079 Iteration 211. ELBO: 2114.37085501644. MSE: 0.0001378816528453923. R^2: 0.813381277774066. Rp: 0.9079762253291691.
2021-11-10 17:50:56,328 Iteration 221. ELBO: 2114.3727921780855. MSE: 0.00013783876240053183. R^2: 0.8134393287173959. Rp: 0.9080117643305993.
2021-11-10 17:50:56,585 Iteration 231. ELBO: 2114.3742833491065. MSE: 0.00013780207166807517. R^2: 0.8134889885341103. Rp: 0.9080424753373515.
2021-11-10 17:50:56,836 Iteration 241. ELBO: 2114.3754315094034. MSE: 0.00013777068544998258. R^2: 0.8135314688481701. Rp: 0.9080689799474443.
2021-11-10 17:50:57,086 Iteration 251. ELBO: 2114.3763154745307. MSE: 0.00013774381914431912. R^2: 0.8135678315949924. Rp: 0.9080918446873394.
2021-11-10 17:50:57,336 Iteration 261. ELBO: 2114.376995823737. MSE: 0.00013772079583995885. R^2: 0.8135989929536827. Rp: 0.9081115731037245.
2021-11-10 17:50:57,586 Iteration 271. ELBO: 2114.3775192325147. MSE: 0.0001377010376303176. R^2: 0.8136257351036398. Rp: 0.9081286054983242.
2021-11-10 17:50:57,837 Iteration 281. ELBO: 2114.3779217065858. MSE: 0.00013768405443691288. R^2: 0.813648721351535. Rp: 0.908143322778967.
2021-11-10 17:50:58,096 Iteration 291. ELBO: 2114.378231031867. MSE: 0.0001376694322996199. R^2: 0.8136685119801031. Rp: 0.908156052240396.
2021-11-10 17:50:58,351 Iteration 301. ELBO: 2114.378468648838. MSE: 0.00013765682221391333. R^2: 0.8136855793566043. Rp: 0.9081670739745259.
2021-11-10 17:50:58,610 Iteration 311. ELBO: 2114.378651094817. MSE: 0.0001376459300435567. R^2: 0.8137003215856992. Rp: 0.9081766271794439.
2021-11-10 17:50:58,858 Iteration 321. ELBO: 2114.3787911179816. MSE: 0.0001376365077041831. R^2: 0.8137130744422105. Rp: 0.9081849159915888.
2021-11-10 17:50:59,106 Iteration 331. ELBO: 2114.378898539167. MSE: 0.00013762834562439072. R^2: 0.8137241215748066. Rp: 0.9081921146797864.
2021-11-10 17:50:59,355 Iteration 341. ELBO: 2114.378980918938. MSE: 0.00013762126639217315. R^2: 0.8137337031053694. Rp: 0.9081983721630621.
2021-11-10 17:50:59,604 Iteration 351. ELBO: 2114.379044073924. MSE: 0.00013761511945103097. R^2: 0.8137420228076494. Rp: 0.9082038158809067.
2021-11-10 17:50:59,882 Iteration 361. ELBO: 2114.379092476228. MSE: 0.00013760977669829833. R^2: 0.8137492540648004. Rp: 0.9082085550766513.
2021-11-10 17:51:00,142 Iteration 371. ELBO: 2114.37912956222. MSE: 0.00013760512884388425. R^2: 0.813755544797715. Rp: 0.9082126835665363.
2021-11-10 17:51:00,387 Iteration 381. ELBO: 2114.3791579709687. MSE: 0.00013760108240140867. R^2: 0.8137610215374317. Rp: 0.9082162820676178.
2021-11-10 17:51:00,633 Iteration 391. ELBO: 2114.3791797282506. MSE: 0.00013759755720084093. R^2: 0.8137657927917064. Rp: 0.9082194201525055.
2021-11-10 17:51:00,898 Iteration 401. ELBO: 2114.379196388319. MSE: 0.00013759448432885396. R^2: 0.8137699518326805. Rp: 0.9082221578912116.
2021-11-10 17:51:01,144 Iteration 411. ELBO: 2114.3792091433056. MSE: 0.00013759180441888917. R^2: 0.8137735790112282. Rp: 0.9082245472320163.
2021-11-10 17:51:01,389 Iteration 421. ELBO: 2114.379218907143. MSE: 0.00013758946622722276. R^2: 0.8137767436842074. Rp: 0.9082266331652616.
2021-11-10 17:51:01,632 Iteration 431. ELBO: 2114.379226380352. MSE: 0.00013758742544281753. R^2: 0.8137795058252915. Rp: 0.9082284547066674.
2021-11-10 17:51:01,875 Iteration 441. ELBO: 2114.379232099705. MSE: 0.000137585643688782. R^2: 0.8137819173764628. Rp: 0.9082300457305243.
2021-11-10 17:51:02,117 Iteration 451. ELBO: 2114.379236476387. MSE: 0.00013758408768134849. R^2: 0.8137840233863127. Rp: 0.9082314356777449.
2021-11-10 17:51:02,360 Iteration 461. ELBO: 2114.3792398253013. MSE: 0.00013758272851879767. R^2: 0.8137858629724599. Rp: 0.9082326501593595.
2021-11-10 17:51:02,604 Iteration 471. ELBO: 2114.379242387619. MSE: 0.00013758154107794158. R^2: 0.8137874701383933. Rp: 0.9082337114723456.
2021-11-10 17:51:02,848 Iteration 481. ELBO: 2114.3792443479783. MSE: 0.00013758050350015064. R^2: 0.8137888744691186. Rp: 0.9082346390417351.
2021-11-10 17:51:03,092 Iteration 491. ELBO: 2114.379245847691. MSE: 0.0001375795967522205. R^2: 0.8137901017255128. Rp: 0.9082354498004869.
2021-11-10 17:51:03,335 Iteration 501. ELBO: 2114.379246994956. MSE: 0.0001375788042499879. R^2: 0.8137911743537484. Rp: 0.9082361585166259.
2021-11-10 17:51:03,577 Iteration 511. ELBO: 2114.379247872566. MSE: 0.00013757811153490004. R^2: 0.8137921119230471. Rp: 0.908236778075567.
2021-11-10 17:51:03,820 Iteration 521. ELBO: 2114.379248543867. MSE: 0.00013757750599546412. R^2: 0.8137929315026899. Rp: 0.9082373197242111.
2021-11-10 17:51:04,063 Iteration 531. ELBO: 2114.3792490573487. MSE: 0.00013757697662667397. R^2: 0.8137936479876259. Rp: 0.9082377932823257.
2021-11-10 17:51:04,306 Iteration 541. ELBO: 2114.3792494500944. MSE: 0.00013757651382209402. R^2: 0.8137942743798802. Rp: 0.908238207325885.
2021-11-10 17:51:04,548 Iteration 551. ELBO: 2114.379249750505. MSE: 0.0001375761091935539. R^2: 0.8137948220325922. Rp: 0.9082385693462418.
2021-11-10 17:51:04,791 Iteration 561. ELBO: 2114.3792499802535. MSE: 0.00013757575541491782. R^2: 0.8137953008614695. Rp: 0.9082388858885245.
2021-11-10 17:51:05,034 Iteration 571. ELBO: 2114.3792501559774. MSE: 0.0001375754460862343. R^2: 0.8137957195286559. Rp: 0.9082391626720308.
2021-11-10 17:51:05,277 Iteration 581. ELBO: 2114.3792502903707. MSE: 0.0001375751756156684. R^2: 0.8137960856025342. Rp: 0.9082394046950792.
2021-11-10 17:51:05,519 Iteration 591. ELBO: 2114.379250393152. MSE: 0.00013757493911679692. R^2: 0.8137964056967331. Rp: 0.90823961632637.
2021-11-10 17:51:05,760 Iteration 601. ELBO: 2114.3792504717626. MSE: 0.00013757473231902883. R^2: 0.8137966855913706. Rp: 0.9082398013846347.
2021-11-10 17:51:06,003 Iteration 611. ELBO: 2114.379250531887. MSE: 0.00013757455148966362. R^2: 0.813796930338546. Rp: 0.908239963208128.
2021-11-10 17:51:06,244 Iteration 621. ELBO: 2114.379250577872. MSE: 0.00013757439336583267. R^2: 0.8137971443544552. Rp: 0.9082401047152588.
2021-11-10 17:51:06,486 Iteration 631. ELBO: 2114.379250613027. MSE: 0.00013757425509516874. R^2: 0.8137973314996924. Rp: 0.9082402284575293.
2021-11-10 17:51:06,728 Iteration 641. ELBO: 2114.3792506399177. MSE: 0.00013757413418404366. R^2: 0.8137974951493092. Rp: 0.9082403366657583.
2021-11-10 17:51:07,012 Iteration 651. ELBO: 2114.379250660489. MSE: 0.00013757402845227318. R^2: 0.8137976382541205. Rp: 0.9082404312904504.
2021-11-10 17:51:07,259 Iteration 661. ELBO: 2114.379250676205. MSE: 0.00013757393599372368. R^2: 0.8137977633940213. Rp: 0.9082405140370774.
2021-11-10 17:51:07,501 Iteration 671. ELBO: 2114.3792506882382. MSE: 0.00013757385514174828. R^2: 0.8137978728247688. Rp: 0.9082405863968883.
2021-11-10 17:51:07,743 Iteration 681. ELBO: 2114.3792506974305. MSE: 0.00013757378443906846. R^2: 0.8137979685187462. Rp: 0.9082406496738473.
2021-11-10 17:51:07,985 Iteration 691. ELBO: 2114.3792507044677. MSE: 0.00013757372261147643. R^2: 0.8137980522005559. Rp: 0.9082407050081741.
2021-11-10 17:51:08,228 Iteration 701. ELBO: 2114.379250709854. MSE: 0.00013757366854477297. R^2: 0.8137981253782333. Rp: 0.9082407533969165.
2021-11-10 17:51:08,469 Iteration 711. ELBO: 2114.379250713963. MSE: 0.00013757362126467655. R^2: 0.8137981893704396. Rp: 0.9082407957119385.
2021-11-10 17:51:08,715 Iteration 721. ELBO: 2114.3792507171142. MSE: 0.00013757357991924117. R^2: 0.8137982453302585. Rp: 0.9082408327156474.
2021-11-10 17:51:08,957 Iteration 731. ELBO: 2114.3792507195135. MSE: 0.00013757354376349695. R^2: 0.8137982942659845. Rp: 0.9082408650747344.
2021-11-10 17:51:09,200 Iteration 741. ELBO: 2114.3792507213448. MSE: 0.00013757351214600626. R^2: 0.8137983370593191. Rp: 0.9082408933722004.
2021-11-10 17:51:09,443 Iteration 751. ELBO: 2114.3792507227563. MSE: 0.00013757348449709378. R^2: 0.8137983744813011. Rp: 0.9082409181178589.
2021-11-10 17:51:09,687 Iteration 761. ELBO: 2114.3792507238254. MSE: 0.00013757346031861975. R^2: 0.8137984072061476. Rp: 0.9082409397575302.
2021-11-10 17:51:09,930 Iteration 771. ELBO: 2114.3792507246603. MSE: 0.00013757343917496697. R^2: 0.8137984358234537. Rp: 0.9082409586810724.
2021-11-10 17:51:10,173 Iteration 781. ELBO: 2114.3792507252883. MSE: 0.00013757342068520875. R^2: 0.8137984608487923. Rp: 0.9082409752294051.
2021-11-10 17:51:10,416 Iteration 791. ELBO: 2114.3792507257667. MSE: 0.00013757340451621923. R^2: 0.8137984827330395. Rp: 0.9082409897006589.
2021-11-10 17:51:10,659 Iteration 801. ELBO: 2114.3792507261423. MSE: 0.00013757339037671277. R^2: 0.8137985018704414. Rp: 0.9082410023555421.
2021-11-10 17:51:10,902 Iteration 811. ELBO: 2114.3792507264125. MSE: 0.0001375733780119507. R^2: 0.8137985186057798. Rp: 0.9082410134220378.
2021-11-10 17:51:11,146 Iteration 821. ELBO: 2114.3792507266344. MSE: 0.00013757336719915551. R^2: 0.8137985332405769. Rp: 0.9082410230995123.
2021-11-10 17:51:11,389 Iteration 831. ELBO: 2114.3792507268004. MSE: 0.0001375733577435565. R^2: 0.8137985460384494. Rp: 0.9082410315623137.
2021-11-10 17:51:11,631 Iteration 841. ELBO: 2114.3792507269304. MSE: 0.00013757334947477146. R^2: 0.8137985572300044. Rp: 0.9082410389628992.
2021-11-10 17:51:11,873 Iteration 851. ELBO: 2114.3792507270264. MSE: 0.00013757334224386364. R^2: 0.8137985670168233. Rp: 0.9082410454345967.
2021-11-10 17:51:12,115 Iteration 861. ELBO: 2114.3792507270896. MSE: 0.00013757333592054826. R^2: 0.8137985755752429. Rp: 0.9082410510939921.
2021-11-10 17:51:12,358 Iteration 871. ELBO: 2114.3792507271546. MSE: 0.00013757333039090609. R^2: 0.8137985830594494. Rp: 0.9082410560430456.
2021-11-10 17:51:12,600 Iteration 881. ELBO: 2114.3792507271974. MSE: 0.00013757332555531967. R^2: 0.813798589604272. Rp: 0.9082410603709146.
2021-11-10 17:51:12,842 Iteration 891. ELBO: 2114.379250727224. MSE: 0.00013757332132668322. R^2: 0.8137985953276058. Rp: 0.9082410641555676.
2021-11-10 17:51:13,085 Iteration 901. ELBO: 2114.379250727254. MSE: 0.00013757331762881427. R^2: 0.8137986003325617. Rp: 0.9082410674651886.
2021-11-10 17:51:13,328 Iteration 911. ELBO: 2114.3792507272747. MSE: 0.00013757331439507548. R^2: 0.8137986047093311. Rp: 0.9082410703593992.
2021-11-10 17:51:13,571 Iteration 921. ELBO: 2114.379250727285. MSE: 0.00013757331156722294. R^2: 0.8137986085367455. Rp: 0.9082410728903391.
2021-11-10 17:51:13,814 Iteration 931. ELBO: 2114.3792507272924. MSE: 0.00013757330909431453. R^2: 0.8137986118837536. Rp: 0.9082410751036071.
2021-11-10 17:51:14,057 Iteration 941. ELBO: 2114.3792507273. MSE: 0.00013757330693179586. R^2: 0.8137986148106584. Rp: 0.908241077039074.
2021-11-10 17:51:14,299 Iteration 951. ELBO: 2114.379250727318. MSE: 0.00013757330504070048. R^2: 0.8137986173701998. Rp: 0.9082410787316088.
2021-11-10 17:51:14,558 Iteration 961. ELBO: 2114.3792507273142. MSE: 0.0001375733033869807. R^2: 0.8137986196084603. Rp: 0.9082410802117055.
2021-11-10 17:51:14,800 Iteration 971. ELBO: 2114.3792507273265. MSE: 0.00013757330194081894. R^2: 0.8137986215657974. Rp: 0.9082410815060237.
2021-11-10 17:51:15,043 Iteration 981. ELBO: 2114.379250727323. MSE: 0.00013757330067617926. R^2: 0.8137986232774497. Rp: 0.9082410826378858.
2021-11-10 17:51:15,285 Iteration 991. ELBO: 2114.37925072732. MSE: 0.0001375732995702669. R^2: 0.8137986247742692. Rp: 0.9082410836276806.
2021-11-10 17:51:15,504 Graph normalise NMF
2021-11-10 17:51:15,508 Performing 200 iterations of graph normalisation: 
2021-11-10 17:51:15,508 Iter, dF, F
2021-11-10 17:51:15,515 0, -17.589696, 1.236737
2021-11-10 17:51:15,587 Performing 200 iterations of graph normalisation: 
2021-11-10 17:51:15,587 Iter, dF, F
2021-11-10 17:51:15,593 0, -6.453961, 0.185503
2021-11-10 17:51:15,641 Performing 200 iterations of graph normalisation: 
2021-11-10 17:51:15,641 Iter, dF, F
2021-11-10 17:51:15,647 0, -4.019851, 0.048473
2021-11-10 17:51:15,703 10, -0.674726, 0.006327
2021-11-10 17:51:15,721 Performing 200 iterations of graph normalisation: 
2021-11-10 17:51:15,721 Iter, dF, F
2021-11-10 17:51:15,727 0, -4.019851, 0.048473
2021-11-10 17:51:15,783 10, -0.674726, 0.006327
2021-11-10 17:51:15,802 Performing 200 iterations of graph normalisation: 
2021-11-10 17:51:15,802 Iter, dF, F
2021-11-10 17:51:15,808 0, -4.019851, 0.048473
2021-11-10 17:51:15,864 10, -0.674726, 0.006327
2021-11-10 17:51:15,883 Performing 200 iterations of graph normalisation: 
2021-11-10 17:51:15,883 Iter, dF, F
2021-11-10 17:51:15,889 0, -4.019851, 0.048473
2021-11-10 17:51:15,945 10, -0.674726, 0.006327
2021-11-10 17:51:16,105 Performing 200 iterations of graph normalisation: 
2021-11-10 17:51:16,106 Iter, dF, F
2021-11-10 17:51:16,111 0, -4.019851, 0.048473
2021-11-10 17:51:16,167 10, -0.674726, 0.006327
2021-11-10 17:51:16,186 Performing 200 iterations of graph normalisation: 
2021-11-10 17:51:16,186 Iter, dF, F
2021-11-10 17:51:16,192 0, -4.019851, 0.048473
2021-11-10 17:51:16,247 10, -0.674726, 0.006327
2021-11-10 17:51:16,264 Error round 0 of NMF: 0.001187
2021-11-10 17:51:16,264 0,0.0011867439382806971
2021-11-10 17:51:16,264 Best error: 0.001187
2021-11-10 17:51:16,265 Run 250 iter SVI
2021-11-10 17:51:16,836 Iter, G, Div, DivF, total_elbo, diffElbo
2021-11-10 17:51:20,849 0, 8, 7.173862, 0.000414, 876.548542, 1.000000
2021-11-10 17:52:02,613 10, 8, 4.979375, 0.000200, 1090.556459, 40.885715
2021-11-10 17:52:46,327 20, 8, 4.763589, 0.000197, 968.234469, 36.904246
2021-11-10 17:53:29,395 30, 8, 4.718380, 0.000197, 420.341714, 64.449383
2021-11-10 17:54:11,286 40, 8, 4.698818, 0.000197, -267.952319, 70.579573
2021-11-10 17:54:55,476 New strain number 6
2021-11-10 17:54:58,991 50, 6, 4.690006, 0.000197, -2213.191402, 1315.151412
2021-11-10 17:55:32,299 New strain number 4
2021-11-10 17:55:34,777 60, 4, 4.693881, 0.000197, -2709.958169, 275.263908
2021-11-10 17:55:55,541 New strain number 2
2021-11-10 17:55:56,998 70, 2, 4.720807, 0.000197, -2691.194946, 61.074465
2021-11-10 17:56:09,170 80, 2, 4.719735, 0.000197, -2691.222052, 0.001606
2021-11-10 17:56:15,570 Run 250 iter SVI with relaxed path
2021-11-10 17:56:15,630 Iter, G, Div, DivF, total_elbo, diffElbo
2021-11-10 17:56:16,687 0, 2, 4.719398, 0.000197, -2691.198351, 0.030931
2021-11-10 17:56:27,289 10, 2, 4.719044, 0.000197, -2691.193929, 0.000249
2021-11-10 17:56:37,989 20, 2, 4.718956, 0.000197, -2691.195844, 0.000143
2021-11-10 17:56:48,561 30, 2, 4.718912, 0.000197, -2691.196813, 0.000063
2021-11-10 17:56:59,148 40, 2, 4.718888, 0.000197, -2691.197350, 0.000051
2021-11-10 17:57:11,464 50, 2, 4.718874, 0.000197, -2691.197631, 0.000023
2021-11-10 17:57:11,465 Write output prior uncertainty filter to /mnt/gpfs/seb/Project/Tuto/EBI/strain_11_21/Results/bayespaths/Bin_1/Bin_1_PreUFilter
2021-11-10 17:57:20,464 Run 250 iter SVI with uncertainty filtering
2021-11-10 17:57:20,519 Iter, G, Div, DivF, total_elbo, diffElbo
2021-11-10 17:57:21,613 0, 2, 4.718847, 0.000197, -2691.228262, 0.030628
2021-11-10 17:57:32,801 10, 2, 4.718916, 0.000197, -2691.238108, 0.000186
2021-11-10 17:57:44,681 20, 2, 4.718858, 0.000197, -2691.239300, 0.000067
2021-11-10 17:57:56,267 30, 2, 4.718823, 0.000197, -2691.239842, 0.000040
2021-11-10 17:58:07,283 40, 2, 4.718803, 0.000197, -2691.240080, 0.000016
2021-11-10 17:58:23,283 50, 2, 4.718792, 0.000197, -2691.240204, 0.000016
2021-11-10 17:58:23,336 Iter, G, Div, DivF, total_elbo, diffElbo
2021-11-10 17:58:24,384 0, 2, 4.718815, 0.000197, -2691.211590, 0.028617
2021-11-10 17:58:35,324 10, 2, 4.718732, 0.000197, -2691.201219, 0.000236
2021-11-10 17:58:46,548 20, 2, 4.718779, 0.000197, -2691.199703, 0.000101
2021-11-10 17:58:58,014 30, 2, 4.718810, 0.000197, -2691.198946, 0.000047
2021-11-10 17:59:10,000 40, 2, 4.718828, 0.000197, -2691.198538, 0.000024
2021-11-10 17:59:23,360 50, 2, 4.718838, 0.000197, -2691.198300, 0.000021
2021-11-10 17:59:23,362 Write output after uncertainty filter to /mnt/gpfs/seb/Project/Tuto/EBI/strain_11_21/Results/bayespaths/Bin_1/Bin_1_PostUFilter
2021-11-10 17:59:32,512 Write final output to bayespaths/Bin_1/Bin_1 ...
2021-11-10 17:59:41,557 BayesPaths finished resolving 2 strains
