-------------------------------------
PRODIGAL v2.6.3 [February, 2016]         
Univ of Tenn / Oak Ridge National Lab
Doug Hyatt, Loren Hauser, et al.     
-------------------------------------
Request:  Metagenomic, Phase:  Training
Initializing training files...done!
-------------------------------------
Request:  Metagenomic, Phase:  Gene Finding
Finding genes in sequence #1 (174676 bp)...done!
Finding genes in sequence #2 (162612 bp)...done!
Finding genes in sequence #3 (156794 bp)...done!
Finding genes in sequence #4 (156707 bp)...done!
Finding genes in sequence #5 (138743 bp)...done!
Finding genes in sequence #6 (125980 bp)...done!
Finding genes in sequence #7 (116193 bp)...done!
Finding genes in sequence #8 (112668 bp)...done!
Finding genes in sequence #9 (111157 bp)...done!
Finding genes in sequence #10 (107865 bp)...done!
Finding genes in sequence #11 (105680 bp)...done!
Finding genes in sequence #12 (102272 bp)...done!
Finding genes in sequence #13 (68512 bp)...done!
Finding genes in sequence #14 (68432 bp)...done!
Finding genes in sequence #15 (61306 bp)...done!
Finding genes in sequence #16 (61116 bp)...done!
Finding genes in sequence #17 (60787 bp)...done!
Finding genes in sequence #18 (57661 bp)...done!
Finding genes in sequence #19 (54512 bp)...done!
Finding genes in sequence #20 (53612 bp)...done!
Finding genes in sequence #21 (49183 bp)...done!
Finding genes in sequence #22 (46028 bp)...done!
Finding genes in sequence #23 (45256 bp)...done!
Finding genes in sequence #24 (43940 bp)...done!
Finding genes in sequence #25 (43588 bp)...done!
Finding genes in sequence #26 (43493 bp)...done!
Finding genes in sequence #27 (41000 bp)...done!
Finding genes in sequence #28 (40494 bp)...done!
Finding genes in sequence #29 (39564 bp)...done!
Finding genes in sequence #30 (38810 bp)...done!
Finding genes in sequence #31 (37357 bp)...done!
Finding genes in sequence #32 (36761 bp)...done!
Finding genes in sequence #33 (36654 bp)...done!
Finding genes in sequence #34 (36600 bp)...done!
Finding genes in sequence #35 (35877 bp)...done!
Finding genes in sequence #36 (34693 bp)...done!
Finding genes in sequence #37 (34206 bp)...done!
Finding genes in sequence #38 (32562 bp)...done!
Finding genes in sequence #39 (31805 bp)...done!
Finding genes in sequence #40 (31484 bp)...done!
Finding genes in sequence #41 (31138 bp)...done!
Finding genes in sequence #42 (30616 bp)...done!
Finding genes in sequence #43 (30340 bp)...done!
Finding genes in sequence #44 (30134 bp)...done!
Finding genes in sequence #45 (29892 bp)...done!
Finding genes in sequence #46 (29871 bp)...done!
Finding genes in sequence #47 (29760 bp)...done!
Finding genes in sequence #48 (29403 bp)...done!
Finding genes in sequence #49 (29195 bp)...done!
Finding genes in sequence #50 (29069 bp)...done!
Finding genes in sequence #51 (28954 bp)...done!
Finding genes in sequence #52 (28942 bp)...done!
Finding genes in sequence #53 (28243 bp)...done!
Finding genes in sequence #54 (27760 bp)...done!
Finding genes in sequence #55 (27367 bp)...done!
Finding genes in sequence #56 (26632 bp)...done!
Finding genes in sequence #57 (26396 bp)...done!
Finding genes in sequence #58 (26015 bp)...done!
Finding genes in sequence #59 (25699 bp)...done!
Finding genes in sequence #60 (25696 bp)...done!
Finding genes in sequence #61 (25471 bp)...done!
Finding genes in sequence #62 (25314 bp)...done!
Finding genes in sequence #63 (24989 bp)...done!
Finding genes in sequence #64 (24987 bp)...done!
Finding genes in sequence #65 (24649 bp)...done!
Finding genes in sequence #66 (24400 bp)...done!
Finding genes in sequence #67 (24356 bp)...done!
Finding genes in sequence #68 (24288 bp)...done!
Finding genes in sequence #69 (24033 bp)...done!
Finding genes in sequence #70 (23870 bp)...done!
Finding genes in sequence #71 (23597 bp)...done!
Finding genes in sequence #72 (23540 bp)...done!
Finding genes in sequence #73 (23363 bp)...done!
Finding genes in sequence #74 (23217 bp)...done!
Finding genes in sequence #75 (23096 bp)...done!
Finding genes in sequence #76 (22892 bp)...done!
Finding genes in sequence #77 (22302 bp)...done!
Finding genes in sequence #78 (21976 bp)...done!
Finding genes in sequence #79 (21609 bp)...done!
Finding genes in sequence #80 (21122 bp)...done!
Finding genes in sequence #81 (20764 bp)...done!
Finding genes in sequence #82 (20708 bp)...done!
Finding genes in sequence #83 (20414 bp)...done!
Finding genes in sequence #84 (20016 bp)...done!
Finding genes in sequence #85 (19958 bp)...done!
Finding genes in sequence #86 (19578 bp)...done!
Finding genes in sequence #87 (19394 bp)...done!
Finding genes in sequence #88 (18877 bp)...done!
Finding genes in sequence #89 (18731 bp)...done!
Finding genes in sequence #90 (18646 bp)...done!
Finding genes in sequence #91 (18299 bp)...done!
Finding genes in sequence #92 (18148 bp)...done!
Finding genes in sequence #93 (18093 bp)...done!
Finding genes in sequence #94 (17947 bp)...done!
Finding genes in sequence #95 (17589 bp)...done!
Finding genes in sequence #96 (17432 bp)...done!
Finding genes in sequence #97 (17181 bp)...done!
Finding genes in sequence #98 (17144 bp)...done!
Finding genes in sequence #99 (17036 bp)...done!
Finding genes in sequence #100 (16440 bp)...done!
Finding genes in sequence #101 (16387 bp)...done!
Finding genes in sequence #102 (16317 bp)...done!
Finding genes in sequence #103 (15960 bp)...done!
Finding genes in sequence #104 (15774 bp)...done!
Finding genes in sequence #105 (15670 bp)...done!
Finding genes in sequence #106 (15625 bp)...done!
Finding genes in sequence #107 (15495 bp)...done!
Finding genes in sequence #108 (15443 bp)...done!
Finding genes in sequence #109 (15321 bp)...done!
Finding genes in sequence #110 (15222 bp)...done!
Finding genes in sequence #111 (15209 bp)...done!
Finding genes in sequence #112 (15182 bp)...done!
Finding genes in sequence #113 (15166 bp)...done!
Finding genes in sequence #114 (15148 bp)...done!
Finding genes in sequence #115 (15064 bp)...done!
Finding genes in sequence #116 (14577 bp)...done!
Finding genes in sequence #117 (14156 bp)...done!
Finding genes in sequence #118 (14003 bp)...done!
Finding genes in sequence #119 (13810 bp)...done!
Finding genes in sequence #120 (13670 bp)...done!
Finding genes in sequence #121 (13568 bp)...done!
Finding genes in sequence #122 (13567 bp)...done!
Finding genes in sequence #123 (13522 bp)...done!
Finding genes in sequence #124 (13217 bp)...done!
Finding genes in sequence #125 (13145 bp)...done!
Finding genes in sequence #126 (13091 bp)...done!
Finding genes in sequence #127 (12763 bp)...done!
Finding genes in sequence #128 (12757 bp)...done!
Finding genes in sequence #129 (12742 bp)...done!
Finding genes in sequence #130 (12731 bp)...done!
Finding genes in sequence #131 (12298 bp)...done!
Finding genes in sequence #132 (12247 bp)...done!
Finding genes in sequence #133 (12165 bp)...done!
Finding genes in sequence #134 (12151 bp)...done!
Finding genes in sequence #135 (12064 bp)...done!
Finding genes in sequence #136 (11995 bp)...done!
Finding genes in sequence #137 (11504 bp)...done!
Finding genes in sequence #138 (11390 bp)...done!
Finding genes in sequence #139 (11374 bp)...done!
Finding genes in sequence #140 (11264 bp)...done!
Finding genes in sequence #141 (10909 bp)...done!
Finding genes in sequence #142 (10700 bp)...done!
Finding genes in sequence #143 (10680 bp)...done!
Finding genes in sequence #144 (10623 bp)...done!
Finding genes in sequence #145 (10581 bp)...done!
Finding genes in sequence #146 (10543 bp)...done!
Finding genes in sequence #147 (10431 bp)...done!
Finding genes in sequence #148 (10385 bp)...done!
Finding genes in sequence #149 (10346 bp)...done!
Finding genes in sequence #150 (10335 bp)...done!
Finding genes in sequence #151 (10225 bp)...done!
Finding genes in sequence #152 (10123 bp)...done!
Finding genes in sequence #153 (9822 bp)...done!
Finding genes in sequence #154 (9787 bp)...done!
Finding genes in sequence #155 (9642 bp)...done!
Finding genes in sequence #156 (9517 bp)...done!
Finding genes in sequence #157 (9394 bp)...done!
Finding genes in sequence #158 (9333 bp)...done!
Finding genes in sequence #159 (9309 bp)...done!
Finding genes in sequence #160 (9094 bp)...done!
Finding genes in sequence #161 (8958 bp)...done!
Finding genes in sequence #162 (8813 bp)...done!
Finding genes in sequence #163 (8789 bp)...done!
Finding genes in sequence #164 (8519 bp)...done!
Finding genes in sequence #165 (8508 bp)...done!
Finding genes in sequence #166 (8476 bp)...done!
Finding genes in sequence #167 (8185 bp)...done!
Finding genes in sequence #168 (8089 bp)...done!
Finding genes in sequence #169 (8072 bp)...done!
Finding genes in sequence #170 (7797 bp)...done!
Finding genes in sequence #171 (7773 bp)...done!
Finding genes in sequence #172 (7716 bp)...done!
Finding genes in sequence #173 (7675 bp)...done!
Finding genes in sequence #174 (7634 bp)...done!
Finding genes in sequence #175 (7596 bp)...done!
Finding genes in sequence #176 (7592 bp)...done!
Finding genes in sequence #177 (7570 bp)...done!
Finding genes in sequence #178 (7552 bp)...done!
Finding genes in sequence #179 (7456 bp)...done!
Finding genes in sequence #180 (7359 bp)...done!
Finding genes in sequence #181 (7325 bp)...done!
Finding genes in sequence #182 (7273 bp)...done!
Finding genes in sequence #183 (7234 bp)...done!
Finding genes in sequence #184 (7225 bp)...done!
Finding genes in sequence #185 (7183 bp)...done!
Finding genes in sequence #186 (7160 bp)...done!
Finding genes in sequence #187 (7121 bp)...done!
Finding genes in sequence #188 (6988 bp)...done!
Finding genes in sequence #189 (6985 bp)...done!
Finding genes in sequence #190 (6921 bp)...done!
Finding genes in sequence #191 (6886 bp)...done!
Finding genes in sequence #192 (6845 bp)...done!
Finding genes in sequence #193 (6736 bp)...done!
Finding genes in sequence #194 (6656 bp)...done!
Finding genes in sequence #195 (6567 bp)...done!
Finding genes in sequence #196 (6402 bp)...done!
Finding genes in sequence #197 (6402 bp)...done!
Finding genes in sequence #198 (6367 bp)...done!
Finding genes in sequence #199 (6365 bp)...done!
Finding genes in sequence #200 (6360 bp)...done!
Finding genes in sequence #201 (6353 bp)...done!
Finding genes in sequence #202 (6333 bp)...done!
Finding genes in sequence #203 (6259 bp)...done!
Finding genes in sequence #204 (6163 bp)...done!
Finding genes in sequence #205 (5917 bp)...done!
Finding genes in sequence #206 (5883 bp)...done!
Finding genes in sequence #207 (5836 bp)...done!
Finding genes in sequence #208 (5815 bp)...done!
Finding genes in sequence #209 (5801 bp)...done!
Finding genes in sequence #210 (5688 bp)...done!
Finding genes in sequence #211 (5659 bp)...done!
Finding genes in sequence #212 (5617 bp)...done!
Finding genes in sequence #213 (5586 bp)...done!
Finding genes in sequence #214 (5569 bp)...done!
Finding genes in sequence #215 (5487 bp)...done!
Finding genes in sequence #216 (5420 bp)...done!
Finding genes in sequence #217 (5416 bp)...done!
Finding genes in sequence #218 (5389 bp)...done!
Finding genes in sequence #219 (5368 bp)...done!
Finding genes in sequence #220 (5361 bp)...done!
Finding genes in sequence #221 (5358 bp)...done!
Finding genes in sequence #222 (5281 bp)...done!
Finding genes in sequence #223 (5273 bp)...done!
Finding genes in sequence #224 (5266 bp)...done!
Finding genes in sequence #225 (5172 bp)...done!
Finding genes in sequence #226 (5168 bp)...done!
Finding genes in sequence #227 (5126 bp)...done!
Finding genes in sequence #228 (5111 bp)...done!
Finding genes in sequence #229 (5042 bp)...done!
Finding genes in sequence #230 (5033 bp)...done!
Finding genes in sequence #231 (4880 bp)...done!
Finding genes in sequence #232 (4874 bp)...done!
Finding genes in sequence #233 (4841 bp)...done!
Finding genes in sequence #234 (4839 bp)...done!
Finding genes in sequence #235 (4794 bp)...done!
Finding genes in sequence #236 (4719 bp)...done!
Finding genes in sequence #237 (4657 bp)...done!
Finding genes in sequence #238 (4623 bp)...done!
Finding genes in sequence #239 (4616 bp)...done!
Finding genes in sequence #240 (4546 bp)...done!
Finding genes in sequence #241 (4529 bp)...done!
Finding genes in sequence #242 (4453 bp)...done!
Finding genes in sequence #243 (4426 bp)...done!
Finding genes in sequence #244 (4383 bp)...done!
Finding genes in sequence #245 (4379 bp)...done!
Finding genes in sequence #246 (4340 bp)...done!
Finding genes in sequence #247 (4206 bp)...done!
Finding genes in sequence #248 (4197 bp)...done!
Finding genes in sequence #249 (4157 bp)...done!
Finding genes in sequence #250 (4153 bp)...done!
Finding genes in sequence #251 (4111 bp)...done!
Finding genes in sequence #252 (4073 bp)...done!
Finding genes in sequence #253 (4062 bp)...done!
Finding genes in sequence #254 (4020 bp)...done!
Finding genes in sequence #255 (3982 bp)...done!
Finding genes in sequence #256 (3976 bp)...done!
Finding genes in sequence #257 (3960 bp)...done!
Finding genes in sequence #258 (3890 bp)...done!
Finding genes in sequence #259 (3886 bp)...done!
Finding genes in sequence #260 (3871 bp)...done!
Finding genes in sequence #261 (3855 bp)...done!
Finding genes in sequence #262 (3828 bp)...done!
Finding genes in sequence #263 (3826 bp)...done!
Finding genes in sequence #264 (3817 bp)...done!
Finding genes in sequence #265 (3803 bp)...done!
Finding genes in sequence #266 (3765 bp)...done!
Finding genes in sequence #267 (3761 bp)...done!
Finding genes in sequence #268 (3757 bp)...done!
Finding genes in sequence #269 (3725 bp)...done!
Finding genes in sequence #270 (3703 bp)...done!
Finding genes in sequence #271 (3701 bp)...done!
Finding genes in sequence #272 (3676 bp)...done!
Finding genes in sequence #273 (3660 bp)...done!
Finding genes in sequence #274 (3658 bp)...done!
Finding genes in sequence #275 (3653 bp)...done!
Finding genes in sequence #276 (3581 bp)...done!
Finding genes in sequence #277 (3567 bp)...done!
Finding genes in sequence #278 (3535 bp)...done!
Finding genes in sequence #279 (3532 bp)...done!
Finding genes in sequence #280 (3513 bp)...done!
Finding genes in sequence #281 (3451 bp)...done!
Finding genes in sequence #282 (3450 bp)...done!
Finding genes in sequence #283 (3447 bp)...done!
Finding genes in sequence #284 (3446 bp)...done!
Finding genes in sequence #285 (3444 bp)...done!
Finding genes in sequence #286 (3429 bp)...done!
Finding genes in sequence #287 (3332 bp)...done!
Finding genes in sequence #288 (3314 bp)...done!
Finding genes in sequence #289 (3309 bp)...done!
Finding genes in sequence #290 (3287 bp)...done!
Finding genes in sequence #291 (3256 bp)...done!
Finding genes in sequence #292 (3241 bp)...done!
Finding genes in sequence #293 (3224 bp)...done!
Finding genes in sequence #294 (3192 bp)...done!
Finding genes in sequence #295 (3173 bp)...done!
Finding genes in sequence #296 (3152 bp)...done!
Finding genes in sequence #297 (3033 bp)...done!
Finding genes in sequence #298 (3028 bp)...done!
Finding genes in sequence #299 (3025 bp)...done!
Finding genes in sequence #300 (3000 bp)...done!
Finding genes in sequence #301 (2991 bp)...done!
Finding genes in sequence #302 (2979 bp)...done!
Finding genes in sequence #303 (2961 bp)...done!
Finding genes in sequence #304 (2919 bp)...done!
Finding genes in sequence #305 (2917 bp)...done!
Finding genes in sequence #306 (2900 bp)...done!
Finding genes in sequence #307 (2893 bp)...done!
Finding genes in sequence #308 (2890 bp)...done!
Finding genes in sequence #309 (2880 bp)...done!
Finding genes in sequence #310 (2875 bp)...done!
Finding genes in sequence #311 (2874 bp)...done!
Finding genes in sequence #312 (2868 bp)...done!
Finding genes in sequence #313 (2859 bp)...done!
Finding genes in sequence #314 (2854 bp)...done!
Finding genes in sequence #315 (2826 bp)...done!
Finding genes in sequence #316 (2792 bp)...done!
Finding genes in sequence #317 (2754 bp)...done!
Finding genes in sequence #318 (2731 bp)...done!
Finding genes in sequence #319 (2715 bp)...done!
Finding genes in sequence #320 (2706 bp)...done!
Finding genes in sequence #321 (2698 bp)...done!
Finding genes in sequence #322 (2689 bp)...done!
Finding genes in sequence #323 (2677 bp)...done!
Finding genes in sequence #324 (2633 bp)...done!
Finding genes in sequence #325 (2600 bp)...done!
Finding genes in sequence #326 (2594 bp)...done!
Finding genes in sequence #327 (2582 bp)...done!
Finding genes in sequence #328 (2572 bp)...done!
Finding genes in sequence #329 (2564 bp)...done!
Finding genes in sequence #330 (2560 bp)...done!
Finding genes in sequence #331 (2549 bp)...done!
Finding genes in sequence #332 (2499 bp)...done!
Finding genes in sequence #333 (2434 bp)...done!
Finding genes in sequence #334 (2416 bp)...done!
Finding genes in sequence #335 (2412 bp)...done!
Finding genes in sequence #336 (2410 bp)...done!
Finding genes in sequence #337 (2406 bp)...done!
Finding genes in sequence #338 (2376 bp)...done!
Finding genes in sequence #339 (2375 bp)...done!
Finding genes in sequence #340 (2357 bp)...done!
Finding genes in sequence #341 (2355 bp)...done!
Finding genes in sequence #342 (2351 bp)...done!
Finding genes in sequence #343 (2335 bp)...done!
Finding genes in sequence #344 (2294 bp)...done!
Finding genes in sequence #345 (2294 bp)...done!
Finding genes in sequence #346 (2248 bp)...done!
Finding genes in sequence #347 (2240 bp)...done!
Finding genes in sequence #348 (2229 bp)...done!
Finding genes in sequence #349 (2225 bp)...done!
Finding genes in sequence #350 (2219 bp)...done!
Finding genes in sequence #351 (2206 bp)...done!
Finding genes in sequence #352 (2204 bp)...done!
Finding genes in sequence #353 (2192 bp)...done!
Finding genes in sequence #354 (2188 bp)...done!
Finding genes in sequence #355 (2183 bp)...done!
Finding genes in sequence #356 (2169 bp)...done!
Finding genes in sequence #357 (2154 bp)...done!
Finding genes in sequence #358 (2148 bp)...done!
Finding genes in sequence #359 (2137 bp)...done!
Finding genes in sequence #360 (2130 bp)...done!
Finding genes in sequence #361 (2125 bp)...done!
Finding genes in sequence #362 (2101 bp)...done!
Finding genes in sequence #363 (2072 bp)...done!
Finding genes in sequence #364 (2052 bp)...done!
Finding genes in sequence #365 (2014 bp)...done!
Finding genes in sequence #366 (1994 bp)...done!
Finding genes in sequence #367 (1992 bp)...done!
Finding genes in sequence #368 (1977 bp)...done!
Finding genes in sequence #369 (1972 bp)...done!
Finding genes in sequence #370 (1953 bp)...done!
Finding genes in sequence #371 (1910 bp)...done!
Finding genes in sequence #372 (1877 bp)...done!
Finding genes in sequence #373 (1851 bp)...done!
Finding genes in sequence #374 (1838 bp)...done!
Finding genes in sequence #375 (1832 bp)...done!
Finding genes in sequence #376 (1825 bp)...done!
Finding genes in sequence #377 (1821 bp)...done!
Finding genes in sequence #378 (1817 bp)...done!
Finding genes in sequence #379 (1791 bp)...done!
Finding genes in sequence #380 (1790 bp)...done!
Finding genes in sequence #381 (1783 bp)...done!
Finding genes in sequence #382 (1753 bp)...done!
Finding genes in sequence #383 (1747 bp)...done!
Finding genes in sequence #384 (1722 bp)...done!
Finding genes in sequence #385 (1717 bp)...done!
Finding genes in sequence #386 (1706 bp)...done!
Finding genes in sequence #387 (1690 bp)...done!
Finding genes in sequence #388 (1690 bp)...done!
Finding genes in sequence #389 (1684 bp)...done!
Finding genes in sequence #390 (1652 bp)...done!
Finding genes in sequence #391 (1649 bp)...done!
Finding genes in sequence #392 (1631 bp)...done!
Finding genes in sequence #393 (1623 bp)...done!
Finding genes in sequence #394 (1621 bp)...done!
Finding genes in sequence #395 (1596 bp)...done!
Finding genes in sequence #396 (1577 bp)...done!
Finding genes in sequence #397 (1576 bp)...done!
Finding genes in sequence #398 (1555 bp)...done!
Finding genes in sequence #399 (1544 bp)...done!
Finding genes in sequence #400 (1543 bp)...done!
Finding genes in sequence #401 (1521 bp)...done!
Finding genes in sequence #402 (1492 bp)...done!
Finding genes in sequence #403 (1487 bp)...done!
Finding genes in sequence #404 (1466 bp)...done!
Finding genes in sequence #405 (1449 bp)...done!
Finding genes in sequence #406 (1435 bp)...done!
Finding genes in sequence #407 (1385 bp)...done!
Finding genes in sequence #408 (1378 bp)...done!
Finding genes in sequence #409 (1351 bp)...done!
Finding genes in sequence #410 (1345 bp)...done!
Finding genes in sequence #411 (1336 bp)...done!
Finding genes in sequence #412 (1329 bp)...done!
Finding genes in sequence #413 (1326 bp)...done!
Finding genes in sequence #414 (1323 bp)...done!
Finding genes in sequence #415 (1302 bp)...done!
Finding genes in sequence #416 (1297 bp)...done!
Finding genes in sequence #417 (1295 bp)...done!
Finding genes in sequence #418 (1289 bp)...done!
Finding genes in sequence #419 (1279 bp)...done!
Finding genes in sequence #420 (1275 bp)...done!
Finding genes in sequence #421 (1234 bp)...done!
Finding genes in sequence #422 (1232 bp)...done!
Finding genes in sequence #423 (1230 bp)...done!
Finding genes in sequence #424 (1230 bp)...done!
Finding genes in sequence #425 (1229 bp)...done!
Finding genes in sequence #426 (1182 bp)...done!
Finding genes in sequence #427 (1182 bp)...done!
Finding genes in sequence #428 (1181 bp)...done!
Finding genes in sequence #429 (1173 bp)...done!
Finding genes in sequence #430 (1154 bp)...done!
Finding genes in sequence #431 (1147 bp)...done!
Finding genes in sequence #432 (1145 bp)...done!
Finding genes in sequence #433 (1136 bp)...done!
Finding genes in sequence #434 (1128 bp)...done!
Finding genes in sequence #435 (1119 bp)...done!
Finding genes in sequence #436 (1103 bp)...done!
Finding genes in sequence #437 (1093 bp)...done!
Finding genes in sequence #438 (1092 bp)...done!
Finding genes in sequence #439 (1091 bp)...done!
Finding genes in sequence #440 (1081 bp)...done!
Finding genes in sequence #441 (1073 bp)...done!
Finding genes in sequence #442 (1056 bp)...done!
Finding genes in sequence #443 (1050 bp)...done!
Finding genes in sequence #444 (1048 bp)...done!
Finding genes in sequence #445 (1047 bp)...done!
Finding genes in sequence #446 (1047 bp)...done!
Finding genes in sequence #447 (1042 bp)...done!
Finding genes in sequence #448 (1042 bp)...done!
Finding genes in sequence #449 (1038 bp)...done!
Finding genes in sequence #450 (1004 bp)...done!
Finding genes in sequence #451 (1004 bp)...done!
Finding genes in sequence #452 (991 bp)...done!
Finding genes in sequence #453 (942 bp)...done!
Finding genes in sequence #454 (939 bp)...done!
Finding genes in sequence #455 (937 bp)...done!
Finding genes in sequence #456 (927 bp)...done!
Finding genes in sequence #457 (912 bp)...done!
Finding genes in sequence #458 (886 bp)...done!
Finding genes in sequence #459 (863 bp)...done!
Finding genes in sequence #460 (855 bp)...done!
Finding genes in sequence #461 (852 bp)...done!
Finding genes in sequence #462 (846 bp)...done!
Finding genes in sequence #463 (844 bp)...done!
Finding genes in sequence #464 (836 bp)...done!
Finding genes in sequence #465 (828 bp)...done!
Finding genes in sequence #466 (811 bp)...done!
Finding genes in sequence #467 (802 bp)...done!
Finding genes in sequence #468 (801 bp)...done!
Finding genes in sequence #469 (796 bp)...done!
Finding genes in sequence #470 (796 bp)...done!
Finding genes in sequence #471 (791 bp)...done!
Finding genes in sequence #472 (782 bp)...done!
Finding genes in sequence #473 (774 bp)...done!
Finding genes in sequence #474 (769 bp)...done!
Finding genes in sequence #475 (766 bp)...done!
Finding genes in sequence #476 (762 bp)...done!
Finding genes in sequence #477 (748 bp)...done!
Finding genes in sequence #478 (737 bp)...done!
Finding genes in sequence #479 (723 bp)...done!
Finding genes in sequence #480 (717 bp)...done!
Finding genes in sequence #481 (694 bp)...done!
Finding genes in sequence #482 (691 bp)...done!
Finding genes in sequence #483 (688 bp)...done!
Finding genes in sequence #484 (682 bp)...done!
Finding genes in sequence #485 (678 bp)...done!
Finding genes in sequence #486 (670 bp)...done!
Finding genes in sequence #487 (668 bp)...done!
Finding genes in sequence #488 (664 bp)...done!
Finding genes in sequence #489 (662 bp)...done!
Finding genes in sequence #490 (660 bp)...done!
Finding genes in sequence #491 (658 bp)...done!
Finding genes in sequence #492 (654 bp)...done!
Finding genes in sequence #493 (650 bp)...done!
Finding genes in sequence #494 (649 bp)...done!
Finding genes in sequence #495 (646 bp)...done!
Finding genes in sequence #496 (646 bp)...done!
Finding genes in sequence #497 (644 bp)...done!
Finding genes in sequence #498 (632 bp)...done!
Finding genes in sequence #499 (631 bp)...done!
Finding genes in sequence #500 (624 bp)...done!
Finding genes in sequence #501 (623 bp)...done!
Finding genes in sequence #502 (623 bp)...done!
Finding genes in sequence #503 (623 bp)...done!
Finding genes in sequence #504 (622 bp)...done!
Finding genes in sequence #505 (622 bp)...done!
Finding genes in sequence #506 (619 bp)...done!
Finding genes in sequence #507 (619 bp)...done!
Finding genes in sequence #508 (619 bp)...done!
Finding genes in sequence #509 (619 bp)...done!
Finding genes in sequence #510 (612 bp)...done!
Finding genes in sequence #511 (612 bp)...done!
Finding genes in sequence #512 (612 bp)...done!
Finding genes in sequence #513 (611 bp)...done!
Finding genes in sequence #514 (611 bp)...done!
Finding genes in sequence #515 (611 bp)...done!
Finding genes in sequence #516 (609 bp)...done!
Finding genes in sequence #517 (602 bp)...done!
Finding genes in sequence #518 (601 bp)...done!
Finding genes in sequence #519 (601 bp)...done!
Finding genes in sequence #520 (601 bp)...done!
Finding genes in sequence #521 (596 bp)...done!
Finding genes in sequence #522 (596 bp)...done!
Finding genes in sequence #523 (594 bp)...done!
Finding genes in sequence #524 (593 bp)...done!
Finding genes in sequence #525 (593 bp)...done!
Finding genes in sequence #526 (592 bp)...done!
Finding genes in sequence #527 (590 bp)...done!
Finding genes in sequence #528 (587 bp)...done!
Finding genes in sequence #529 (587 bp)...done!
Finding genes in sequence #530 (586 bp)...done!
Finding genes in sequence #531 (585 bp)...done!
Finding genes in sequence #532 (582 bp)...done!
Finding genes in sequence #533 (581 bp)...done!
Finding genes in sequence #534 (580 bp)...done!
Finding genes in sequence #535 (578 bp)...done!
Finding genes in sequence #536 (576 bp)...done!
Finding genes in sequence #537 (574 bp)...done!
Finding genes in sequence #538 (568 bp)...done!
Finding genes in sequence #539 (566 bp)...done!
Finding genes in sequence #540 (566 bp)...done!
Finding genes in sequence #541 (566 bp)...done!
Finding genes in sequence #542 (563 bp)...done!
Finding genes in sequence #543 (557 bp)...done!
Finding genes in sequence #544 (553 bp)...done!
Finding genes in sequence #545 (553 bp)...done!
Finding genes in sequence #546 (552 bp)...done!
Finding genes in sequence #547 (547 bp)...done!
Finding genes in sequence #548 (543 bp)...done!
Finding genes in sequence #549 (543 bp)...done!
Finding genes in sequence #550 (542 bp)...done!
Finding genes in sequence #551 (542 bp)...done!
Finding genes in sequence #552 (542 bp)...done!
Finding genes in sequence #553 (540 bp)...done!
Finding genes in sequence #554 (540 bp)...done!
Finding genes in sequence #555 (539 bp)...done!
Finding genes in sequence #556 (538 bp)...done!
Finding genes in sequence #557 (534 bp)...done!
Finding genes in sequence #558 (534 bp)...done!
Finding genes in sequence #559 (530 bp)...done!
Finding genes in sequence #560 (527 bp)...done!
Finding genes in sequence #561 (526 bp)...done!
Finding genes in sequence #562 (526 bp)...done!
Finding genes in sequence #563 (526 bp)...done!
Finding genes in sequence #564 (526 bp)...done!
Finding genes in sequence #565 (525 bp)...done!
Finding genes in sequence #566 (525 bp)...done!
Finding genes in sequence #567 (525 bp)...done!
Finding genes in sequence #568 (524 bp)...done!
Finding genes in sequence #569 (523 bp)...done!
Finding genes in sequence #570 (522 bp)...done!
Finding genes in sequence #571 (521 bp)...done!
Finding genes in sequence #572 (517 bp)...done!
Finding genes in sequence #573 (516 bp)...done!
Finding genes in sequence #574 (513 bp)...done!
Finding genes in sequence #575 (509 bp)...done!
Finding genes in sequence #576 (509 bp)...done!
Finding genes in sequence #577 (506 bp)...done!
Finding genes in sequence #578 (505 bp)...done!
Finding genes in sequence #579 (503 bp)...done!
Finding genes in sequence #580 (502 bp)...done!
Finding genes in sequence #581 (501 bp)...done!
Finding genes in sequence #582 (501 bp)...done!
Finding genes in sequence #583 (501 bp)...done!
Finding genes in sequence #584 (500 bp)...done!
Finding genes in sequence #585 (499 bp)...done!
Finding genes in sequence #586 (497 bp)...done!
Finding genes in sequence #587 (496 bp)...done!
Finding genes in sequence #588 (493 bp)...done!
Finding genes in sequence #589 (493 bp)...done!
Finding genes in sequence #590 (492 bp)...done!
Finding genes in sequence #591 (492 bp)...done!
Finding genes in sequence #592 (492 bp)...done!
Finding genes in sequence #593 (491 bp)...done!
Finding genes in sequence #594 (487 bp)...done!
Finding genes in sequence #595 (485 bp)...done!
Finding genes in sequence #596 (484 bp)...done!
Finding genes in sequence #597 (481 bp)...done!
Finding genes in sequence #598 (480 bp)...done!
Finding genes in sequence #599 (479 bp)...done!
Finding genes in sequence #600 (477 bp)...done!
Finding genes in sequence #601 (476 bp)...done!
Finding genes in sequence #602 (476 bp)...done!
Finding genes in sequence #603 (474 bp)...done!
Finding genes in sequence #604 (474 bp)...done!
Finding genes in sequence #605 (473 bp)...done!
Finding genes in sequence #606 (473 bp)...done!
Finding genes in sequence #607 (472 bp)...done!
Finding genes in sequence #608 (471 bp)...done!
Finding genes in sequence #609 (469 bp)...done!
Finding genes in sequence #610 (465 bp)...done!
Finding genes in sequence #611 (465 bp)...done!
Finding genes in sequence #612 (464 bp)...done!
Finding genes in sequence #613 (463 bp)...done!
Finding genes in sequence #614 (462 bp)...done!
Finding genes in sequence #615 (461 bp)...done!
Finding genes in sequence #616 (460 bp)...done!
Finding genes in sequence #617 (458 bp)...done!
Finding genes in sequence #618 (456 bp)...done!
Finding genes in sequence #619 (455 bp)...done!
Finding genes in sequence #620 (453 bp)...done!
Finding genes in sequence #621 (452 bp)...done!
Finding genes in sequence #622 (452 bp)...done!
Finding genes in sequence #623 (451 bp)...done!
Finding genes in sequence #624 (450 bp)...done!
Finding genes in sequence #625 (448 bp)...done!
Finding genes in sequence #626 (448 bp)...done!
Finding genes in sequence #627 (447 bp)...done!
Finding genes in sequence #628 (445 bp)...done!
Finding genes in sequence #629 (440 bp)...done!
Finding genes in sequence #630 (440 bp)...done!
Finding genes in sequence #631 (439 bp)...done!
Finding genes in sequence #632 (439 bp)...done!
Finding genes in sequence #633 (437 bp)...done!
Finding genes in sequence #634 (435 bp)...done!
Finding genes in sequence #635 (434 bp)...done!
Finding genes in sequence #636 (433 bp)...done!
Finding genes in sequence #637 (433 bp)...done!
Finding genes in sequence #638 (432 bp)...done!
Finding genes in sequence #639 (426 bp)...done!
Finding genes in sequence #640 (426 bp)...done!
Finding genes in sequence #641 (426 bp)...done!
Finding genes in sequence #642 (423 bp)...done!
Finding genes in sequence #643 (418 bp)...done!
Finding genes in sequence #644 (418 bp)...done!
Finding genes in sequence #645 (418 bp)...done!
Finding genes in sequence #646 (417 bp)...done!
Finding genes in sequence #647 (415 bp)...done!
Finding genes in sequence #648 (410 bp)...done!
Finding genes in sequence #649 (410 bp)...done!
Finding genes in sequence #650 (409 bp)...done!
Finding genes in sequence #651 (409 bp)...done!
Finding genes in sequence #652 (409 bp)...done!
Finding genes in sequence #653 (408 bp)...done!
Finding genes in sequence #654 (407 bp)...done!
Finding genes in sequence #655 (406 bp)...done!
Finding genes in sequence #656 (405 bp)...done!
Finding genes in sequence #657 (405 bp)...done!
Finding genes in sequence #658 (405 bp)...done!
Finding genes in sequence #659 (404 bp)...done!
Finding genes in sequence #660 (404 bp)...done!
Finding genes in sequence #661 (403 bp)...done!
Finding genes in sequence #662 (403 bp)...done!
Finding genes in sequence #663 (402 bp)...done!
Finding genes in sequence #664 (401 bp)...done!
Finding genes in sequence #665 (400 bp)...done!
Finding genes in sequence #666 (399 bp)...done!
Finding genes in sequence #667 (397 bp)...done!
Finding genes in sequence #668 (397 bp)...done!
Finding genes in sequence #669 (395 bp)...done!
Finding genes in sequence #670 (395 bp)...done!
Finding genes in sequence #671 (394 bp)...done!
Finding genes in sequence #672 (391 bp)...done!
Finding genes in sequence #673 (391 bp)...done!
Finding genes in sequence #674 (389 bp)...done!
Finding genes in sequence #675 (389 bp)...done!
Finding genes in sequence #676 (389 bp)...done!
Finding genes in sequence #677 (389 bp)...done!
Finding genes in sequence #678 (388 bp)...done!
Finding genes in sequence #679 (388 bp)...done!
Finding genes in sequence #680 (385 bp)...done!
Finding genes in sequence #681 (384 bp)...done!
Finding genes in sequence #682 (382 bp)...done!
Finding genes in sequence #683 (382 bp)...done!
Finding genes in sequence #684 (380 bp)...done!
Finding genes in sequence #685 (380 bp)...done!
Finding genes in sequence #686 (379 bp)...done!
Finding genes in sequence #687 (379 bp)...done!
Finding genes in sequence #688 (375 bp)...done!
Finding genes in sequence #689 (374 bp)...done!
Finding genes in sequence #690 (373 bp)...done!
Finding genes in sequence #691 (372 bp)...done!
Finding genes in sequence #692 (371 bp)...done!
Finding genes in sequence #693 (371 bp)...done!
Finding genes in sequence #694 (371 bp)...done!
Finding genes in sequence #695 (370 bp)...done!
Finding genes in sequence #696 (370 bp)...done!
Finding genes in sequence #697 (368 bp)...done!
Finding genes in sequence #698 (367 bp)...done!
Finding genes in sequence #699 (367 bp)...done!
Finding genes in sequence #700 (365 bp)...done!
Finding genes in sequence #701 (365 bp)...done!
Finding genes in sequence #702 (362 bp)...done!
Finding genes in sequence #703 (362 bp)...done!
Finding genes in sequence #704 (361 bp)...done!
Finding genes in sequence #705 (360 bp)...done!
Finding genes in sequence #706 (360 bp)...done!
Finding genes in sequence #707 (359 bp)...done!
Finding genes in sequence #708 (358 bp)...done!
Finding genes in sequence #709 (356 bp)...done!
Finding genes in sequence #710 (355 bp)...done!
Finding genes in sequence #711 (355 bp)...done!
Finding genes in sequence #712 (352 bp)...done!
Finding genes in sequence #713 (352 bp)...done!
Finding genes in sequence #714 (352 bp)...done!
Finding genes in sequence #715 (351 bp)...done!
Finding genes in sequence #716 (350 bp)...done!
Finding genes in sequence #717 (350 bp)...done!
Finding genes in sequence #718 (349 bp)...done!
Finding genes in sequence #719 (349 bp)...done!
Finding genes in sequence #720 (348 bp)...done!
Finding genes in sequence #721 (346 bp)...done!
Finding genes in sequence #722 (344 bp)...done!
Finding genes in sequence #723 (343 bp)...done!
Finding genes in sequence #724 (342 bp)...done!
Finding genes in sequence #725 (342 bp)...done!
Finding genes in sequence #726 (342 bp)...done!
Finding genes in sequence #727 (342 bp)...done!
Finding genes in sequence #728 (342 bp)...done!
Finding genes in sequence #729 (341 bp)...done!
Finding genes in sequence #730 (341 bp)...done!
Finding genes in sequence #731 (338 bp)...done!
Finding genes in sequence #732 (337 bp)...done!
Finding genes in sequence #733 (336 bp)...done!
Finding genes in sequence #734 (334 bp)...done!
Finding genes in sequence #735 (333 bp)...done!
Finding genes in sequence #736 (332 bp)...done!
Finding genes in sequence #737 (331 bp)...done!
Finding genes in sequence #738 (330 bp)...done!
Finding genes in sequence #739 (329 bp)...done!
Finding genes in sequence #740 (329 bp)...done!
Finding genes in sequence #741 (329 bp)...done!
Finding genes in sequence #742 (328 bp)...done!
Finding genes in sequence #743 (327 bp)...done!
Finding genes in sequence #744 (327 bp)...done!
Finding genes in sequence #745 (325 bp)...done!
Finding genes in sequence #746 (324 bp)...done!
Finding genes in sequence #747 (322 bp)...done!
Finding genes in sequence #748 (322 bp)...done!
Finding genes in sequence #749 (322 bp)...done!
Finding genes in sequence #750 (321 bp)...done!
Finding genes in sequence #751 (321 bp)...done!
Finding genes in sequence #752 (321 bp)...done!
Finding genes in sequence #753 (320 bp)...done!
Finding genes in sequence #754 (320 bp)...done!
Finding genes in sequence #755 (319 bp)...done!
Finding genes in sequence #756 (319 bp)...done!
Finding genes in sequence #757 (319 bp)...done!
Finding genes in sequence #758 (319 bp)...done!
Finding genes in sequence #759 (318 bp)...done!
Finding genes in sequence #760 (318 bp)...done!
Finding genes in sequence #761 (318 bp)...done!
Finding genes in sequence #762 (317 bp)...done!
Finding genes in sequence #763 (317 bp)...done!
Finding genes in sequence #764 (316 bp)...done!
Finding genes in sequence #765 (316 bp)...done!
Finding genes in sequence #766 (315 bp)...done!
Finding genes in sequence #767 (315 bp)...done!
Finding genes in sequence #768 (314 bp)...done!
Finding genes in sequence #769 (314 bp)...done!
Finding genes in sequence #770 (314 bp)...done!
Finding genes in sequence #771 (313 bp)...done!
Finding genes in sequence #772 (312 bp)...done!
Finding genes in sequence #773 (312 bp)...done!
Finding genes in sequence #774 (310 bp)...done!
Finding genes in sequence #775 (310 bp)...done!
Finding genes in sequence #776 (310 bp)...done!
Finding genes in sequence #777 (309 bp)...done!
Finding genes in sequence #778 (308 bp)...done!
Finding genes in sequence #779 (308 bp)...done!
Finding genes in sequence #780 (307 bp)...done!
Finding genes in sequence #781 (307 bp)...done!
Finding genes in sequence #782 (307 bp)...done!
Finding genes in sequence #783 (305 bp)...done!
Finding genes in sequence #784 (303 bp)...done!
Finding genes in sequence #785 (303 bp)...done!
Finding genes in sequence #786 (302 bp)...done!
Finding genes in sequence #787 (302 bp)...done!
Finding genes in sequence #788 (301 bp)...done!
Finding genes in sequence #789 (301 bp)...done!
Finding genes in sequence #790 (301 bp)...done!
Finding genes in sequence #791 (299 bp)...done!
Finding genes in sequence #792 (299 bp)...done!
Finding genes in sequence #793 (298 bp)...done!
Finding genes in sequence #794 (297 bp)...done!
Finding genes in sequence #795 (297 bp)...done!
Finding genes in sequence #796 (297 bp)...done!
Finding genes in sequence #797 (296 bp)...done!
Finding genes in sequence #798 (296 bp)...done!
Finding genes in sequence #799 (296 bp)...done!
Finding genes in sequence #800 (295 bp)...done!
Finding genes in sequence #801 (295 bp)...done!
Finding genes in sequence #802 (293 bp)...done!
Finding genes in sequence #803 (292 bp)...done!
Finding genes in sequence #804 (292 bp)...done!
Finding genes in sequence #805 (291 bp)...done!
Finding genes in sequence #806 (291 bp)...done!
Finding genes in sequence #807 (291 bp)...done!
Finding genes in sequence #808 (290 bp)...done!
Finding genes in sequence #809 (290 bp)...done!
Finding genes in sequence #810 (290 bp)...done!
Finding genes in sequence #811 (290 bp)...done!
Finding genes in sequence #812 (290 bp)...done!
Finding genes in sequence #813 (290 bp)...done!
Finding genes in sequence #814 (289 bp)...done!
Finding genes in sequence #815 (289 bp)...done!
Finding genes in sequence #816 (289 bp)...done!
Finding genes in sequence #817 (288 bp)...done!
Finding genes in sequence #818 (288 bp)...done!
Finding genes in sequence #819 (288 bp)...done!
Finding genes in sequence #820 (288 bp)...done!
Finding genes in sequence #821 (287 bp)...done!
Finding genes in sequence #822 (287 bp)...done!
Finding genes in sequence #823 (286 bp)...done!
Finding genes in sequence #824 (286 bp)...done!
Finding genes in sequence #825 (286 bp)...done!
Finding genes in sequence #826 (285 bp)...done!
Finding genes in sequence #827 (285 bp)...done!
Finding genes in sequence #828 (285 bp)...done!
Finding genes in sequence #829 (285 bp)...done!
Finding genes in sequence #830 (284 bp)...done!
Finding genes in sequence #831 (284 bp)...done!
Finding genes in sequence #832 (284 bp)...done!
Finding genes in sequence #833 (284 bp)...done!
Finding genes in sequence #834 (283 bp)...done!
Finding genes in sequence #835 (283 bp)...done!
Finding genes in sequence #836 (283 bp)...done!
Finding genes in sequence #837 (283 bp)...done!
Finding genes in sequence #838 (282 bp)...done!
Finding genes in sequence #839 (282 bp)...done!
Finding genes in sequence #840 (282 bp)...done!
Finding genes in sequence #841 (282 bp)...done!
Finding genes in sequence #842 (281 bp)...done!
Finding genes in sequence #843 (280 bp)...done!
Finding genes in sequence #844 (280 bp)...done!
Finding genes in sequence #845 (279 bp)...done!
Finding genes in sequence #846 (279 bp)...done!
Finding genes in sequence #847 (279 bp)...done!
Finding genes in sequence #848 (279 bp)...done!
Finding genes in sequence #849 (279 bp)...done!
Finding genes in sequence #850 (278 bp)...done!
Finding genes in sequence #851 (277 bp)...done!
Finding genes in sequence #852 (276 bp)...done!
Finding genes in sequence #853 (276 bp)...done!
Finding genes in sequence #854 (276 bp)...done!
Finding genes in sequence #855 (275 bp)...done!
Finding genes in sequence #856 (275 bp)...done!
Finding genes in sequence #857 (275 bp)...done!
Finding genes in sequence #858 (274 bp)...done!
Finding genes in sequence #859 (274 bp)...done!
Finding genes in sequence #860 (274 bp)...done!
Finding genes in sequence #861 (273 bp)...done!
Finding genes in sequence #862 (273 bp)...done!
Finding genes in sequence #863 (273 bp)...done!
Finding genes in sequence #864 (273 bp)...done!
Finding genes in sequence #865 (273 bp)...done!
Finding genes in sequence #866 (272 bp)...done!
Finding genes in sequence #867 (272 bp)...done!
Finding genes in sequence #868 (272 bp)...done!
Finding genes in sequence #869 (272 bp)...done!
Finding genes in sequence #870 (271 bp)...done!
Finding genes in sequence #871 (271 bp)...done!
Finding genes in sequence #872 (270 bp)...done!
Finding genes in sequence #873 (270 bp)...done!
Finding genes in sequence #874 (270 bp)...done!
Finding genes in sequence #875 (269 bp)...done!
Finding genes in sequence #876 (269 bp)...done!
Finding genes in sequence #877 (269 bp)...done!
Finding genes in sequence #878 (269 bp)...done!
Finding genes in sequence #879 (269 bp)...done!
Finding genes in sequence #880 (269 bp)...done!
Finding genes in sequence #881 (268 bp)...done!
Finding genes in sequence #882 (267 bp)...done!
Finding genes in sequence #883 (267 bp)...done!
Finding genes in sequence #884 (266 bp)...done!
Finding genes in sequence #885 (266 bp)...done!
Finding genes in sequence #886 (266 bp)...done!
Finding genes in sequence #887 (266 bp)...done!
Finding genes in sequence #888 (266 bp)...done!
Finding genes in sequence #889 (266 bp)...done!
Finding genes in sequence #890 (265 bp)...done!
Finding genes in sequence #891 (264 bp)...done!
Finding genes in sequence #892 (264 bp)...done!
Finding genes in sequence #893 (264 bp)...done!
Finding genes in sequence #894 (263 bp)...done!
Finding genes in sequence #895 (263 bp)...done!
Finding genes in sequence #896 (263 bp)...done!
Finding genes in sequence #897 (263 bp)...done!
Finding genes in sequence #898 (262 bp)...done!
Finding genes in sequence #899 (262 bp)...done!
Finding genes in sequence #900 (262 bp)...done!
Finding genes in sequence #901 (262 bp)...done!
Finding genes in sequence #902 (262 bp)...done!
Finding genes in sequence #903 (261 bp)...done!
Finding genes in sequence #904 (261 bp)...done!
Finding genes in sequence #905 (261 bp)...done!
Finding genes in sequence #906 (261 bp)...done!
Finding genes in sequence #907 (261 bp)...done!
Finding genes in sequence #908 (260 bp)...done!
Finding genes in sequence #909 (260 bp)...done!
Finding genes in sequence #910 (260 bp)...done!
Finding genes in sequence #911 (260 bp)...done!
Finding genes in sequence #912 (259 bp)...done!
Finding genes in sequence #913 (258 bp)...done!
Finding genes in sequence #914 (258 bp)...done!
Finding genes in sequence #915 (258 bp)...done!
Finding genes in sequence #916 (257 bp)...done!
Finding genes in sequence #917 (257 bp)...done!
Finding genes in sequence #918 (256 bp)...done!
Finding genes in sequence #919 (256 bp)...done!
Finding genes in sequence #920 (256 bp)...done!
Finding genes in sequence #921 (256 bp)...done!
Finding genes in sequence #922 (255 bp)...done!
Finding genes in sequence #923 (255 bp)...done!
Finding genes in sequence #924 (255 bp)...done!
Finding genes in sequence #925 (255 bp)...done!
Finding genes in sequence #926 (255 bp)...done!
Finding genes in sequence #927 (254 bp)...done!
Finding genes in sequence #928 (254 bp)...done!
Finding genes in sequence #929 (254 bp)...done!
Finding genes in sequence #930 (254 bp)...done!
Finding genes in sequence #931 (254 bp)...done!
Finding genes in sequence #932 (254 bp)...done!
Finding genes in sequence #933 (254 bp)...done!
Finding genes in sequence #934 (254 bp)...done!
Finding genes in sequence #935 (254 bp)...done!
Finding genes in sequence #936 (253 bp)...done!
Finding genes in sequence #937 (253 bp)...done!
Finding genes in sequence #938 (253 bp)...done!
Finding genes in sequence #939 (253 bp)...done!
Finding genes in sequence #940 (253 bp)...done!
Finding genes in sequence #941 (253 bp)...done!
Finding genes in sequence #942 (252 bp)...done!
Finding genes in sequence #943 (252 bp)...done!
Finding genes in sequence #944 (252 bp)...done!
Finding genes in sequence #945 (252 bp)...done!
Finding genes in sequence #946 (252 bp)...done!
Finding genes in sequence #947 (251 bp)...done!
Finding genes in sequence #948 (251 bp)...done!
Finding genes in sequence #949 (251 bp)...done!
Finding genes in sequence #950 (250 bp)...done!
Finding genes in sequence #951 (249 bp)...done!
Finding genes in sequence #952 (249 bp)...done!
Finding genes in sequence #953 (247 bp)...done!
Finding genes in sequence #954 (247 bp)...done!
Finding genes in sequence #955 (247 bp)...done!
Finding genes in sequence #956 (247 bp)...done!
Finding genes in sequence #957 (246 bp)...done!
Finding genes in sequence #958 (246 bp)...done!
Finding genes in sequence #959 (246 bp)...done!
Finding genes in sequence #960 (246 bp)...done!
Finding genes in sequence #961 (245 bp)...done!
Finding genes in sequence #962 (245 bp)...done!
Finding genes in sequence #963 (244 bp)...done!
Finding genes in sequence #964 (244 bp)...done!
Finding genes in sequence #965 (243 bp)...done!
Finding genes in sequence #966 (243 bp)...done!
Finding genes in sequence #967 (243 bp)...done!
Finding genes in sequence #968 (243 bp)...done!
Finding genes in sequence #969 (243 bp)...done!
Finding genes in sequence #970 (243 bp)...done!
Finding genes in sequence #971 (243 bp)...done!
Finding genes in sequence #972 (242 bp)...done!
Finding genes in sequence #973 (242 bp)...done!
Finding genes in sequence #974 (242 bp)...done!
Finding genes in sequence #975 (241 bp)...done!
Finding genes in sequence #976 (241 bp)...done!
Finding genes in sequence #977 (241 bp)...done!
Finding genes in sequence #978 (240 bp)...done!
Finding genes in sequence #979 (240 bp)...done!
Finding genes in sequence #980 (240 bp)...done!
Finding genes in sequence #981 (240 bp)...done!
Finding genes in sequence #982 (240 bp)...done!
Finding genes in sequence #983 (240 bp)...done!
Finding genes in sequence #984 (240 bp)...done!
Finding genes in sequence #985 (239 bp)...done!
Finding genes in sequence #986 (239 bp)...done!
Finding genes in sequence #987 (239 bp)...done!
Finding genes in sequence #988 (239 bp)...done!
Finding genes in sequence #989 (239 bp)...done!
Finding genes in sequence #990 (238 bp)...done!
Finding genes in sequence #991 (238 bp)...done!
Finding genes in sequence #992 (238 bp)...done!
Finding genes in sequence #993 (238 bp)...done!
Finding genes in sequence #994 (238 bp)...done!
Finding genes in sequence #995 (238 bp)...done!
Finding genes in sequence #996 (237 bp)...done!
Finding genes in sequence #997 (237 bp)...done!
Finding genes in sequence #998 (237 bp)...done!
Finding genes in sequence #999 (237 bp)...done!
Finding genes in sequence #1000 (237 bp)...done!
Finding genes in sequence #1001 (236 bp)...done!
Finding genes in sequence #1002 (236 bp)...done!
Finding genes in sequence #1003 (236 bp)...done!
Finding genes in sequence #1004 (236 bp)...done!
Finding genes in sequence #1005 (235 bp)...done!
Finding genes in sequence #1006 (235 bp)...done!
Finding genes in sequence #1007 (235 bp)...done!
Finding genes in sequence #1008 (234 bp)...done!
Finding genes in sequence #1009 (234 bp)...done!
Finding genes in sequence #1010 (234 bp)...done!
Finding genes in sequence #1011 (234 bp)...done!
Finding genes in sequence #1012 (234 bp)...done!
Finding genes in sequence #1013 (234 bp)...done!
Finding genes in sequence #1014 (234 bp)...done!
Finding genes in sequence #1015 (233 bp)...done!
Finding genes in sequence #1016 (233 bp)...done!
Finding genes in sequence #1017 (233 bp)...done!
Finding genes in sequence #1018 (233 bp)...done!
Finding genes in sequence #1019 (233 bp)...done!
Finding genes in sequence #1020 (233 bp)...done!
Finding genes in sequence #1021 (232 bp)...done!
Finding genes in sequence #1022 (232 bp)...done!
Finding genes in sequence #1023 (232 bp)...done!
Finding genes in sequence #1024 (232 bp)...done!
Finding genes in sequence #1025 (232 bp)...done!
Finding genes in sequence #1026 (231 bp)...done!
Finding genes in sequence #1027 (231 bp)...done!
Finding genes in sequence #1028 (231 bp)...done!
Finding genes in sequence #1029 (230 bp)...done!
Finding genes in sequence #1030 (230 bp)...done!
Finding genes in sequence #1031 (230 bp)...done!
Finding genes in sequence #1032 (230 bp)...done!
Finding genes in sequence #1033 (230 bp)...done!
Finding genes in sequence #1034 (230 bp)...done!
Finding genes in sequence #1035 (230 bp)...done!
Finding genes in sequence #1036 (230 bp)...done!
Finding genes in sequence #1037 (229 bp)...done!
Finding genes in sequence #1038 (229 bp)...done!
Finding genes in sequence #1039 (229 bp)...done!
Finding genes in sequence #1040 (229 bp)...done!
Finding genes in sequence #1041 (229 bp)...done!
Finding genes in sequence #1042 (229 bp)...done!
Finding genes in sequence #1043 (229 bp)...done!
Finding genes in sequence #1044 (229 bp)...done!
Finding genes in sequence #1045 (229 bp)...done!
Finding genes in sequence #1046 (229 bp)...done!
Finding genes in sequence #1047 (228 bp)...done!
Finding genes in sequence #1048 (228 bp)...done!
Finding genes in sequence #1049 (228 bp)...done!
Finding genes in sequence #1050 (228 bp)...done!
Finding genes in sequence #1051 (227 bp)...done!
Finding genes in sequence #1052 (227 bp)...done!
Finding genes in sequence #1053 (227 bp)...done!
Finding genes in sequence #1054 (227 bp)...done!
Finding genes in sequence #1055 (224 bp)...done!
Finding genes in sequence #1056 (224 bp)...done!
Finding genes in sequence #1057 (222 bp)...done!
Finding genes in sequence #1058 (220 bp)...done!
Finding genes in sequence #1059 (219 bp)...done!
Finding genes in sequence #1060 (219 bp)...done!
Finding genes in sequence #1061 (218 bp)...done!
Finding genes in sequence #1062 (218 bp)...done!
Finding genes in sequence #1063 (218 bp)...done!
Finding genes in sequence #1064 (217 bp)...done!
Finding genes in sequence #1065 (216 bp)...done!
Finding genes in sequence #1066 (215 bp)...done!
Finding genes in sequence #1067 (215 bp)...done!
Finding genes in sequence #1068 (214 bp)...done!
Finding genes in sequence #1069 (214 bp)...done!
Finding genes in sequence #1070 (213 bp)...done!
Finding genes in sequence #1071 (213 bp)...done!
Finding genes in sequence #1072 (213 bp)...done!
Finding genes in sequence #1073 (212 bp)...done!
Finding genes in sequence #1074 (211 bp)...done!
Finding genes in sequence #1075 (211 bp)...done!
Finding genes in sequence #1076 (211 bp)...done!
Finding genes in sequence #1077 (211 bp)...done!
Finding genes in sequence #1078 (210 bp)...done!
Finding genes in sequence #1079 (209 bp)...done!
Finding genes in sequence #1080 (209 bp)...done!
Finding genes in sequence #1081 (208 bp)...done!
Finding genes in sequence #1082 (208 bp)...done!
Finding genes in sequence #1083 (207 bp)...done!
Finding genes in sequence #1084 (207 bp)...done!
Finding genes in sequence #1085 (206 bp)...done!
Finding genes in sequence #1086 (206 bp)...done!
Finding genes in sequence #1087 (206 bp)...done!
Finding genes in sequence #1088 (204 bp)...done!
Finding genes in sequence #1089 (203 bp)...done!
Finding genes in sequence #1090 (202 bp)...done!
Finding genes in sequence #1091 (202 bp)...done!
Finding genes in sequence #1092 (202 bp)...done!
Finding genes in sequence #1093 (201 bp)...done!
Finding genes in sequence #1094 (200 bp)...done!
Finding genes in sequence #1095 (200 bp)...done!
Finding genes in sequence #1096 (200 bp)...done!
Finding genes in sequence #1097 (199 bp)...done!
Finding genes in sequence #1098 (199 bp)...done!
Finding genes in sequence #1099 (198 bp)...done!
Finding genes in sequence #1100 (198 bp)...done!
Finding genes in sequence #1101 (197 bp)...done!
Finding genes in sequence #1102 (197 bp)...done!
Finding genes in sequence #1103 (197 bp)...done!
Finding genes in sequence #1104 (197 bp)...done!
Finding genes in sequence #1105 (196 bp)...done!
Finding genes in sequence #1106 (196 bp)...done!
Finding genes in sequence #1107 (194 bp)...done!
Finding genes in sequence #1108 (194 bp)...done!
Finding genes in sequence #1109 (194 bp)...done!
Finding genes in sequence #1110 (194 bp)...done!
Finding genes in sequence #1111 (193 bp)...done!
Finding genes in sequence #1112 (193 bp)...done!
Finding genes in sequence #1113 (192 bp)...done!
Finding genes in sequence #1114 (192 bp)...done!
Finding genes in sequence #1115 (192 bp)...done!
Finding genes in sequence #1116 (191 bp)...done!
Finding genes in sequence #1117 (191 bp)...done!
Finding genes in sequence #1118 (191 bp)...done!
Finding genes in sequence #1119 (191 bp)...done!
Finding genes in sequence #1120 (191 bp)...done!
Finding genes in sequence #1121 (190 bp)...done!
Finding genes in sequence #1122 (189 bp)...done!
Finding genes in sequence #1123 (189 bp)...done!
Finding genes in sequence #1124 (189 bp)...done!
Finding genes in sequence #1125 (189 bp)...done!
Finding genes in sequence #1126 (189 bp)...done!
Finding genes in sequence #1127 (188 bp)...done!
Finding genes in sequence #1128 (188 bp)...done!
Finding genes in sequence #1129 (188 bp)...done!
Finding genes in sequence #1130 (188 bp)...done!
Finding genes in sequence #1131 (187 bp)...done!
Finding genes in sequence #1132 (187 bp)...done!
Finding genes in sequence #1133 (186 bp)...done!
Finding genes in sequence #1134 (186 bp)...done!
Finding genes in sequence #1135 (186 bp)...done!
Finding genes in sequence #1136 (185 bp)...done!
Finding genes in sequence #1137 (185 bp)...done!
Finding genes in sequence #1138 (184 bp)...done!
Finding genes in sequence #1139 (184 bp)...done!
Finding genes in sequence #1140 (184 bp)...done!
Finding genes in sequence #1141 (184 bp)...done!
Finding genes in sequence #1142 (183 bp)...done!
Finding genes in sequence #1143 (182 bp)...done!
Finding genes in sequence #1144 (182 bp)...done!
Finding genes in sequence #1145 (182 bp)...done!
Finding genes in sequence #1146 (182 bp)...done!
Finding genes in sequence #1147 (182 bp)...done!
Finding genes in sequence #1148 (182 bp)...done!
Finding genes in sequence #1149 (181 bp)...done!
Finding genes in sequence #1150 (181 bp)...done!
Finding genes in sequence #1151 (181 bp)...done!
Finding genes in sequence #1152 (181 bp)...done!
Finding genes in sequence #1153 (180 bp)...done!
Finding genes in sequence #1154 (180 bp)...done!
Finding genes in sequence #1155 (180 bp)...done!
Finding genes in sequence #1156 (180 bp)...done!
Finding genes in sequence #1157 (178 bp)...done!
Finding genes in sequence #1158 (178 bp)...done!
Finding genes in sequence #1159 (178 bp)...done!
Finding genes in sequence #1160 (178 bp)...done!
Finding genes in sequence #1161 (178 bp)...done!
Finding genes in sequence #1162 (178 bp)...done!
Finding genes in sequence #1163 (178 bp)...done!
Finding genes in sequence #1164 (178 bp)...done!
Finding genes in sequence #1165 (178 bp)...done!
Finding genes in sequence #1166 (178 bp)...done!
Finding genes in sequence #1167 (177 bp)...done!
Finding genes in sequence #1168 (177 bp)...done!
Finding genes in sequence #1169 (177 bp)...done!
Finding genes in sequence #1170 (176 bp)...done!
Finding genes in sequence #1171 (176 bp)...done!
Finding genes in sequence #1172 (176 bp)...done!
Finding genes in sequence #1173 (175 bp)...done!
Finding genes in sequence #1174 (175 bp)...done!
Finding genes in sequence #1175 (175 bp)...done!
Finding genes in sequence #1176 (174 bp)...done!
Finding genes in sequence #1177 (174 bp)...done!
Finding genes in sequence #1178 (173 bp)...done!
Finding genes in sequence #1179 (173 bp)...done!
Finding genes in sequence #1180 (173 bp)...done!
Finding genes in sequence #1181 (173 bp)...done!
Finding genes in sequence #1182 (172 bp)...done!
Finding genes in sequence #1183 (172 bp)...done!
Finding genes in sequence #1184 (172 bp)...done!
Finding genes in sequence #1185 (171 bp)...done!
Finding genes in sequence #1186 (171 bp)...done!
Finding genes in sequence #1187 (171 bp)...done!
Finding genes in sequence #1188 (171 bp)...done!
Finding genes in sequence #1189 (171 bp)...done!
Finding genes in sequence #1190 (169 bp)...done!
Finding genes in sequence #1191 (168 bp)...done!
Finding genes in sequence #1192 (168 bp)...done!
Finding genes in sequence #1193 (168 bp)...done!
Finding genes in sequence #1194 (168 bp)...done!
Finding genes in sequence #1195 (168 bp)...done!
Finding genes in sequence #1196 (168 bp)...done!
Finding genes in sequence #1197 (167 bp)...done!
Finding genes in sequence #1198 (167 bp)...done!
Finding genes in sequence #1199 (167 bp)...done!
Finding genes in sequence #1200 (167 bp)...done!
Finding genes in sequence #1201 (167 bp)...done!
Finding genes in sequence #1202 (166 bp)...done!
Finding genes in sequence #1203 (166 bp)...done!
Finding genes in sequence #1204 (166 bp)...done!
Finding genes in sequence #1205 (166 bp)...done!
Finding genes in sequence #1206 (166 bp)...done!
Finding genes in sequence #1207 (165 bp)...done!
Finding genes in sequence #1208 (165 bp)...done!
Finding genes in sequence #1209 (164 bp)...done!
Finding genes in sequence #1210 (164 bp)...done!
Finding genes in sequence #1211 (164 bp)...done!
Finding genes in sequence #1212 (164 bp)...done!
Finding genes in sequence #1213 (164 bp)...done!
Finding genes in sequence #1214 (163 bp)...done!
Finding genes in sequence #1215 (163 bp)...done!
Finding genes in sequence #1216 (163 bp)...done!
Finding genes in sequence #1217 (163 bp)...done!
Finding genes in sequence #1218 (163 bp)...done!
Finding genes in sequence #1219 (162 bp)...done!
Finding genes in sequence #1220 (162 bp)...done!
Finding genes in sequence #1221 (162 bp)...done!
Finding genes in sequence #1222 (162 bp)...done!
Finding genes in sequence #1223 (161 bp)...done!
Finding genes in sequence #1224 (161 bp)...done!
Finding genes in sequence #1225 (160 bp)...done!
Finding genes in sequence #1226 (159 bp)...done!
Finding genes in sequence #1227 (158 bp)...done!
Finding genes in sequence #1228 (158 bp)...done!
Finding genes in sequence #1229 (158 bp)...done!
Finding genes in sequence #1230 (157 bp)...done!
Finding genes in sequence #1231 (157 bp)...done!
Finding genes in sequence #1232 (157 bp)...done!
Finding genes in sequence #1233 (157 bp)...done!
Finding genes in sequence #1234 (157 bp)...done!
Finding genes in sequence #1235 (156 bp)...done!
Finding genes in sequence #1236 (156 bp)...done!
Finding genes in sequence #1237 (156 bp)...done!
Finding genes in sequence #1238 (156 bp)...done!
Finding genes in sequence #1239 (156 bp)...done!
Finding genes in sequence #1240 (155 bp)...done!
Finding genes in sequence #1241 (155 bp)...done!
Finding genes in sequence #1242 (155 bp)...done!
Finding genes in sequence #1243 (155 bp)...done!
Finding genes in sequence #1244 (155 bp)...done!
Finding genes in sequence #1245 (155 bp)...done!
Finding genes in sequence #1246 (155 bp)...done!
Finding genes in sequence #1247 (155 bp)...done!
Finding genes in sequence #1248 (155 bp)...done!
Finding genes in sequence #1249 (155 bp)...done!
Finding genes in sequence #1250 (155 bp)...done!
Finding genes in sequence #1251 (155 bp)...done!
Finding genes in sequence #1252 (155 bp)...done!
Finding genes in sequence #1253 (155 bp)...done!
Finding genes in sequence #1254 (155 bp)...done!
Finding genes in sequence #1255 (155 bp)...done!
Finding genes in sequence #1256 (155 bp)...done!
Finding genes in sequence #1257 (155 bp)...done!
Finding genes in sequence #1258 (155 bp)...done!
Finding genes in sequence #1259 (154 bp)...done!
Finding genes in sequence #1260 (154 bp)...done!
Finding genes in sequence #1261 (154 bp)...done!
Finding genes in sequence #1262 (154 bp)...done!
Finding genes in sequence #1263 (154 bp)...done!
Finding genes in sequence #1264 (154 bp)...done!
Finding genes in sequence #1265 (154 bp)...done!
Finding genes in sequence #1266 (154 bp)...done!
Finding genes in sequence #1267 (154 bp)...done!
Finding genes in sequence #1268 (154 bp)...done!
Finding genes in sequence #1269 (154 bp)...done!
Finding genes in sequence #1270 (154 bp)...done!
Finding genes in sequence #1271 (154 bp)...done!
Finding genes in sequence #1272 (154 bp)...done!
Finding genes in sequence #1273 (153 bp)...done!
Finding genes in sequence #1274 (153 bp)...done!
Finding genes in sequence #1275 (153 bp)...done!
Finding genes in sequence #1276 (153 bp)...done!
Finding genes in sequence #1277 (153 bp)...done!
Finding genes in sequence #1278 (153 bp)...done!
Finding genes in sequence #1279 (153 bp)...done!
Finding genes in sequence #1280 (153 bp)...done!
Finding genes in sequence #1281 (153 bp)...done!
Finding genes in sequence #1282 (153 bp)...done!
Finding genes in sequence #1283 (153 bp)...done!
Finding genes in sequence #1284 (153 bp)...done!
Finding genes in sequence #1285 (153 bp)...done!
Finding genes in sequence #1286 (153 bp)...done!
Finding genes in sequence #1287 (153 bp)...done!
Finding genes in sequence #1288 (152 bp)...done!
Finding genes in sequence #1289 (152 bp)...done!
Finding genes in sequence #1290 (152 bp)...done!
Finding genes in sequence #1291 (152 bp)...done!
Finding genes in sequence #1292 (152 bp)...done!
Finding genes in sequence #1293 (152 bp)...done!
Finding genes in sequence #1294 (152 bp)...done!
Finding genes in sequence #1295 (152 bp)...done!
Finding genes in sequence #1296 (152 bp)...done!
Finding genes in sequence #1297 (152 bp)...done!
Finding genes in sequence #1298 (152 bp)...done!
Finding genes in sequence #1299 (152 bp)...done!
Finding genes in sequence #1300 (152 bp)...done!
Finding genes in sequence #1301 (152 bp)...done!
Finding genes in sequence #1302 (152 bp)...done!
Finding genes in sequence #1303 (152 bp)...done!
Finding genes in sequence #1304 (152 bp)...done!
Finding genes in sequence #1305 (152 bp)...done!
Finding genes in sequence #1306 (152 bp)...done!
Finding genes in sequence #1307 (152 bp)...done!
Finding genes in sequence #1308 (152 bp)...done!
Finding genes in sequence #1309 (152 bp)...done!
Finding genes in sequence #1310 (152 bp)...done!
Finding genes in sequence #1311 (151 bp)...done!
Finding genes in sequence #1312 (151 bp)...done!
Finding genes in sequence #1313 (151 bp)...done!
Finding genes in sequence #1314 (151 bp)...done!
Finding genes in sequence #1315 (151 bp)...done!
Finding genes in sequence #1316 (151 bp)...done!
Finding genes in sequence #1317 (151 bp)...done!
Finding genes in sequence #1318 (151 bp)...done!
Finding genes in sequence #1319 (151 bp)...done!
Finding genes in sequence #1320 (151 bp)...done!
Finding genes in sequence #1321 (151 bp)...done!
Finding genes in sequence #1322 (151 bp)...done!
Finding genes in sequence #1323 (150 bp)...done!
Finding genes in sequence #1324 (150 bp)...done!
Finding genes in sequence #1325 (150 bp)...done!
Finding genes in sequence #1326 (150 bp)...done!
Finding genes in sequence #1327 (150 bp)...done!
Finding genes in sequence #1328 (150 bp)...done!
Finding genes in sequence #1329 (150 bp)...done!
Finding genes in sequence #1330 (150 bp)...done!
Finding genes in sequence #1331 (150 bp)...done!
Finding genes in sequence #1332 (149 bp)...done!
Finding genes in sequence #1333 (149 bp)...done!
Finding genes in sequence #1334 (149 bp)...done!
Finding genes in sequence #1335 (149 bp)...done!
Finding genes in sequence #1336 (149 bp)...done!
Finding genes in sequence #1337 (149 bp)...done!
Finding genes in sequence #1338 (149 bp)...done!
Finding genes in sequence #1339 (149 bp)...done!
Finding genes in sequence #1340 (149 bp)...done!
Finding genes in sequence #1341 (149 bp)...done!
Finding genes in sequence #1342 (149 bp)...done!
Finding genes in sequence #1343 (149 bp)...done!
Finding genes in sequence #1344 (149 bp)...done!
Finding genes in sequence #1345 (149 bp)...done!
Finding genes in sequence #1346 (149 bp)...done!
Finding genes in sequence #1347 (148 bp)...done!
Finding genes in sequence #1348 (148 bp)...done!
Finding genes in sequence #1349 (148 bp)...done!
Finding genes in sequence #1350 (148 bp)...done!
Finding genes in sequence #1351 (148 bp)...done!
Finding genes in sequence #1352 (148 bp)...done!
Finding genes in sequence #1353 (148 bp)...done!
Finding genes in sequence #1354 (148 bp)...done!
Finding genes in sequence #1355 (148 bp)...done!
Finding genes in sequence #1356 (148 bp)...done!
Finding genes in sequence #1357 (148 bp)...done!
Finding genes in sequence #1358 (148 bp)...done!
Finding genes in sequence #1359 (148 bp)...done!
Finding genes in sequence #1360 (148 bp)...done!
Finding genes in sequence #1361 (148 bp)...done!
Finding genes in sequence #1362 (148 bp)...done!
Finding genes in sequence #1363 (148 bp)...done!
Finding genes in sequence #1364 (148 bp)...done!
Finding genes in sequence #1365 (148 bp)...done!
Finding genes in sequence #1366 (148 bp)...done!
Finding genes in sequence #1367 (148 bp)...done!
Finding genes in sequence #1368 (148 bp)...done!
Finding genes in sequence #1369 (148 bp)...done!
Finding genes in sequence #1370 (148 bp)...done!
Finding genes in sequence #1371 (147 bp)...done!
Finding genes in sequence #1372 (147 bp)...done!
Finding genes in sequence #1373 (147 bp)...done!
Finding genes in sequence #1374 (147 bp)...done!
Finding genes in sequence #1375 (147 bp)...done!
Finding genes in sequence #1376 (147 bp)...done!
Finding genes in sequence #1377 (147 bp)...done!
Finding genes in sequence #1378 (147 bp)...done!
Finding genes in sequence #1379 (147 bp)...done!
Finding genes in sequence #1380 (147 bp)...done!
Finding genes in sequence #1381 (147 bp)...done!
Finding genes in sequence #1382 (146 bp)...done!
Finding genes in sequence #1383 (146 bp)...done!
Finding genes in sequence #1384 (146 bp)...done!
Finding genes in sequence #1385 (146 bp)...done!
Finding genes in sequence #1386 (146 bp)...done!
Finding genes in sequence #1387 (146 bp)...done!
Finding genes in sequence #1388 (146 bp)...done!
Finding genes in sequence #1389 (146 bp)...done!
Finding genes in sequence #1390 (146 bp)...done!
Finding genes in sequence #1391 (146 bp)...done!
Finding genes in sequence #1392 (146 bp)...done!
Finding genes in sequence #1393 (146 bp)...done!
Finding genes in sequence #1394 (146 bp)...done!
Finding genes in sequence #1395 (146 bp)...done!
Finding genes in sequence #1396 (146 bp)...done!
Finding genes in sequence #1397 (146 bp)...done!
Finding genes in sequence #1398 (146 bp)...done!
Finding genes in sequence #1399 (146 bp)...done!
Finding genes in sequence #1400 (146 bp)...done!
Finding genes in sequence #1401 (145 bp)...done!
Finding genes in sequence #1402 (145 bp)...done!
Finding genes in sequence #1403 (145 bp)...done!
Finding genes in sequence #1404 (145 bp)...done!
Finding genes in sequence #1405 (145 bp)...done!
Finding genes in sequence #1406 (145 bp)...done!
Finding genes in sequence #1407 (145 bp)...done!
Finding genes in sequence #1408 (144 bp)...done!
Finding genes in sequence #1409 (144 bp)...done!
Finding genes in sequence #1410 (144 bp)...done!
Finding genes in sequence #1411 (144 bp)...done!
Finding genes in sequence #1412 (144 bp)...done!
Finding genes in sequence #1413 (143 bp)...done!
Finding genes in sequence #1414 (143 bp)...done!
Finding genes in sequence #1415 (143 bp)...done!
Finding genes in sequence #1416 (143 bp)...done!
Finding genes in sequence #1417 (143 bp)...done!
Finding genes in sequence #1418 (142 bp)...done!
Finding genes in sequence #1419 (142 bp)...done!
Finding genes in sequence #1420 (142 bp)...done!
Finding genes in sequence #1421 (142 bp)...done!
Finding genes in sequence #1422 (142 bp)...done!
Finding genes in sequence #1423 (142 bp)...done!
Finding genes in sequence #1424 (142 bp)...done!
Finding genes in sequence #1425 (142 bp)...done!
Finding genes in sequence #1426 (141 bp)...done!
Finding genes in sequence #1427 (141 bp)...done!
Finding genes in sequence #1428 (141 bp)...done!
Finding genes in sequence #1429 (141 bp)...done!
Finding genes in sequence #1430 (141 bp)...done!
Finding genes in sequence #1431 (141 bp)...done!
Finding genes in sequence #1432 (141 bp)...done!
Finding genes in sequence #1433 (141 bp)...done!
Finding genes in sequence #1434 (141 bp)...done!
Finding genes in sequence #1435 (140 bp)...done!
Finding genes in sequence #1436 (140 bp)...done!
Finding genes in sequence #1437 (140 bp)...done!
Finding genes in sequence #1438 (140 bp)...done!
Finding genes in sequence #1439 (140 bp)...done!
Finding genes in sequence #1440 (139 bp)...done!
Finding genes in sequence #1441 (139 bp)...done!
Finding genes in sequence #1442 (139 bp)...done!
Finding genes in sequence #1443 (138 bp)...done!
Finding genes in sequence #1444 (138 bp)...done!
Finding genes in sequence #1445 (138 bp)...done!
Finding genes in sequence #1446 (138 bp)...done!
Finding genes in sequence #1447 (138 bp)...done!
Finding genes in sequence #1448 (138 bp)...done!
Finding genes in sequence #1449 (138 bp)...done!
Finding genes in sequence #1450 (138 bp)...done!
Finding genes in sequence #1451 (137 bp)...done!
Finding genes in sequence #1452 (137 bp)...done!
Finding genes in sequence #1453 (137 bp)...done!
Finding genes in sequence #1454 (137 bp)...done!
Finding genes in sequence #1455 (137 bp)...done!
Finding genes in sequence #1456 (137 bp)...done!
Finding genes in sequence #1457 (137 bp)...done!
Finding genes in sequence #1458 (137 bp)...done!
Finding genes in sequence #1459 (137 bp)...done!
Finding genes in sequence #1460 (137 bp)...done!
Finding genes in sequence #1461 (137 bp)...done!
Finding genes in sequence #1462 (137 bp)...done!
Finding genes in sequence #1463 (137 bp)...done!
Finding genes in sequence #1464 (137 bp)...done!
Finding genes in sequence #1465 (137 bp)...done!
Finding genes in sequence #1466 (136 bp)...done!
Finding genes in sequence #1467 (136 bp)...done!
Finding genes in sequence #1468 (136 bp)...done!
Finding genes in sequence #1469 (136 bp)...done!
Finding genes in sequence #1470 (136 bp)...done!
Finding genes in sequence #1471 (136 bp)...done!
Finding genes in sequence #1472 (136 bp)...done!
Finding genes in sequence #1473 (136 bp)...done!
Finding genes in sequence #1474 (136 bp)...done!
Finding genes in sequence #1475 (136 bp)...done!
Finding genes in sequence #1476 (136 bp)...done!
Finding genes in sequence #1477 (136 bp)...done!
Finding genes in sequence #1478 (135 bp)...done!
Finding genes in sequence #1479 (135 bp)...done!
Finding genes in sequence #1480 (135 bp)...done!
Finding genes in sequence #1481 (135 bp)...done!
Finding genes in sequence #1482 (135 bp)...done!
Finding genes in sequence #1483 (135 bp)...done!
Finding genes in sequence #1484 (135 bp)...done!
Finding genes in sequence #1485 (135 bp)...done!
Finding genes in sequence #1486 (135 bp)...done!
Finding genes in sequence #1487 (134 bp)...done!
Finding genes in sequence #1488 (134 bp)...done!
Finding genes in sequence #1489 (134 bp)...done!
Finding genes in sequence #1490 (134 bp)...done!
Finding genes in sequence #1491 (134 bp)...done!
Finding genes in sequence #1492 (134 bp)...done!
Finding genes in sequence #1493 (134 bp)...done!
Finding genes in sequence #1494 (134 bp)...done!
Finding genes in sequence #1495 (134 bp)...done!
Finding genes in sequence #1496 (134 bp)...done!
Finding genes in sequence #1497 (134 bp)...done!
Finding genes in sequence #1498 (133 bp)...done!
Finding genes in sequence #1499 (133 bp)...done!
Finding genes in sequence #1500 (133 bp)...done!
Finding genes in sequence #1501 (133 bp)...done!
Finding genes in sequence #1502 (133 bp)...done!
Finding genes in sequence #1503 (133 bp)...done!
Finding genes in sequence #1504 (133 bp)...done!
Finding genes in sequence #1505 (132 bp)...done!
Finding genes in sequence #1506 (132 bp)...done!
Finding genes in sequence #1507 (132 bp)...done!
Finding genes in sequence #1508 (131 bp)...done!
Finding genes in sequence #1509 (131 bp)...done!
Finding genes in sequence #1510 (131 bp)...done!
Finding genes in sequence #1511 (131 bp)...done!
Finding genes in sequence #1512 (131 bp)...done!
Finding genes in sequence #1513 (131 bp)...done!
Finding genes in sequence #1514 (131 bp)...done!
Finding genes in sequence #1515 (131 bp)...done!
Finding genes in sequence #1516 (131 bp)...done!
Finding genes in sequence #1517 (131 bp)...done!
Finding genes in sequence #1518 (131 bp)...done!
Finding genes in sequence #1519 (130 bp)...done!
Finding genes in sequence #1520 (130 bp)...done!
Finding genes in sequence #1521 (130 bp)...done!
Finding genes in sequence #1522 (130 bp)...done!
Finding genes in sequence #1523 (129 bp)...done!
Finding genes in sequence #1524 (129 bp)...done!
Finding genes in sequence #1525 (129 bp)...done!
Finding genes in sequence #1526 (129 bp)...done!
Finding genes in sequence #1527 (128 bp)...done!
Finding genes in sequence #1528 (128 bp)...done!
Finding genes in sequence #1529 (128 bp)...done!
Finding genes in sequence #1530 (128 bp)...done!
Finding genes in sequence #1531 (128 bp)...done!
Finding genes in sequence #1532 (127 bp)...done!
Finding genes in sequence #1533 (127 bp)...done!
Finding genes in sequence #1534 (127 bp)...done!
Finding genes in sequence #1535 (127 bp)...done!
Finding genes in sequence #1536 (126 bp)...done!
Finding genes in sequence #1537 (126 bp)...done!
Finding genes in sequence #1538 (126 bp)...done!
Finding genes in sequence #1539 (126 bp)...done!
Finding genes in sequence #1540 (126 bp)...done!
Finding genes in sequence #1541 (126 bp)...done!
Finding genes in sequence #1542 (126 bp)...done!
Finding genes in sequence #1543 (126 bp)...done!
Finding genes in sequence #1544 (126 bp)...done!
Finding genes in sequence #1545 (126 bp)...done!
Finding genes in sequence #1546 (125 bp)...done!
Finding genes in sequence #1547 (125 bp)...done!
Finding genes in sequence #1548 (125 bp)...done!
Finding genes in sequence #1549 (125 bp)...done!
Finding genes in sequence #1550 (125 bp)...done!
Finding genes in sequence #1551 (125 bp)...done!
Finding genes in sequence #1552 (124 bp)...done!
Finding genes in sequence #1553 (124 bp)...done!
Finding genes in sequence #1554 (124 bp)...done!
Finding genes in sequence #1555 (124 bp)...done!
Finding genes in sequence #1556 (124 bp)...done!
Finding genes in sequence #1557 (124 bp)...done!
Finding genes in sequence #1558 (124 bp)...done!
Finding genes in sequence #1559 (123 bp)...done!
Finding genes in sequence #1560 (123 bp)...done!
Finding genes in sequence #1561 (123 bp)...done!
Finding genes in sequence #1562 (123 bp)...done!
Finding genes in sequence #1563 (123 bp)...done!
Finding genes in sequence #1564 (122 bp)...done!
Finding genes in sequence #1565 (122 bp)...done!
Finding genes in sequence #1566 (122 bp)...done!
Finding genes in sequence #1567 (122 bp)...done!
Finding genes in sequence #1568 (122 bp)...done!
Finding genes in sequence #1569 (122 bp)...done!
Finding genes in sequence #1570 (122 bp)...done!
Finding genes in sequence #1571 (122 bp)...done!
Finding genes in sequence #1572 (122 bp)...done!
Finding genes in sequence #1573 (121 bp)...done!
Finding genes in sequence #1574 (121 bp)...done!
Finding genes in sequence #1575 (121 bp)...done!
Finding genes in sequence #1576 (121 bp)...done!
Finding genes in sequence #1577 (121 bp)...done!
Finding genes in sequence #1578 (121 bp)...done!
Finding genes in sequence #1579 (121 bp)...done!
Finding genes in sequence #1580 (121 bp)...done!
Finding genes in sequence #1581 (121 bp)...done!
Finding genes in sequence #1582 (120 bp)...done!
Finding genes in sequence #1583 (120 bp)...done!
Finding genes in sequence #1584 (120 bp)...done!
Finding genes in sequence #1585 (120 bp)...done!
Finding genes in sequence #1586 (120 bp)...done!
Finding genes in sequence #1587 (120 bp)...done!
Finding genes in sequence #1588 (120 bp)...done!
Finding genes in sequence #1589 (120 bp)...done!
Finding genes in sequence #1590 (120 bp)...done!
Finding genes in sequence #1591 (120 bp)...done!
Finding genes in sequence #1592 (120 bp)...done!
Finding genes in sequence #1593 (120 bp)...done!
Finding genes in sequence #1594 (119 bp)...done!
Finding genes in sequence #1595 (119 bp)...done!
Finding genes in sequence #1596 (119 bp)...done!
Finding genes in sequence #1597 (119 bp)...done!
Finding genes in sequence #1598 (119 bp)...done!
Finding genes in sequence #1599 (119 bp)...done!
Finding genes in sequence #1600 (119 bp)...done!
Finding genes in sequence #1601 (119 bp)...done!
Finding genes in sequence #1602 (119 bp)...done!
Finding genes in sequence #1603 (118 bp)...done!
Finding genes in sequence #1604 (118 bp)...done!
Finding genes in sequence #1605 (118 bp)...done!
Finding genes in sequence #1606 (118 bp)...done!
Finding genes in sequence #1607 (118 bp)...done!
Finding genes in sequence #1608 (118 bp)...done!
Finding genes in sequence #1609 (117 bp)...done!
Finding genes in sequence #1610 (117 bp)...done!
Finding genes in sequence #1611 (117 bp)...done!
Finding genes in sequence #1612 (117 bp)...done!
Finding genes in sequence #1613 (117 bp)...done!
Finding genes in sequence #1614 (116 bp)...done!
Finding genes in sequence #1615 (116 bp)...done!
Finding genes in sequence #1616 (116 bp)...done!
Finding genes in sequence #1617 (116 bp)...done!
Finding genes in sequence #1618 (116 bp)...done!
Finding genes in sequence #1619 (116 bp)...done!
Finding genes in sequence #1620 (116 bp)...done!
Finding genes in sequence #1621 (115 bp)...done!
Finding genes in sequence #1622 (115 bp)...done!
Finding genes in sequence #1623 (115 bp)...done!
Finding genes in sequence #1624 (115 bp)...done!
Finding genes in sequence #1625 (114 bp)...done!
Finding genes in sequence #1626 (114 bp)...done!
Finding genes in sequence #1627 (114 bp)...done!
Finding genes in sequence #1628 (114 bp)...done!
Finding genes in sequence #1629 (114 bp)...done!
Finding genes in sequence #1630 (114 bp)...done!
Finding genes in sequence #1631 (113 bp)...done!
Finding genes in sequence #1632 (113 bp)...done!
Finding genes in sequence #1633 (113 bp)...done!
Finding genes in sequence #1634 (113 bp)...done!
Finding genes in sequence #1635 (112 bp)...done!
Finding genes in sequence #1636 (112 bp)...done!
Finding genes in sequence #1637 (112 bp)...done!
Finding genes in sequence #1638 (112 bp)...done!
Finding genes in sequence #1639 (112 bp)...done!
Finding genes in sequence #1640 (112 bp)...done!
Finding genes in sequence #1641 (111 bp)...done!
Finding genes in sequence #1642 (111 bp)...done!
Finding genes in sequence #1643 (111 bp)...done!
Finding genes in sequence #1644 (110 bp)...done!
Finding genes in sequence #1645 (110 bp)...done!
Finding genes in sequence #1646 (110 bp)...done!
Finding genes in sequence #1647 (110 bp)...done!
Finding genes in sequence #1648 (110 bp)...done!
Finding genes in sequence #1649 (110 bp)...done!
Finding genes in sequence #1650 (110 bp)...done!
Finding genes in sequence #1651 (110 bp)...done!
Finding genes in sequence #1652 (110 bp)...done!
Finding genes in sequence #1653 (110 bp)...done!
Finding genes in sequence #1654 (110 bp)...done!
Finding genes in sequence #1655 (110 bp)...done!
Finding genes in sequence #1656 (110 bp)...done!
Finding genes in sequence #1657 (110 bp)...done!
Finding genes in sequence #1658 (109 bp)...done!
Finding genes in sequence #1659 (109 bp)...done!
Finding genes in sequence #1660 (109 bp)...done!
Finding genes in sequence #1661 (109 bp)...done!
Finding genes in sequence #1662 (109 bp)...done!
Finding genes in sequence #1663 (109 bp)...done!
Finding genes in sequence #1664 (109 bp)...done!
Finding genes in sequence #1665 (108 bp)...done!
Finding genes in sequence #1666 (108 bp)...done!
Finding genes in sequence #1667 (108 bp)...done!
Finding genes in sequence #1668 (108 bp)...done!
Finding genes in sequence #1669 (108 bp)...done!
Finding genes in sequence #1670 (108 bp)...done!
Finding genes in sequence #1671 (107 bp)...done!
Finding genes in sequence #1672 (107 bp)...done!
Finding genes in sequence #1673 (107 bp)...done!
Finding genes in sequence #1674 (107 bp)...done!
Finding genes in sequence #1675 (107 bp)...done!
Finding genes in sequence #1676 (107 bp)...done!
Finding genes in sequence #1677 (106 bp)...done!
Finding genes in sequence #1678 (106 bp)...done!
Finding genes in sequence #1679 (106 bp)...done!
Finding genes in sequence #1680 (106 bp)...done!
Finding genes in sequence #1681 (106 bp)...done!
Finding genes in sequence #1682 (105 bp)...done!
Finding genes in sequence #1683 (105 bp)...done!
Finding genes in sequence #1684 (105 bp)...done!
Finding genes in sequence #1685 (105 bp)...done!
Finding genes in sequence #1686 (105 bp)...done!
Finding genes in sequence #1687 (105 bp)...done!
Finding genes in sequence #1688 (105 bp)...done!
Finding genes in sequence #1689 (105 bp)...done!
Finding genes in sequence #1690 (105 bp)...done!
Finding genes in sequence #1691 (105 bp)...done!
Finding genes in sequence #1692 (105 bp)...done!
Finding genes in sequence #1693 (105 bp)...done!
Finding genes in sequence #1694 (105 bp)...done!
Finding genes in sequence #1695 (104 bp)...done!
Finding genes in sequence #1696 (104 bp)...done!
Finding genes in sequence #1697 (104 bp)...done!
Finding genes in sequence #1698 (104 bp)...done!
Finding genes in sequence #1699 (104 bp)...done!
Finding genes in sequence #1700 (104 bp)...done!
Finding genes in sequence #1701 (104 bp)...done!
Finding genes in sequence #1702 (104 bp)...done!
Finding genes in sequence #1703 (104 bp)...done!
Finding genes in sequence #1704 (104 bp)...done!
Finding genes in sequence #1705 (103 bp)...done!
Finding genes in sequence #1706 (103 bp)...done!
Finding genes in sequence #1707 (103 bp)...done!
Finding genes in sequence #1708 (103 bp)...done!
Finding genes in sequence #1709 (103 bp)...done!
Finding genes in sequence #1710 (103 bp)...done!
Finding genes in sequence #1711 (103 bp)...done!
Finding genes in sequence #1712 (103 bp)...done!
Finding genes in sequence #1713 (102 bp)...done!
Finding genes in sequence #1714 (102 bp)...done!
Finding genes in sequence #1715 (102 bp)...done!
Finding genes in sequence #1716 (102 bp)...done!
Finding genes in sequence #1717 (102 bp)...done!
Finding genes in sequence #1718 (102 bp)...done!
Finding genes in sequence #1719 (101 bp)...done!
Finding genes in sequence #1720 (101 bp)...done!
Finding genes in sequence #1721 (101 bp)...done!
Finding genes in sequence #1722 (101 bp)...done!
Finding genes in sequence #1723 (101 bp)...done!
Finding genes in sequence #1724 (101 bp)...done!
Finding genes in sequence #1725 (101 bp)...done!
Finding genes in sequence #1726 (100 bp)...done!
Finding genes in sequence #1727 (100 bp)...done!
Finding genes in sequence #1728 (100 bp)...done!
Finding genes in sequence #1729 (100 bp)...done!
Finding genes in sequence #1730 (99 bp)...done!
Finding genes in sequence #1731 (99 bp)...done!
Finding genes in sequence #1732 (99 bp)...done!
Finding genes in sequence #1733 (99 bp)...done!
Finding genes in sequence #1734 (99 bp)...done!
Finding genes in sequence #1735 (98 bp)...done!
Finding genes in sequence #1736 (98 bp)...done!
Finding genes in sequence #1737 (98 bp)...done!
Finding genes in sequence #1738 (98 bp)...done!
Finding genes in sequence #1739 (98 bp)...done!
Finding genes in sequence #1740 (98 bp)...done!
Finding genes in sequence #1741 (98 bp)...done!
Finding genes in sequence #1742 (98 bp)...done!
Finding genes in sequence #1743 (98 bp)...done!
Finding genes in sequence #1744 (98 bp)...done!
Finding genes in sequence #1745 (97 bp)...done!
Finding genes in sequence #1746 (97 bp)...done!
Finding genes in sequence #1747 (97 bp)...done!
Finding genes in sequence #1748 (96 bp)...done!
Finding genes in sequence #1749 (96 bp)...done!
Finding genes in sequence #1750 (96 bp)...done!
Finding genes in sequence #1751 (96 bp)...done!
Finding genes in sequence #1752 (96 bp)...done!
Finding genes in sequence #1753 (96 bp)...done!
Finding genes in sequence #1754 (96 bp)...done!
Finding genes in sequence #1755 (96 bp)...done!
Finding genes in sequence #1756 (96 bp)...done!
Finding genes in sequence #1757 (95 bp)...done!
Finding genes in sequence #1758 (95 bp)...done!
Finding genes in sequence #1759 (95 bp)...done!
Finding genes in sequence #1760 (95 bp)...done!
Finding genes in sequence #1761 (95 bp)...done!
Finding genes in sequence #1762 (95 bp)...done!
Finding genes in sequence #1763 (95 bp)...done!
Finding genes in sequence #1764 (95 bp)...done!
Finding genes in sequence #1765 (95 bp)...done!
Finding genes in sequence #1766 (94 bp)...done!
Finding genes in sequence #1767 (94 bp)...done!
Finding genes in sequence #1768 (94 bp)...done!
Finding genes in sequence #1769 (94 bp)...done!
Finding genes in sequence #1770 (94 bp)...done!
Finding genes in sequence #1771 (94 bp)...done!
Finding genes in sequence #1772 (94 bp)...done!
Finding genes in sequence #1773 (94 bp)...done!
Finding genes in sequence #1774 (93 bp)...done!
Finding genes in sequence #1775 (93 bp)...done!
Finding genes in sequence #1776 (93 bp)...done!
Finding genes in sequence #1777 (93 bp)...done!
Finding genes in sequence #1778 (93 bp)...done!
Finding genes in sequence #1779 (93 bp)...done!
Finding genes in sequence #1780 (93 bp)...done!
Finding genes in sequence #1781 (93 bp)...done!
Finding genes in sequence #1782 (93 bp)...done!
Finding genes in sequence #1783 (93 bp)...done!
Finding genes in sequence #1784 (93 bp)...done!
Finding genes in sequence #1785 (93 bp)...done!
Finding genes in sequence #1786 (93 bp)...done!
Finding genes in sequence #1787 (93 bp)...done!
Finding genes in sequence #1788 (93 bp)...done!
Finding genes in sequence #1789 (93 bp)...done!
Finding genes in sequence #1790 (93 bp)...done!
Finding genes in sequence #1791 (93 bp)...done!
Finding genes in sequence #1792 (92 bp)...done!
Finding genes in sequence #1793 (92 bp)...done!
Finding genes in sequence #1794 (92 bp)...done!
Finding genes in sequence #1795 (92 bp)...done!
Finding genes in sequence #1796 (92 bp)...done!
Finding genes in sequence #1797 (92 bp)...done!
Finding genes in sequence #1798 (92 bp)...done!
Finding genes in sequence #1799 (92 bp)...done!
Finding genes in sequence #1800 (92 bp)...done!
Finding genes in sequence #1801 (92 bp)...done!
Finding genes in sequence #1802 (92 bp)...done!
Finding genes in sequence #1803 (92 bp)...done!
Finding genes in sequence #1804 (92 bp)...done!
Finding genes in sequence #1805 (92 bp)...done!
Finding genes in sequence #1806 (91 bp)...done!
Finding genes in sequence #1807 (91 bp)...done!
Finding genes in sequence #1808 (91 bp)...done!
Finding genes in sequence #1809 (91 bp)...done!
Finding genes in sequence #1810 (91 bp)...done!
Finding genes in sequence #1811 (91 bp)...done!
Finding genes in sequence #1812 (91 bp)...done!
Finding genes in sequence #1813 (91 bp)...done!
Finding genes in sequence #1814 (91 bp)...done!
Finding genes in sequence #1815 (91 bp)...done!
Finding genes in sequence #1816 (91 bp)...done!
Finding genes in sequence #1817 (91 bp)...done!
Finding genes in sequence #1818 (90 bp)...done!
Finding genes in sequence #1819 (90 bp)...done!
Finding genes in sequence #1820 (89 bp)...done!
Finding genes in sequence #1821 (89 bp)...done!
Finding genes in sequence #1822 (89 bp)...done!
Finding genes in sequence #1823 (89 bp)...done!
Finding genes in sequence #1824 (89 bp)...done!
Finding genes in sequence #1825 (89 bp)...done!
Finding genes in sequence #1826 (88 bp)...done!
Finding genes in sequence #1827 (88 bp)...done!
Finding genes in sequence #1828 (88 bp)...done!
Finding genes in sequence #1829 (88 bp)...done!
Finding genes in sequence #1830 (88 bp)...done!
Finding genes in sequence #1831 (88 bp)...done!
Finding genes in sequence #1832 (88 bp)...done!
Finding genes in sequence #1833 (87 bp)...done!
Finding genes in sequence #1834 (87 bp)...done!
Finding genes in sequence #1835 (87 bp)...done!
Finding genes in sequence #1836 (87 bp)...done!
Finding genes in sequence #1837 (87 bp)...done!
Finding genes in sequence #1838 (87 bp)...done!
Finding genes in sequence #1839 (87 bp)...done!
Finding genes in sequence #1840 (87 bp)...done!
Finding genes in sequence #1841 (87 bp)...done!
Finding genes in sequence #1842 (87 bp)...done!
Finding genes in sequence #1843 (86 bp)...done!
Finding genes in sequence #1844 (86 bp)...done!
Finding genes in sequence #1845 (86 bp)...done!
Finding genes in sequence #1846 (86 bp)...done!
Finding genes in sequence #1847 (86 bp)...done!
Finding genes in sequence #1848 (86 bp)...done!
Finding genes in sequence #1849 (86 bp)...done!
Finding genes in sequence #1850 (86 bp)...done!
Finding genes in sequence #1851 (86 bp)...done!
Finding genes in sequence #1852 (86 bp)...done!
Finding genes in sequence #1853 (86 bp)...done!
Finding genes in sequence #1854 (85 bp)...done!
Finding genes in sequence #1855 (85 bp)...done!
Finding genes in sequence #1856 (85 bp)...done!
Finding genes in sequence #1857 (85 bp)...done!
Finding genes in sequence #1858 (85 bp)...done!
Finding genes in sequence #1859 (85 bp)...done!
Finding genes in sequence #1860 (85 bp)...done!
Finding genes in sequence #1861 (84 bp)...done!
Finding genes in sequence #1862 (84 bp)...done!
Finding genes in sequence #1863 (84 bp)...done!
Finding genes in sequence #1864 (84 bp)...done!
Finding genes in sequence #1865 (84 bp)...done!
Finding genes in sequence #1866 (84 bp)...done!
Finding genes in sequence #1867 (84 bp)...done!
Finding genes in sequence #1868 (84 bp)...done!
Finding genes in sequence #1869 (84 bp)...done!
Finding genes in sequence #1870 (84 bp)...done!
Finding genes in sequence #1871 (84 bp)...done!
Finding genes in sequence #1872 (84 bp)...done!
Finding genes in sequence #1873 (84 bp)...done!
Finding genes in sequence #1874 (84 bp)...done!
Finding genes in sequence #1875 (83 bp)...done!
Finding genes in sequence #1876 (83 bp)...done!
Finding genes in sequence #1877 (83 bp)...done!
Finding genes in sequence #1878 (83 bp)...done!
Finding genes in sequence #1879 (83 bp)...done!
Finding genes in sequence #1880 (83 bp)...done!
Finding genes in sequence #1881 (83 bp)...done!
Finding genes in sequence #1882 (83 bp)...done!
Finding genes in sequence #1883 (83 bp)...done!
Finding genes in sequence #1884 (83 bp)...done!
Finding genes in sequence #1885 (83 bp)...done!
Finding genes in sequence #1886 (83 bp)...done!
Finding genes in sequence #1887 (82 bp)...done!
Finding genes in sequence #1888 (82 bp)...done!
Finding genes in sequence #1889 (82 bp)...done!
Finding genes in sequence #1890 (82 bp)...done!
Finding genes in sequence #1891 (82 bp)...done!
Finding genes in sequence #1892 (82 bp)...done!
Finding genes in sequence #1893 (82 bp)...done!
Finding genes in sequence #1894 (82 bp)...done!
Finding genes in sequence #1895 (82 bp)...done!
Finding genes in sequence #1896 (82 bp)...done!
Finding genes in sequence #1897 (81 bp)...done!
Finding genes in sequence #1898 (81 bp)...done!
Finding genes in sequence #1899 (81 bp)...done!
Finding genes in sequence #1900 (81 bp)...done!
Finding genes in sequence #1901 (81 bp)...done!
Finding genes in sequence #1902 (81 bp)...done!
Finding genes in sequence #1903 (81 bp)...done!
Finding genes in sequence #1904 (81 bp)...done!
Finding genes in sequence #1905 (81 bp)...done!
Finding genes in sequence #1906 (81 bp)...done!
Finding genes in sequence #1907 (81 bp)...done!
Finding genes in sequence #1908 (81 bp)...done!
Finding genes in sequence #1909 (80 bp)...done!
Finding genes in sequence #1910 (80 bp)...done!
Finding genes in sequence #1911 (80 bp)...done!
Finding genes in sequence #1912 (80 bp)...done!
Finding genes in sequence #1913 (80 bp)...done!
Finding genes in sequence #1914 (80 bp)...done!
Finding genes in sequence #1915 (80 bp)...done!
Finding genes in sequence #1916 (80 bp)...done!
Finding genes in sequence #1917 (80 bp)...done!
Finding genes in sequence #1918 (80 bp)...done!
Finding genes in sequence #1919 (80 bp)...done!
Finding genes in sequence #1920 (79 bp)...done!
Finding genes in sequence #1921 (79 bp)...done!
Finding genes in sequence #1922 (79 bp)...done!
Finding genes in sequence #1923 (79 bp)...done!
Finding genes in sequence #1924 (79 bp)...done!
Finding genes in sequence #1925 (79 bp)...done!
Finding genes in sequence #1926 (79 bp)...done!
Finding genes in sequence #1927 (79 bp)...done!
Finding genes in sequence #1928 (79 bp)...done!
Finding genes in sequence #1929 (79 bp)...done!
Finding genes in sequence #1930 (79 bp)...done!
Finding genes in sequence #1931 (78 bp)...done!
Finding genes in sequence #1932 (78 bp)...done!
Finding genes in sequence #1933 (78 bp)...done!
Finding genes in sequence #1934 (78 bp)...done!
Finding genes in sequence #1935 (78 bp)...done!
Finding genes in sequence #1936 (78 bp)...done!
Finding genes in sequence #1937 (78 bp)...done!
Finding genes in sequence #1938 (78 bp)...done!
Finding genes in sequence #1939 (78 bp)...done!
Finding genes in sequence #1940 (78 bp)...done!
Finding genes in sequence #1941 (78 bp)...done!
Finding genes in sequence #1942 (78 bp)...done!
Finding genes in sequence #1943 (78 bp)...done!
Finding genes in sequence #1944 (78 bp)...done!
Finding genes in sequence #1945 (78 bp)...done!
Finding genes in sequence #1946 (78 bp)...done!
Finding genes in sequence #1947 (78 bp)...done!
Finding genes in sequence #1948 (78 bp)...done!
Finding genes in sequence #1949 (78 bp)...done!
Finding genes in sequence #1950 (78 bp)...done!
Finding genes in sequence #1951 (78 bp)...done!
Finding genes in sequence #1952 (78 bp)...done!
Finding genes in sequence #1953 (78 bp)...done!
Finding genes in sequence #1954 (78 bp)...done!
Finding genes in sequence #1955 (78 bp)...done!
Finding genes in sequence #1956 (78 bp)...done!
Finding genes in sequence #1957 (78 bp)...done!
Finding genes in sequence #1958 (78 bp)...done!
Finding genes in sequence #1959 (78 bp)...done!
Finding genes in sequence #1960 (78 bp)...done!
Finding genes in sequence #1961 (78 bp)...done!
Finding genes in sequence #1962 (78 bp)...done!
Finding genes in sequence #1963 (78 bp)...done!
Finding genes in sequence #1964 (78 bp)...done!
Finding genes in sequence #1965 (78 bp)...done!
Finding genes in sequence #1966 (78 bp)...done!
